<?xml version="1.0" encoding="UTF-8"?>
<testsuite xmlns:xsi="http://www.w3.org/2001/XMLSchema-instance" xsi:noNamespaceSchemaLocation="https://maven.apache.org/surefire/maven-surefire-plugin/xsd/surefire-test-report-3.0.xsd" version="3.0" name="com.nancynahra.lil.learning_spring.LearningSpringApplicationTests" time="1.921" tests="1" errors="1" skipped="0" failures="0">
  <properties>
[...]
</properties>
  <testcase name="contextLoads" classname="com.nancynahra.lil.learning_spring.LearningSpringApplicationTests" time="0.002">
    <error message="Failed to load ApplicationContext for [WebMergedContextConfiguration@44b5b54 testClass = com.nancynahra.lil.learning_spring.LearningSpringApplicationTests, locations = [], classes = [com.nancynahra.lil.learning_spring.LearningSpringApplication], contextInitializerClasses = [], activeProfiles = [], propertySourceDescriptors = [], propertySourceProperties = [&quot;org.springframework.boot.test.context.SpringBootTestContextBootstrapper=true&quot;], contextCustomizers = [org.springframework.boot.test.context.filter.ExcludeFilterContextCustomizer@524f3b3a, org.springframework.boot.test.json.DuplicateJsonObjectContextCustomizerFactory$DuplicateJsonObjectContextCustomizer@77102b91, org.springframework.boot.test.mock.mockito.MockitoContextCustomizer@0, org.springframework.boot.test.web.client.TestRestTemplateContextCustomizer@1b84f475, org.springframework.boot.test.web.reactor.netty.DisableReactorResourceFactoryGlobalResourcesContextCustomizerFactory$DisableReactorResourceFactoryGlobalResourcesContextCustomizerCustomizer@19e4fcac, org.springframework.boot.test.autoconfigure.actuate.observability.ObservabilityContextCustomizerFactory$DisableObservabilityContextCustomizer@1f, org.springframework.boot.test.autoconfigure.properties.PropertyMappingContextCustomizer@0, org.springframework.boot.test.autoconfigure.web.servlet.WebDriverContextCustomizer@41709512, org.springframework.boot.test.context.SpringBootTestAnnotation@5677b501], resourceBasePath = &quot;src/main/webapp&quot;, contextLoader = org.springframework.boot.test.context.SpringBootContextLoader, parent = null]" type="java.lang.IllegalStateException"><![CDATA[java.lang.IllegalStateException: Failed to load ApplicationContext for [WebMergedContextConfiguration@44b5b54 testClass = com.nancynahra.lil.learning_spring.LearningSpringApplicationTests, locations = [], classes = [com.nancynahra.lil.learning_spring.LearningSpringApplication], contextInitializerClasses = [], activeProfiles = [], propertySourceDescriptors = [], propertySourceProperties = ["org.springframework.boot.test.context.SpringBootTestContextBootstrapper=true"], contextCustomizers = [org.springframework.boot.test.context.filter.ExcludeFilterContextCustomizer@524f3b3a, org.springframework.boot.test.json.DuplicateJsonObjectContextCustomizerFactory$DuplicateJsonObjectContextCustomizer@77102b91, org.springframework.boot.test.mock.mockito.MockitoContextCustomizer@0, org.springframework.boot.test.web.client.TestRestTemplateContextCustomizer@1b84f475, org.springframework.boot.test.web.reactor.netty.DisableReactorResourceFactoryGlobalResourcesContextCustomizerFactory$DisableReactorResourceFactoryGlobalResourcesContextCustomizerCustomizer@19e4fcac, org.springframework.boot.test.autoconfigure.actuate.observability.ObservabilityContextCustomizerFactory$DisableObservabilityContextCustomizer@1f, org.springframework.boot.test.autoconfigure.properties.PropertyMappingContextCustomizer@0, org.springframework.boot.test.autoconfigure.web.servlet.WebDriverContextCustomizer@41709512, org.springframework.boot.test.context.SpringBootTestAnnotation@5677b501], resourceBasePath = "src/main/webapp", contextLoader = org.springframework.boot.test.context.SpringBootContextLoader, parent = null]
	at org.springframework.test.context.cache.DefaultCacheAwareContextLoaderDelegate.loadContext(DefaultCacheAwareContextLoaderDelegate.java:180)
	at org.springframework.test.context.support.DefaultTestContext.getApplicationContext(DefaultTestContext.java:130)
	at org.springframework.test.context.web.ServletTestExecutionListener.setUpRequestContextIfNecessary(ServletTestExecutionListener.java:191)
	at org.springframework.test.context.web.ServletTestExecutionListener.prepareTestInstance(ServletTestExecutionListener.java:130)
	at org.springframework.test.context.TestContextManager.prepareTestInstance(TestContextManager.java:260)
	at org.springframework.test.context.junit.jupiter.SpringExtension.postProcessTestInstance(SpringExtension.java:163)
	at java.base/java.util.stream.ReferencePipeline$3$1.accept(ReferencePipeline.java:197)
	at java.base/java.util.stream.ReferencePipeline$2$1.accept(ReferencePipeline.java:179)
	at java.base/java.util.ArrayList$ArrayListSpliterator.forEachRemaining(ArrayList.java:1708)
	at java.base/java.util.stream.AbstractPipeline.copyInto(AbstractPipeline.java:509)
	at java.base/java.util.stream.AbstractPipeline.wrapAndCopyInto(AbstractPipeline.java:499)
	at java.base/java.util.stream.StreamSpliterators$WrappingSpliterator.forEachRemaining(StreamSpliterators.java:310)
	at java.base/java.util.stream.Streams$ConcatSpliterator.forEachRemaining(Streams.java:735)
	at java.base/java.util.stream.Streams$ConcatSpliterator.forEachRemaining(Streams.java:734)
	at java.base/java.util.stream.ReferencePipeline$Head.forEach(ReferencePipeline.java:762)
	at java.base/java.util.Optional.orElseGet(Optional.java:364)
	at java.base/java.util.ArrayList.forEach(ArrayList.java:1596)
	at java.base/java.util.ArrayList.forEach(ArrayList.java:1596)
Caused by: java.lang.NullPointerException: Cannot invoke "com.nancynahra.lil.learning_spring.util.DateUtils.createDateFromDateString(String)" because "this.dateUtils" is null
	at com.nancynahra.lil.learning_spring.util.AppStartupEvent.onApplicationEvent(AppStartupEvent.java:24)
	at com.nancynahra.lil.learning_spring.util.AppStartupEvent.onApplicationEvent(AppStartupEvent.java:14)
	at org.springframework.context.event.SimpleApplicationEventMulticaster.doInvokeListener(SimpleApplicationEventMulticaster.java:185)
	at org.springframework.context.event.SimpleApplicationEventMulticaster.invokeListener(SimpleApplicationEventMulticaster.java:178)
	at org.springframework.context.event.SimpleApplicationEventMulticaster.multicastEvent(SimpleApplicationEventMulticaster.java:156)
	at org.springframework.context.support.AbstractApplicationContext.publishEvent(AbstractApplicationContext.java:452)
	at org.springframework.context.support.AbstractApplicationContext.publishEvent(AbstractApplicationContext.java:385)
	at org.springframework.boot.context.event.EventPublishingRunListener.ready(EventPublishingRunListener.java:109)
	at org.springframework.boot.SpringApplicationRunListeners.lambda$ready$6(SpringApplicationRunListeners.java:80)
	at java.base/java.lang.Iterable.forEach(Iterable.java:75)
	at org.springframework.boot.SpringApplicationRunListeners.doWithListeners(SpringApplicationRunListeners.java:118)
	at org.springframework.boot.SpringApplicationRunListeners.doWithListeners(SpringApplicationRunListeners.java:112)
	at org.springframework.boot.SpringApplicationRunListeners.ready(SpringApplicationRunListeners.java:80)
	at org.springframework.boot.SpringApplication.run(SpringApplication.java:349)
	at org.springframework.boot.test.context.SpringBootContextLoader.lambda$loadContext$3(SpringBootContextLoader.java:137)
	at org.springframework.util.function.ThrowingSupplier.get(ThrowingSupplier.java:58)
	at org.springframework.util.function.ThrowingSupplier.get(ThrowingSupplier.java:46)
	at org.springframework.boot.SpringApplication.withHook(SpringApplication.java:1463)
	at org.springframework.boot.test.context.SpringBootContextLoader$ContextLoaderHook.run(SpringBootContextLoader.java:553)
	at org.springframework.boot.test.context.SpringBootContextLoader.loadContext(SpringBootContextLoader.java:137)
	at org.springframework.boot.test.context.SpringBootContextLoader.loadContext(SpringBootContextLoader.java:108)
	at org.springframework.test.context.cache.DefaultCacheAwareContextLoaderDelegate.loadContextInternal(DefaultCacheAwareContextLoaderDelegate.java:225)
	at org.springframework.test.context.cache.DefaultCacheAwareContextLoaderDelegate.loadContext(DefaultCacheAwareContextLoaderDelegate.java:152)
	... 17 more
]]></error>
    <system-out><![CDATA[09:49:31.080 [main] INFO org.springframework.test.context.support.AnnotationConfigContextLoaderUtils -- Could not detect default configuration classes for test class [com.nancynahra.lil.learning_spring.LearningSpringApplicationTests]: LearningSpringApplicationTests does not declare any static, non-private, non-final, nested classes annotated with @Configuration.
09:49:31.124 [main] INFO org.springframework.boot.test.context.SpringBootTestContextBootstrapper -- Found @SpringBootConfiguration com.nancynahra.lil.learning_spring.LearningSpringApplication for test class com.nancynahra.lil.learning_spring.LearningSpringApplicationTests

  .   ____          _            __ _ _
 /\\ / ___'_ __ _ _(_)_ __  __ _ \ \ \ \
( ( )\___ | '_ | '_| | '_ \/ _` | \ \ \ \
 \\/  ___)| |_)| | | | | || (_| |  ) ) ) )
  '  |____| .__|_| |_|_| |_\__, | / / / /
 =========|_|==============|___/=/_/_/_/

 :: Spring Boot ::                (v3.3.4)

2024-09-27T09:49:31.293-05:00  INFO 1828 --- [           main] c.n.l.l.LearningSpringApplicationTests   : Starting LearningSpringApplicationTests using Java 21.0.4 with PID 1828 (started by nnahra in /Users/nnahra/code/learning-spring)
2024-09-27T09:49:31.294-05:00  INFO 1828 --- [           main] c.n.l.l.LearningSpringApplicationTests   : No active profile set, falling back to 1 default profile: "default"
2024-09-27T09:49:31.546-05:00  INFO 1828 --- [           main] .s.d.r.c.RepositoryConfigurationDelegate : Bootstrapping Spring Data JPA repositories in DEFAULT mode.
2024-09-27T09:49:31.574-05:00  INFO 1828 --- [           main] .s.d.r.c.RepositoryConfigurationDelegate : Finished Spring Data repository scanning in 25 ms. Found 3 JPA repository interfaces.
2024-09-27T09:49:31.735-05:00  INFO 1828 --- [           main] com.zaxxer.hikari.HikariDataSource       : HikariPool-1 - Starting...
2024-09-27T09:49:31.813-05:00  INFO 1828 --- [           main] com.zaxxer.hikari.pool.HikariPool        : HikariPool-1 - Added connection conn0: url=jdbc:h2:mem:7414cb1d-5ed3-4780-8405-a7fba27a0913 user=SA
2024-09-27T09:49:31.814-05:00  INFO 1828 --- [           main] com.zaxxer.hikari.HikariDataSource       : HikariPool-1 - Start completed.
2024-09-27T09:49:31.823-05:00 DEBUG 1828 --- [           main] o.s.jdbc.datasource.init.ScriptUtils     : Executing SQL script from file [/Users/nnahra/code/learning-spring/target/classes/schema.sql]
2024-09-27T09:49:31.831-05:00 DEBUG 1828 --- [           main] o.s.jdbc.datasource.init.ScriptUtils     : 0 returned as update count for SQL: CREATE TABLE ROOM( ROOM_ID BIGSERIAL PRIMARY KEY, NAME VARCHAR(16) NOT NULL, ROOM_NUMBER CHAR(2) NOT NULL UNIQUE, BED_INFO CHAR(2) NOT NULL )
2024-09-27T09:49:31.832-05:00 DEBUG 1828 --- [           main] o.s.jdbc.datasource.init.ScriptUtils     : 0 returned as update count for SQL: CREATE TABLE GUEST( GUEST_ID BIGSERIAL PRIMARY KEY, FIRST_NAME VARCHAR(64), LAST_NAME VARCHAR(64), EMAIL_ADDRESS VARCHAR(64), ADDRESS VARCHAR(64), COUNTRY VARCHAR(32), STATE VARCHAR(12), PHONE_NUMBER VARCHAR(24) )
2024-09-27T09:49:31.833-05:00 DEBUG 1828 --- [           main] o.s.jdbc.datasource.init.ScriptUtils     : 0 returned as update count for SQL: CREATE TABLE RESERVATION( RESERVATION_ID BIGSERIAL PRIMARY KEY, ROOM_ID BIGINT NOT NULL, GUEST_ID BIGINT NOT NULL, RES_DATE DATE )
2024-09-27T09:49:31.838-05:00 DEBUG 1828 --- [           main] o.s.jdbc.datasource.init.ScriptUtils     : 0 returned as update count for SQL: ALTER TABLE RESERVATION ADD FOREIGN KEY (ROOM_ID) REFERENCES ROOM(ROOM_ID)
2024-09-27T09:49:31.838-05:00 DEBUG 1828 --- [           main] o.s.jdbc.datasource.init.ScriptUtils     : 0 returned as update count for SQL: ALTER TABLE RESERVATION ADD FOREIGN KEY (GUEST_ID) REFERENCES GUEST(GUEST_ID)
2024-09-27T09:49:31.839-05:00 DEBUG 1828 --- [           main] o.s.jdbc.datasource.init.ScriptUtils     : 0 returned as update count for SQL: CREATE INDEX IDX_RES_DATE_ ON RESERVATION(RES_DATE)
2024-09-27T09:49:31.840-05:00 DEBUG 1828 --- [           main] o.s.jdbc.datasource.init.ScriptUtils     : Executed SQL script from file [/Users/nnahra/code/learning-spring/target/classes/schema.sql] in 16 ms.
2024-09-27T09:49:31.840-05:00 DEBUG 1828 --- [           main] o.s.jdbc.datasource.init.ScriptUtils     : Executing SQL script from file [/Users/nnahra/code/learning-spring/target/classes/data.sql]
2024-09-27T09:49:31.847-05:00 DEBUG 1828 --- [           main] o.s.jdbc.datasource.init.ScriptUtils     : 1 returned as update count for SQL: INSERT INTO ROOM (NAME, ROOM_NUMBER, BED_INFO) VALUES ('Piccadilly', 'P1', '1Q')
2024-09-27T09:49:31.848-05:00 DEBUG 1828 --- [           main] o.s.jdbc.datasource.init.ScriptUtils     : 1 returned as update count for SQL: INSERT INTO ROOM (NAME, ROOM_NUMBER, BED_INFO) VALUES ('Piccadilly', 'P2', '1Q')
2024-09-27T09:49:31.848-05:00 DEBUG 1828 --- [           main] o.s.jdbc.datasource.init.ScriptUtils     : 1 returned as update count for SQL: INSERT INTO ROOM (NAME, ROOM_NUMBER, BED_INFO) VALUES ('Piccadilly', 'P3', '1Q')
2024-09-27T09:49:31.848-05:00 DEBUG 1828 --- [           main] o.s.jdbc.datasource.init.ScriptUtils     : 1 returned as update count for SQL: INSERT INTO ROOM (NAME, ROOM_NUMBER, BED_INFO) VALUES ('Piccadilly', 'P4', '2D')
2024-09-27T09:49:31.849-05:00 DEBUG 1828 --- [           main] o.s.jdbc.datasource.init.ScriptUtils     : 1 returned as update count for SQL: INSERT INTO ROOM (NAME, ROOM_NUMBER, BED_INFO) VALUES ('Piccadilly', 'P5', '2D')
2024-09-27T09:49:31.849-05:00 DEBUG 1828 --- [           main] o.s.jdbc.datasource.init.ScriptUtils     : 1 returned as update count for SQL: INSERT INTO ROOM (NAME, ROOM_NUMBER, BED_INFO) VALUES ('Piccadilly', 'P6', '2D')
2024-09-27T09:49:31.849-05:00 DEBUG 1828 --- [           main] o.s.jdbc.datasource.init.ScriptUtils     : 1 returned as update count for SQL: INSERT INTO ROOM (NAME, ROOM_NUMBER, BED_INFO) VALUES ('Cambridge', 'C1', '1K')
2024-09-27T09:49:31.849-05:00 DEBUG 1828 --- [           main] o.s.jdbc.datasource.init.ScriptUtils     : 1 returned as update count for SQL: INSERT INTO ROOM (NAME, ROOM_NUMBER, BED_INFO) VALUES ('Cambridge', 'C2', '1K')
2024-09-27T09:49:31.849-05:00 DEBUG 1828 --- [           main] o.s.jdbc.datasource.init.ScriptUtils     : 1 returned as update count for SQL: INSERT INTO ROOM (NAME, ROOM_NUMBER, BED_INFO) VALUES ('Cambridge', 'C3', '1K')
2024-09-27T09:49:31.850-05:00 DEBUG 1828 --- [           main] o.s.jdbc.datasource.init.ScriptUtils     : 1 returned as update count for SQL: INSERT INTO ROOM (NAME, ROOM_NUMBER, BED_INFO) VALUES ('Westminster', 'W1', '1K')
2024-09-27T09:49:31.850-05:00 DEBUG 1828 --- [           main] o.s.jdbc.datasource.init.ScriptUtils     : 1 returned as update count for SQL: INSERT INTO ROOM (NAME, ROOM_NUMBER, BED_INFO) VALUES ('Westminster', 'W2', '1K')
2024-09-27T09:49:31.850-05:00 DEBUG 1828 --- [           main] o.s.jdbc.datasource.init.ScriptUtils     : 1 returned as update count for SQL: INSERT INTO ROOM (NAME, ROOM_NUMBER, BED_INFO) VALUES ('Westminster', 'W3', '1K')
2024-09-27T09:49:31.850-05:00 DEBUG 1828 --- [           main] o.s.jdbc.datasource.init.ScriptUtils     : 1 returned as update count for SQL: INSERT INTO ROOM (NAME, ROOM_NUMBER, BED_INFO) VALUES ('Westminster', 'W4', '1K')
2024-09-27T09:49:31.851-05:00 DEBUG 1828 --- [           main] o.s.jdbc.datasource.init.ScriptUtils     : 1 returned as update count for SQL: INSERT INTO ROOM (NAME, ROOM_NUMBER, BED_INFO) VALUES ('Westminster', 'W5', '2D')
2024-09-27T09:49:31.851-05:00 DEBUG 1828 --- [           main] o.s.jdbc.datasource.init.ScriptUtils     : 1 returned as update count for SQL: INSERT INTO ROOM (NAME, ROOM_NUMBER, BED_INFO) VALUES ('Westminster', 'W6', '2D')
2024-09-27T09:49:31.851-05:00 DEBUG 1828 --- [           main] o.s.jdbc.datasource.init.ScriptUtils     : 1 returned as update count for SQL: INSERT INTO ROOM (NAME, ROOM_NUMBER, BED_INFO) VALUES ('Westminster', 'W7', '2D')
2024-09-27T09:49:31.851-05:00 DEBUG 1828 --- [           main] o.s.jdbc.datasource.init.ScriptUtils     : 1 returned as update count for SQL: INSERT INTO ROOM (NAME, ROOM_NUMBER, BED_INFO) VALUES ('Oxford', 'O1', '1K')
2024-09-27T09:49:31.851-05:00 DEBUG 1828 --- [           main] o.s.jdbc.datasource.init.ScriptUtils     : 1 returned as update count for SQL: INSERT INTO ROOM (NAME, ROOM_NUMBER, BED_INFO) VALUES ('Oxford', 'O2', '1K')
2024-09-27T09:49:31.852-05:00 DEBUG 1828 --- [           main] o.s.jdbc.datasource.init.ScriptUtils     : 1 returned as update count for SQL: INSERT INTO ROOM (NAME, ROOM_NUMBER, BED_INFO) VALUES ('Oxford', 'O3', '1Q')
2024-09-27T09:49:31.852-05:00 DEBUG 1828 --- [           main] o.s.jdbc.datasource.init.ScriptUtils     : 1 returned as update count for SQL: INSERT INTO ROOM (NAME, ROOM_NUMBER, BED_INFO) VALUES ('Oxford', 'O4', '1Q')
2024-09-27T09:49:31.852-05:00 DEBUG 1828 --- [           main] o.s.jdbc.datasource.init.ScriptUtils     : 1 returned as update count for SQL: INSERT INTO ROOM (NAME, ROOM_NUMBER, BED_INFO) VALUES ('Oxford', 'O5', '1Q')
2024-09-27T09:49:31.852-05:00 DEBUG 1828 --- [           main] o.s.jdbc.datasource.init.ScriptUtils     : 1 returned as update count for SQL: INSERT INTO ROOM (NAME, ROOM_NUMBER, BED_INFO) VALUES ('Victoria', 'V1', '1K')
2024-09-27T09:49:31.852-05:00 DEBUG 1828 --- [           main] o.s.jdbc.datasource.init.ScriptUtils     : 1 returned as update count for SQL: INSERT INTO ROOM (NAME, ROOM_NUMBER, BED_INFO) VALUES ('Victoria', 'V2', '2D')
2024-09-27T09:49:31.853-05:00 DEBUG 1828 --- [           main] o.s.jdbc.datasource.init.ScriptUtils     : 1 returned as update count for SQL: INSERT INTO ROOM (NAME, ROOM_NUMBER, BED_INFO) VALUES ('Victoria', 'V3', '2D')
2024-09-27T09:49:31.853-05:00 DEBUG 1828 --- [           main] o.s.jdbc.datasource.init.ScriptUtils     : 1 returned as update count for SQL: INSERT INTO ROOM (NAME, ROOM_NUMBER, BED_INFO) VALUES ('Manchester', 'M1', '1K')
2024-09-27T09:49:31.853-05:00 DEBUG 1828 --- [           main] o.s.jdbc.datasource.init.ScriptUtils     : 1 returned as update count for SQL: INSERT INTO ROOM (NAME, ROOM_NUMBER, BED_INFO) VALUES ('Manchester', 'M2', '1K')
2024-09-27T09:49:31.853-05:00 DEBUG 1828 --- [           main] o.s.jdbc.datasource.init.ScriptUtils     : 1 returned as update count for SQL: INSERT INTO ROOM (NAME, ROOM_NUMBER, BED_INFO) VALUES ('Manchester', 'M3', '1K')
2024-09-27T09:49:31.854-05:00 DEBUG 1828 --- [           main] o.s.jdbc.datasource.init.ScriptUtils     : 1 returned as update count for SQL: INSERT INTO ROOM (NAME, ROOM_NUMBER, BED_INFO) VALUES ('Manchester', 'M4', '1K')
2024-09-27T09:49:31.854-05:00 DEBUG 1828 --- [           main] o.s.jdbc.datasource.init.ScriptUtils     : 1 returned as update count for SQL: INSERT INTO GUEST (LAST_NAME, FIRST_NAME, EMAIL_ADDRESS, COUNTRY, ADDRESS, STATE, PHONE_NUMBER) VALUES('Adams', 'Roy', 'radams1v@xinhuanet.com', 'United States', '2872 Marquette Street', 'NY', '1-(235)314-9823')
2024-09-27T09:49:31.854-05:00 DEBUG 1828 --- [           main] o.s.jdbc.datasource.init.ScriptUtils     : 1 returned as update count for SQL: INSERT INTO GUEST (LAST_NAME, FIRST_NAME, EMAIL_ADDRESS, COUNTRY, ADDRESS, STATE, PHONE_NUMBER) VALUES('Adams', 'Martin', 'madams2b@msu.edu', 'China', '4 Mandrake Plaza', '', '9-(401)660-9813')
2024-09-27T09:49:31.854-05:00 DEBUG 1828 --- [           main] o.s.jdbc.datasource.init.ScriptUtils     : 1 returned as update count for SQL: INSERT INTO GUEST (LAST_NAME, FIRST_NAME, EMAIL_ADDRESS, COUNTRY, ADDRESS, STATE, PHONE_NUMBER) VALUES('Alvarez', 'Roger', 'ralvarezk@blogs.com', 'United States', '3 Green Plaza', 'FL', '6-(980)036-6105')
2024-09-27T09:49:31.854-05:00 DEBUG 1828 --- [           main] o.s.jdbc.datasource.init.ScriptUtils     : 1 returned as update count for SQL: INSERT INTO GUEST (LAST_NAME, FIRST_NAME, EMAIL_ADDRESS, COUNTRY, ADDRESS, STATE, PHONE_NUMBER) VALUES('Alvarez', 'Anne', 'aalvarez1y@mlb.com', 'United States', '6 Glendale Parkway', 'FL', '7-(967)349-7237')
2024-09-27T09:49:31.855-05:00 DEBUG 1828 --- [           main] o.s.jdbc.datasource.init.ScriptUtils     : 1 returned as update count for SQL: INSERT INTO GUEST (LAST_NAME, FIRST_NAME, EMAIL_ADDRESS, COUNTRY, ADDRESS, STATE, PHONE_NUMBER) VALUES('Alvarez', 'Ann', 'aalvarez20@jalbum.net', 'Afghanistan', '851 Nelson Circle', '', '7-(418)731-2327')
2024-09-27T09:49:31.855-05:00 DEBUG 1828 --- [           main] o.s.jdbc.datasource.init.ScriptUtils     : 1 returned as update count for SQL: INSERT INTO GUEST (LAST_NAME, FIRST_NAME, EMAIL_ADDRESS, COUNTRY, ADDRESS, STATE, PHONE_NUMBER) VALUES('Anderson', 'Betty', 'banderson14@digg.com', 'United States', '3538 Scofield Drive', 'TX', '1-(291)830-0405')
2024-09-27T09:49:31.855-05:00 DEBUG 1828 --- [           main] o.s.jdbc.datasource.init.ScriptUtils     : 1 returned as update count for SQL: INSERT INTO GUEST (LAST_NAME, FIRST_NAME, EMAIL_ADDRESS, COUNTRY, ADDRESS, STATE, PHONE_NUMBER) VALUES('Anderson', 'Laura', 'landerson24@icio.us', 'United States', '805 Paget Court', 'NY', '3-(587)240-6409')
2024-09-27T09:49:31.855-05:00 DEBUG 1828 --- [           main] o.s.jdbc.datasource.init.ScriptUtils     : 1 returned as update count for SQL: INSERT INTO GUEST (LAST_NAME, FIRST_NAME, EMAIL_ADDRESS, COUNTRY, ADDRESS, STATE, PHONE_NUMBER) VALUES('Armstrong', 'Christopher', 'carmstrong2p@cyberchimps.com', 'United States', '4514 Independence Point', 'TX', '3-(411)160-3757')
2024-09-27T09:49:31.856-05:00 DEBUG 1828 --- [           main] o.s.jdbc.datasource.init.ScriptUtils     : 1 returned as update count for SQL: INSERT INTO GUEST (LAST_NAME, FIRST_NAME, EMAIL_ADDRESS, COUNTRY, ADDRESS, STATE, PHONE_NUMBER) VALUES('Bell', 'David', 'dbell2l@wp.com', 'United States', '5205 Vera Junction', 'CA', '8-(035)412-4547')
2024-09-27T09:49:31.856-05:00 DEBUG 1828 --- [           main] o.s.jdbc.datasource.init.ScriptUtils     : 1 returned as update count for SQL: INSERT INTO GUEST (LAST_NAME, FIRST_NAME, EMAIL_ADDRESS, COUNTRY, ADDRESS, STATE, PHONE_NUMBER) VALUES('Berry', 'Paula', 'pberry1z@admin.ch', 'China', '5095 International Drive', '', '6-(195)796-7745')
2024-09-27T09:49:31.856-05:00 DEBUG 1828 --- [           main] o.s.jdbc.datasource.init.ScriptUtils     : 1 returned as update count for SQL: INSERT INTO GUEST (LAST_NAME, FIRST_NAME, EMAIL_ADDRESS, COUNTRY, ADDRESS, STATE, PHONE_NUMBER) VALUES('Bishop', 'Dennis', 'dbishopo@xinhuanet.com', 'Armenia', '11442 East Circle', '', '4-(871)489-3543')
2024-09-27T09:49:31.856-05:00 DEBUG 1828 --- [           main] o.s.jdbc.datasource.init.ScriptUtils     : 1 returned as update count for SQL: INSERT INTO GUEST (LAST_NAME, FIRST_NAME, EMAIL_ADDRESS, COUNTRY, ADDRESS, STATE, PHONE_NUMBER) VALUES('Bishop', 'Carolyn', 'cbishopw@1688.com', 'Ukraine', '23273 Emmet Road', '', '5-(795)729-5690')
2024-09-27T09:49:31.856-05:00 DEBUG 1828 --- [           main] o.s.jdbc.datasource.init.ScriptUtils     : 1 returned as update count for SQL: INSERT INTO GUEST (LAST_NAME, FIRST_NAME, EMAIL_ADDRESS, COUNTRY, ADDRESS, STATE, PHONE_NUMBER) VALUES('Black', 'Harold', 'hblack2p@clickbank.net', 'Indonesia', '7715 Havey Center', '', '0-(378)142-3343')
2024-09-27T09:49:31.857-05:00 DEBUG 1828 --- [           main] o.s.jdbc.datasource.init.ScriptUtils     : 1 returned as update count for SQL: INSERT INTO GUEST (LAST_NAME, FIRST_NAME, EMAIL_ADDRESS, COUNTRY, ADDRESS, STATE, PHONE_NUMBER) VALUES('Bowman', 'Jerry', 'jbowman1j@fotki.com', 'Indonesia', '49381 Northridge Point', '', '9-(389)678-8585')
2024-09-27T09:49:31.857-05:00 DEBUG 1828 --- [           main] o.s.jdbc.datasource.init.ScriptUtils     : 1 returned as update count for SQL: INSERT INTO GUEST (LAST_NAME, FIRST_NAME, EMAIL_ADDRESS, COUNTRY, ADDRESS, STATE, PHONE_NUMBER) VALUES('Bradley', 'Keith', 'kbradley1c@techcrunch.com', 'United States', '21 Sauthoff Point', 'OH', '5-(780)609-5353')
2024-09-27T09:49:31.857-05:00 DEBUG 1828 --- [           main] o.s.jdbc.datasource.init.ScriptUtils     : 1 returned as update count for SQL: INSERT INTO GUEST (LAST_NAME, FIRST_NAME, EMAIL_ADDRESS, COUNTRY, ADDRESS, STATE, PHONE_NUMBER) VALUES('Brooks', 'Samuel', 'sbrooks4@google.co.uk', 'United States', '9857 Hollow Ridge Park', 'PA', '5-(517)250-0437')
2024-09-27T09:49:31.857-05:00 DEBUG 1828 --- [           main] o.s.jdbc.datasource.init.ScriptUtils     : 1 returned as update count for SQL: INSERT INTO GUEST (LAST_NAME, FIRST_NAME, EMAIL_ADDRESS, COUNTRY, ADDRESS, STATE, PHONE_NUMBER) VALUES('Bryant', 'Donald', 'dbryant1@cdbaby.com', 'South Korea', '8 Crescent Oaks Circle', '', '5-(629)251-0019')
2024-09-27T09:49:31.857-05:00 DEBUG 1828 --- [           main] o.s.jdbc.datasource.init.ScriptUtils     : 1 returned as update count for SQL: INSERT INTO GUEST (LAST_NAME, FIRST_NAME, EMAIL_ADDRESS, COUNTRY, ADDRESS, STATE, PHONE_NUMBER) VALUES('Burke', 'Tammy', 'tburke2a@theglobeandmail.com', 'Russia', '7298 Bluejay Road', '', '8-(710)063-1619')
2024-09-27T09:49:31.858-05:00 DEBUG 1828 --- [           main] o.s.jdbc.datasource.init.ScriptUtils     : 1 returned as update count for SQL: INSERT INTO GUEST (LAST_NAME, FIRST_NAME, EMAIL_ADDRESS, COUNTRY, ADDRESS, STATE, PHONE_NUMBER) VALUES('Burns', 'Joe', 'jburns18@mail.ru', 'Russia', '2795 Lighthouse Bay Place', '', '3-(465)132-7455')
2024-09-27T09:49:31.858-05:00 DEBUG 1828 --- [           main] o.s.jdbc.datasource.init.ScriptUtils     : 1 returned as update count for SQL: INSERT INTO GUEST (LAST_NAME, FIRST_NAME, EMAIL_ADDRESS, COUNTRY, ADDRESS, STATE, PHONE_NUMBER) VALUES('Campbell', 'Jessica', 'jcampbell2i@cpanel.net', 'United States', '7963 Ohio Alley', 'OR', '0-(150)386-2177')
2024-09-27T09:49:31.858-05:00 DEBUG 1828 --- [           main] o.s.jdbc.datasource.init.ScriptUtils     : 1 returned as update count for SQL: INSERT INTO GUEST (LAST_NAME, FIRST_NAME, EMAIL_ADDRESS, COUNTRY, ADDRESS, STATE, PHONE_NUMBER) VALUES('Campbell', 'Christopher', 'ccampbell2i@amazon.de', 'Russia', '6 Walton Court', '', '5-(275)117-4811')
2024-09-27T09:49:31.858-05:00 DEBUG 1828 --- [           main] o.s.jdbc.datasource.init.ScriptUtils     : 1 returned as update count for SQL: INSERT INTO GUEST (LAST_NAME, FIRST_NAME, EMAIL_ADDRESS, COUNTRY, ADDRESS, STATE, PHONE_NUMBER) VALUES('Carpenter', 'Pamela', 'pcarpenterj@china.com.cn', 'United States', '661 Karstens Road', 'HI', '6-(268)816-2465')
2024-09-27T09:49:31.858-05:00 DEBUG 1828 --- [           main] o.s.jdbc.datasource.init.ScriptUtils     : 1 returned as update count for SQL: INSERT INTO GUEST (LAST_NAME, FIRST_NAME, EMAIL_ADDRESS, COUNTRY, ADDRESS, STATE, PHONE_NUMBER) VALUES('Carpenter', 'Paul', 'pcarpenter28@dropbox.com', 'Philippines', '33614 Cambridge Road', '', '3-(561)990-7094')
2024-09-27T09:49:31.859-05:00 DEBUG 1828 --- [           main] o.s.jdbc.datasource.init.ScriptUtils     : 1 returned as update count for SQL: INSERT INTO GUEST (LAST_NAME, FIRST_NAME, EMAIL_ADDRESS, COUNTRY, ADDRESS, STATE, PHONE_NUMBER) VALUES('Carter', 'Tammy', 'tcarter1j@washington.edu', 'United States', '3 Leroy Crossing', 'TN', '7-(489)865-7002')
2024-09-27T09:49:31.859-05:00 DEBUG 1828 --- [           main] o.s.jdbc.datasource.init.ScriptUtils     : 1 returned as update count for SQL: INSERT INTO GUEST (LAST_NAME, FIRST_NAME, EMAIL_ADDRESS, COUNTRY, ADDRESS, STATE, PHONE_NUMBER) VALUES('Carter', 'Paul', 'pcarter1z@cnet.com', 'United States', '3 Green Plaza', 'CA', '3-(854)158-1783')
2024-09-27T09:49:31.859-05:00 DEBUG 1828 --- [           main] o.s.jdbc.datasource.init.ScriptUtils     : 1 returned as update count for SQL: INSERT INTO GUEST (LAST_NAME, FIRST_NAME, EMAIL_ADDRESS, COUNTRY, ADDRESS, STATE, PHONE_NUMBER) VALUES('Chapman', 'Justin', 'jchapmans@aol.com', 'United States', '2127 David Lane', 'WV', '1-(910)152-0295')
2024-09-27T09:49:31.860-05:00 DEBUG 1828 --- [           main] o.s.jdbc.datasource.init.ScriptUtils     : 1 returned as update count for SQL: INSERT INTO GUEST (LAST_NAME, FIRST_NAME, EMAIL_ADDRESS, COUNTRY, ADDRESS, STATE, PHONE_NUMBER) VALUES('Chapman', 'Margaret', 'mchapmanb@hud.gov', 'Canada', '953 Reindahl Parkway', '', '1-(010)495-9996')
2024-09-27T09:49:31.860-05:00 DEBUG 1828 --- [           main] o.s.jdbc.datasource.init.ScriptUtils     : 1 returned as update count for SQL: INSERT INTO GUEST (LAST_NAME, FIRST_NAME, EMAIL_ADDRESS, COUNTRY, ADDRESS, STATE, PHONE_NUMBER) VALUES('Clark', 'Bonnie', 'bclark6@bing.com', 'United States', '4 Porter Avenue', 'CO', '9-(524)812-6248')
2024-09-27T09:49:31.860-05:00 DEBUG 1828 --- [           main] o.s.jdbc.datasource.init.ScriptUtils     : 1 returned as update count for SQL: INSERT INTO GUEST (LAST_NAME, FIRST_NAME, EMAIL_ADDRESS, COUNTRY, ADDRESS, STATE, PHONE_NUMBER) VALUES('Clark', 'Andrea', 'aclark2j@sphinn.com', 'United States', '02 Haas Park', 'MI', '1-(123)323-9494')
2024-09-27T09:49:31.860-05:00 DEBUG 1828 --- [           main] o.s.jdbc.datasource.init.ScriptUtils     : 1 returned as update count for SQL: INSERT INTO GUEST (LAST_NAME, FIRST_NAME, EMAIL_ADDRESS, COUNTRY, ADDRESS, STATE, PHONE_NUMBER) VALUES('Coleman', 'Shirley', 'scoleman26@bizjournals.com', 'United States', '4903 Commercial Drive', 'AL', '7-(798)598-1459')
2024-09-27T09:49:31.860-05:00 DEBUG 1828 --- [           main] o.s.jdbc.datasource.init.ScriptUtils     : 1 returned as update count for SQL: INSERT INTO GUEST (LAST_NAME, FIRST_NAME, EMAIL_ADDRESS, COUNTRY, ADDRESS, STATE, PHONE_NUMBER) VALUES('Coleman', 'Angela', 'acoleman6@gmpg.org', 'Russia', '1208 Menomonie Terrace', '', '9-(959)063-5551')
2024-09-27T09:49:31.861-05:00 DEBUG 1828 --- [           main] o.s.jdbc.datasource.init.ScriptUtils     : 1 returned as update count for SQL: INSERT INTO GUEST (LAST_NAME, FIRST_NAME, EMAIL_ADDRESS, COUNTRY, ADDRESS, STATE, PHONE_NUMBER) VALUES('Cox', 'Harold', 'hcox23@dyndns.org', 'France', '08 Butterfield Place', 'B5', '6-(983)957-3202')
2024-09-27T09:49:31.861-05:00 DEBUG 1828 --- [           main] o.s.jdbc.datasource.init.ScriptUtils     : 1 returned as update count for SQL: INSERT INTO GUEST (LAST_NAME, FIRST_NAME, EMAIL_ADDRESS, COUNTRY, ADDRESS, STATE, PHONE_NUMBER) VALUES('Cruz', 'Alan', 'acruzj@marketwatch.com', 'China', '023 Laurel Terrace', '', '1-(003)990-0308')
2024-09-27T09:49:31.861-05:00 DEBUG 1828 --- [           main] o.s.jdbc.datasource.init.ScriptUtils     : 1 returned as update count for SQL: INSERT INTO GUEST (LAST_NAME, FIRST_NAME, EMAIL_ADDRESS, COUNTRY, ADDRESS, STATE, PHONE_NUMBER) VALUES('Cunningham', 'Anna', 'acunningham2@yale.edu', 'China', '1 Steensland Lane', '', '7-(769)474-5961')
2024-09-27T09:49:31.861-05:00 DEBUG 1828 --- [           main] o.s.jdbc.datasource.init.ScriptUtils     : 1 returned as update count for SQL: INSERT INTO GUEST (LAST_NAME, FIRST_NAME, EMAIL_ADDRESS, COUNTRY, ADDRESS, STATE, PHONE_NUMBER) VALUES('Daniels', 'Robin', 'rdaniels2d@weebly.com', 'United States', '9728 Paget Court', 'AR', '7-(116)447-5902')
2024-09-27T09:49:31.861-05:00 DEBUG 1828 --- [           main] o.s.jdbc.datasource.init.ScriptUtils     : 1 returned as update count for SQL: INSERT INTO GUEST (LAST_NAME, FIRST_NAME, EMAIL_ADDRESS, COUNTRY, ADDRESS, STATE, PHONE_NUMBER) VALUES('Daniels', 'Phillip', 'pdaniels1y@hexun.com', 'Kazakhstan', '5 Blue Bill Park Trail', '', '4-(029)713-9304')
2024-09-27T09:49:31.862-05:00 DEBUG 1828 --- [           main] o.s.jdbc.datasource.init.ScriptUtils     : 1 returned as update count for SQL: INSERT INTO GUEST (LAST_NAME, FIRST_NAME, EMAIL_ADDRESS, COUNTRY, ADDRESS, STATE, PHONE_NUMBER) VALUES('Davis', 'Thomas', 'tdavis1h@globo.com', 'United States', '6332 Fuller Pass', 'TX', '5-(778)054-9695')
2024-09-27T09:49:31.862-05:00 DEBUG 1828 --- [           main] o.s.jdbc.datasource.init.ScriptUtils     : 1 returned as update count for SQL: INSERT INTO GUEST (LAST_NAME, FIRST_NAME, EMAIL_ADDRESS, COUNTRY, ADDRESS, STATE, PHONE_NUMBER) VALUES('Dean', 'Joe', 'jdeanp@vinaora.com', 'United States', '8 Darwin Crossing', 'AZ', '9-(625)975-9705')
2024-09-27T09:49:31.862-05:00 DEBUG 1828 --- [           main] o.s.jdbc.datasource.init.ScriptUtils     : 1 returned as update count for SQL: INSERT INTO GUEST (LAST_NAME, FIRST_NAME, EMAIL_ADDRESS, COUNTRY, ADDRESS, STATE, PHONE_NUMBER) VALUES('Dean', 'Sara', 'sdean1t@unc.edu', 'Mexico', '9 South Crossing', 'GUA', '7-(206)725-7117')
2024-09-27T09:49:31.862-05:00 DEBUG 1828 --- [           main] o.s.jdbc.datasource.init.ScriptUtils     : 1 returned as update count for SQL: INSERT INTO GUEST (LAST_NAME, FIRST_NAME, EMAIL_ADDRESS, COUNTRY, ADDRESS, STATE, PHONE_NUMBER) VALUES('Dixon', 'Patricia', 'pdixon2m@biglobe.ne.jp', 'United States', '49 Moose Way', 'DC', '1-(159)384-4102')
2024-09-27T09:49:31.862-05:00 DEBUG 1828 --- [           main] o.s.jdbc.datasource.init.ScriptUtils     : 1 returned as update count for SQL: INSERT INTO GUEST (LAST_NAME, FIRST_NAME, EMAIL_ADDRESS, COUNTRY, ADDRESS, STATE, PHONE_NUMBER) VALUES('Dixon', 'Cynthia', 'cdixon1e@vimeo.com', 'China', '52645 Dorton Pass', '', '6-(422)372-7084')
2024-09-27T09:49:31.862-05:00 DEBUG 1828 --- [           main] o.s.jdbc.datasource.init.ScriptUtils     : 1 returned as update count for SQL: INSERT INTO GUEST (LAST_NAME, FIRST_NAME, EMAIL_ADDRESS, COUNTRY, ADDRESS, STATE, PHONE_NUMBER) VALUES('Dixon', 'Todd', 'tdixon2o@ed.gov', 'China', '82172 Lukken Alley', '', '0-(290)722-9657')
2024-09-27T09:49:31.863-05:00 DEBUG 1828 --- [           main] o.s.jdbc.datasource.init.ScriptUtils     : 1 returned as update count for SQL: INSERT INTO GUEST (LAST_NAME, FIRST_NAME, EMAIL_ADDRESS, COUNTRY, ADDRESS, STATE, PHONE_NUMBER) VALUES('Elliott', 'David', 'delliottn@wsj.com', 'Russia', '6478 Doe Crossing Court', '', '4-(687)980-5138')
2024-09-27T09:49:31.863-05:00 DEBUG 1828 --- [           main] o.s.jdbc.datasource.init.ScriptUtils     : 1 returned as update count for SQL: INSERT INTO GUEST (LAST_NAME, FIRST_NAME, EMAIL_ADDRESS, COUNTRY, ADDRESS, STATE, PHONE_NUMBER) VALUES('Elliott', 'Gregory', 'gelliott2f@exblog.jp', 'Indonesia', '01298 Raven Alley', '', '2-(826)961-5278')
2024-09-27T09:49:31.863-05:00 DEBUG 1828 --- [           main] o.s.jdbc.datasource.init.ScriptUtils     : 1 returned as update count for SQL: INSERT INTO GUEST (LAST_NAME, FIRST_NAME, EMAIL_ADDRESS, COUNTRY, ADDRESS, STATE, PHONE_NUMBER) VALUES('Ellis', 'James', 'jellisa@wordpress.com', 'United States', '8108 Upham Avenue', 'CA', '9-(104)768-0365')
2024-09-27T09:49:31.863-05:00 DEBUG 1828 --- [           main] o.s.jdbc.datasource.init.ScriptUtils     : 1 returned as update count for SQL: INSERT INTO GUEST (LAST_NAME, FIRST_NAME, EMAIL_ADDRESS, COUNTRY, ADDRESS, STATE, PHONE_NUMBER) VALUES('Ferguson', 'Russell', 'rferguson1b@uol.com.br', 'United States', '9143 Hudson Terrace', 'OH', '7-(498)208-8970')
2024-09-27T09:49:31.863-05:00 DEBUG 1828 --- [           main] o.s.jdbc.datasource.init.ScriptUtils     : 1 returned as update count for SQL: INSERT INTO GUEST (LAST_NAME, FIRST_NAME, EMAIL_ADDRESS, COUNTRY, ADDRESS, STATE, PHONE_NUMBER) VALUES('Ferguson', 'Mark', 'mferguson2m@columbia.edu', 'Poland', '6 Fisk Drive', '', '7-(920)445-0162')
2024-09-27T09:49:31.863-05:00 DEBUG 1828 --- [           main] o.s.jdbc.datasource.init.ScriptUtils     : 1 returned as update count for SQL: INSERT INTO GUEST (LAST_NAME, FIRST_NAME, EMAIL_ADDRESS, COUNTRY, ADDRESS, STATE, PHONE_NUMBER) VALUES('Fields', 'Lori', 'lfieldsq@smh.com.au', 'United States', '76485 Roth Alley', 'WA', '2-(229)182-4243')
2024-09-27T09:49:31.865-05:00 DEBUG 1828 --- [           main] o.s.jdbc.datasource.init.ScriptUtils     : 1 returned as update count for SQL: INSERT INTO GUEST (LAST_NAME, FIRST_NAME, EMAIL_ADDRESS, COUNTRY, ADDRESS, STATE, PHONE_NUMBER) VALUES('Fisher', 'Thomas', 'tfisher26@sina.com.cn', 'Uzbekistan', '8 Haas Avenue', '', '1-(842)637-0935')
2024-09-27T09:49:31.865-05:00 DEBUG 1828 --- [           main] o.s.jdbc.datasource.init.ScriptUtils     : 1 returned as update count for SQL: INSERT INTO GUEST (LAST_NAME, FIRST_NAME, EMAIL_ADDRESS, COUNTRY, ADDRESS, STATE, PHONE_NUMBER) VALUES('Ford', 'Matthew', 'mfordi@ucoz.com', 'Syria', '63 East Place', '', '5-(508)161-9676')
2024-09-27T09:49:31.865-05:00 DEBUG 1828 --- [           main] o.s.jdbc.datasource.init.ScriptUtils     : 1 returned as update count for SQL: INSERT INTO GUEST (LAST_NAME, FIRST_NAME, EMAIL_ADDRESS, COUNTRY, ADDRESS, STATE, PHONE_NUMBER) VALUES('Fowler', 'Clarence', 'cfowler1t@unicef.org', 'United States', '890 Nevada Road', 'CT', '5-(922)750-2234')
2024-09-27T09:49:31.865-05:00 DEBUG 1828 --- [           main] o.s.jdbc.datasource.init.ScriptUtils     : 1 returned as update count for SQL: INSERT INTO GUEST (LAST_NAME, FIRST_NAME, EMAIL_ADDRESS, COUNTRY, ADDRESS, STATE, PHONE_NUMBER) VALUES('Fowler', 'Steve', 'sfowler2f@ed.gov', 'United States', '243 Ohio Plaza', 'AL', '8-(435)340-9290')
2024-09-27T09:49:31.865-05:00 DEBUG 1828 --- [           main] o.s.jdbc.datasource.init.ScriptUtils     : 1 returned as update count for SQL: INSERT INTO GUEST (LAST_NAME, FIRST_NAME, EMAIL_ADDRESS, COUNTRY, ADDRESS, STATE, PHONE_NUMBER) VALUES('Fox', 'Craig', 'cfox1v@sakura.ne.jp', 'Philippines', '576 Novick Alley', '', '3-(453)987-1524')
2024-09-27T09:49:31.866-05:00 DEBUG 1828 --- [           main] o.s.jdbc.datasource.init.ScriptUtils     : 1 returned as update count for SQL: INSERT INTO GUEST (LAST_NAME, FIRST_NAME, EMAIL_ADDRESS, COUNTRY, ADDRESS, STATE, PHONE_NUMBER) VALUES('Freeman', 'Kimberly', 'kfreemank@cmu.edu', 'Australia', '46613 Buena Vista Pass', 'NSW', '0-(289)984-9766')
2024-09-27T09:49:31.866-05:00 DEBUG 1828 --- [           main] o.s.jdbc.datasource.init.ScriptUtils     : 1 returned as update count for SQL: INSERT INTO GUEST (LAST_NAME, FIRST_NAME, EMAIL_ADDRESS, COUNTRY, ADDRESS, STATE, PHONE_NUMBER) VALUES('Freeman', 'Johnny', 'jfreeman1g@aboutads.info', 'China', '719 Trailsway Street', '', '6-(658)139-7764')
2024-09-27T09:49:31.866-05:00 DEBUG 1828 --- [           main] o.s.jdbc.datasource.init.ScriptUtils     : 1 returned as update count for SQL: INSERT INTO GUEST (LAST_NAME, FIRST_NAME, EMAIL_ADDRESS, COUNTRY, ADDRESS, STATE, PHONE_NUMBER) VALUES('Garza', 'Carl', 'cgarzal@friendfeed.com', 'United States', '92 Scott Court', 'DC', '2-(818)774-1651')
2024-09-27T09:49:31.866-05:00 DEBUG 1828 --- [           main] o.s.jdbc.datasource.init.ScriptUtils     : 1 returned as update count for SQL: INSERT INTO GUEST (LAST_NAME, FIRST_NAME, EMAIL_ADDRESS, COUNTRY, ADDRESS, STATE, PHONE_NUMBER) VALUES('Garza', 'Martha', 'mgarza29@fastcompany.com', 'Philippines', '64 Farwell Circle', '', '9-(455)359-2298')
2024-09-27T09:49:31.866-05:00 DEBUG 1828 --- [           main] o.s.jdbc.datasource.init.ScriptUtils     : 1 returned as update count for SQL: INSERT INTO GUEST (LAST_NAME, FIRST_NAME, EMAIL_ADDRESS, COUNTRY, ADDRESS, STATE, PHONE_NUMBER) VALUES('George', 'Angela', 'ageorgew@slashdot.org', 'United States', '1 Corben Street', 'MD', '5-(864)699-8310')
2024-09-27T09:49:31.866-05:00 DEBUG 1828 --- [           main] o.s.jdbc.datasource.init.ScriptUtils     : 1 returned as update count for SQL: INSERT INTO GUEST (LAST_NAME, FIRST_NAME, EMAIL_ADDRESS, COUNTRY, ADDRESS, STATE, PHONE_NUMBER) VALUES('George', 'Linda', 'lgeorge27@mtv.com', 'United States', '5793 Northport Center', 'MI', '7-(899)692-4554')
2024-09-27T09:49:31.866-05:00 DEBUG 1828 --- [           main] o.s.jdbc.datasource.init.ScriptUtils     : 1 returned as update count for SQL: INSERT INTO GUEST (LAST_NAME, FIRST_NAME, EMAIL_ADDRESS, COUNTRY, ADDRESS, STATE, PHONE_NUMBER) VALUES('Gilbert', 'Rose', 'rgilbert1c@java.com', 'Indonesia', '32441 Oriole Junction', '', '9-(771)659-3359')
2024-09-27T09:49:31.867-05:00 DEBUG 1828 --- [           main] o.s.jdbc.datasource.init.ScriptUtils     : 1 returned as update count for SQL: INSERT INTO GUEST (LAST_NAME, FIRST_NAME, EMAIL_ADDRESS, COUNTRY, ADDRESS, STATE, PHONE_NUMBER) VALUES('Gomez', 'Jacqueline', 'jgomeze@miitbeian.gov.cn', 'France', '794 Armistice Crossing', 'A7', '9-(345)143-4371')
2024-09-27T09:49:31.867-05:00 DEBUG 1828 --- [           main] o.s.jdbc.datasource.init.ScriptUtils     : 1 returned as update count for SQL: INSERT INTO GUEST (LAST_NAME, FIRST_NAME, EMAIL_ADDRESS, COUNTRY, ADDRESS, STATE, PHONE_NUMBER) VALUES('Gordon', 'Antonio', 'agordon28@weather.com', 'United States', '8 Maywood Parkway', 'CA', '5-(724)135-8826')
2024-09-27T09:49:31.867-05:00 DEBUG 1828 --- [           main] o.s.jdbc.datasource.init.ScriptUtils     : 1 returned as update count for SQL: INSERT INTO GUEST (LAST_NAME, FIRST_NAME, EMAIL_ADDRESS, COUNTRY, ADDRESS, STATE, PHONE_NUMBER) VALUES('Grant', 'Raymond', 'rgrant11@amazonaws.com', 'China', '248 Scott Trail', '', '0-(001)715-0415')
2024-09-27T09:49:31.867-05:00 DEBUG 1828 --- [           main] o.s.jdbc.datasource.init.ScriptUtils     : 1 returned as update count for SQL: INSERT INTO GUEST (LAST_NAME, FIRST_NAME, EMAIL_ADDRESS, COUNTRY, ADDRESS, STATE, PHONE_NUMBER) VALUES('Grant', 'Janet', 'jgrant2c@nbcnews.com', 'Philippines', '07 Schurz Circle', '', '3-(757)166-1573')
2024-09-27T09:49:31.867-05:00 DEBUG 1828 --- [           main] o.s.jdbc.datasource.init.ScriptUtils     : 1 returned as update count for SQL: INSERT INTO GUEST (LAST_NAME, FIRST_NAME, EMAIL_ADDRESS, COUNTRY, ADDRESS, STATE, PHONE_NUMBER) VALUES('Gray', 'Steven', 'sgray17@over-blog.com', 'Sweden', '4 5th Street', 'AB', '8-(004)861-6730')
2024-09-27T09:49:31.867-05:00 DEBUG 1828 --- [           main] o.s.jdbc.datasource.init.ScriptUtils     : 1 returned as update count for SQL: INSERT INTO GUEST (LAST_NAME, FIRST_NAME, EMAIL_ADDRESS, COUNTRY, ADDRESS, STATE, PHONE_NUMBER) VALUES('Hamilton', 'William', 'whamilton2a@biglobe.ne.jp', 'United States', '23 Ronald Regan Drive', 'MO', '7-(178)515-6650')
2024-09-27T09:49:31.868-05:00 DEBUG 1828 --- [           main] o.s.jdbc.datasource.init.ScriptUtils     : 1 returned as update count for SQL: INSERT INTO GUEST (LAST_NAME, FIRST_NAME, EMAIL_ADDRESS, COUNTRY, ADDRESS, STATE, PHONE_NUMBER) VALUES('Hamilton', 'Ernest', 'ehamilton0@51.la', 'Poland', '3 Bay Park', '', '1-(402)667-5979')
2024-09-27T09:49:31.868-05:00 DEBUG 1828 --- [           main] o.s.jdbc.datasource.init.ScriptUtils     : 1 returned as update count for SQL: INSERT INTO GUEST (LAST_NAME, FIRST_NAME, EMAIL_ADDRESS, COUNTRY, ADDRESS, STATE, PHONE_NUMBER) VALUES('Hansen', 'Jane', 'jhansen0@xrea.com', 'United States', '8 Beilfuss Place', 'SC', '8-(468)743-8087')
2024-09-27T09:49:31.868-05:00 DEBUG 1828 --- [           main] o.s.jdbc.datasource.init.ScriptUtils     : 1 returned as update count for SQL: INSERT INTO GUEST (LAST_NAME, FIRST_NAME, EMAIL_ADDRESS, COUNTRY, ADDRESS, STATE, PHONE_NUMBER) VALUES('Hansen', 'Annie', 'ahansen7@furl.net', 'United States', '728 Fisk Plaza', 'MD', '3-(527)508-7158')
2024-09-27T09:49:31.868-05:00 DEBUG 1828 --- [           main] o.s.jdbc.datasource.init.ScriptUtils     : 1 returned as update count for SQL: INSERT INTO GUEST (LAST_NAME, FIRST_NAME, EMAIL_ADDRESS, COUNTRY, ADDRESS, STATE, PHONE_NUMBER) VALUES('Hanson', 'Carolyn', 'chanson1r@netlog.com', 'United States', '5066 Dottie Junction', 'NY', '8-(597)931-5162')
2024-09-27T09:49:31.868-05:00 DEBUG 1828 --- [           main] o.s.jdbc.datasource.init.ScriptUtils     : 1 returned as update count for SQL: INSERT INTO GUEST (LAST_NAME, FIRST_NAME, EMAIL_ADDRESS, COUNTRY, ADDRESS, STATE, PHONE_NUMBER) VALUES('Hanson', 'Christopher', 'chansonp@ftc.gov', 'Indonesia', '50 Claremont Crossing', '', '5-(759)595-6039')
2024-09-27T09:49:31.868-05:00 DEBUG 1828 --- [           main] o.s.jdbc.datasource.init.ScriptUtils     : 1 returned as update count for SQL: INSERT INTO GUEST (LAST_NAME, FIRST_NAME, EMAIL_ADDRESS, COUNTRY, ADDRESS, STATE, PHONE_NUMBER) VALUES('Harris', 'Michael', 'mharris2g@printfriendly.com', 'United States', '43 Veith Parkway', 'CT', '2-(345)753-2214')
2024-09-27T09:49:31.869-05:00 DEBUG 1828 --- [           main] o.s.jdbc.datasource.init.ScriptUtils     : 1 returned as update count for SQL: INSERT INTO GUEST (LAST_NAME, FIRST_NAME, EMAIL_ADDRESS, COUNTRY, ADDRESS, STATE, PHONE_NUMBER) VALUES('Harrison', 'Stephanie', 'sharrison21@devhub.com', 'Poland', '709 Pepper Wood Avenue', '', '1-(280)302-4944')
2024-09-27T09:49:31.869-05:00 DEBUG 1828 --- [           main] o.s.jdbc.datasource.init.ScriptUtils     : 1 returned as update count for SQL: INSERT INTO GUEST (LAST_NAME, FIRST_NAME, EMAIL_ADDRESS, COUNTRY, ADDRESS, STATE, PHONE_NUMBER) VALUES('Harvey', 'Anne', 'aharvey2g@sfgate.com', 'China', '4 American Place', '', '9-(535)847-7555')
2024-09-27T09:49:31.869-05:00 DEBUG 1828 --- [           main] o.s.jdbc.datasource.init.ScriptUtils     : 1 returned as update count for SQL: INSERT INTO GUEST (LAST_NAME, FIRST_NAME, EMAIL_ADDRESS, COUNTRY, ADDRESS, STATE, PHONE_NUMBER) VALUES('Hayes', 'Barbara', 'bhayes2q@jiathis.com', 'United States', '6 Scofield Circle', 'TX', '0-(173)195-7190')
2024-09-27T09:49:31.869-05:00 DEBUG 1828 --- [           main] o.s.jdbc.datasource.init.ScriptUtils     : 1 returned as update count for SQL: INSERT INTO GUEST (LAST_NAME, FIRST_NAME, EMAIL_ADDRESS, COUNTRY, ADDRESS, STATE, PHONE_NUMBER) VALUES('Hayes', 'Nicole', 'nhayes10@qq.com', 'China', '98830 Schlimgen Park', '', '7-(755)477-0983')
2024-09-27T09:49:31.869-05:00 DEBUG 1828 --- [           main] o.s.jdbc.datasource.init.ScriptUtils     : 1 returned as update count for SQL: INSERT INTO GUEST (LAST_NAME, FIRST_NAME, EMAIL_ADDRESS, COUNTRY, ADDRESS, STATE, PHONE_NUMBER) VALUES('Hayes', 'Emily', 'ehayes1h@ox.ac.uk', 'Indonesia', '784 Susan Street', '', '8-(944)943-0482')
2024-09-27T09:49:31.870-05:00 DEBUG 1828 --- [           main] o.s.jdbc.datasource.init.ScriptUtils     : 1 returned as update count for SQL: INSERT INTO GUEST (LAST_NAME, FIRST_NAME, EMAIL_ADDRESS, COUNTRY, ADDRESS, STATE, PHONE_NUMBER) VALUES('Henderson', 'Martin', 'mhenderson16@wsj.com', 'United States', '7306 Buhler Plaza', 'TX', '6-(058)886-9240')
2024-09-27T09:49:31.870-05:00 DEBUG 1828 --- [           main] o.s.jdbc.datasource.init.ScriptUtils     : 1 returned as update count for SQL: INSERT INTO GUEST (LAST_NAME, FIRST_NAME, EMAIL_ADDRESS, COUNTRY, ADDRESS, STATE, PHONE_NUMBER) VALUES('Hernandez', 'Billy', 'bhernandezx@sphinn.com', 'United States', '994 Kennedy Street', 'PA', '2-(728)757-6883')
2024-09-27T09:49:31.870-05:00 DEBUG 1828 --- [           main] o.s.jdbc.datasource.init.ScriptUtils     : 1 returned as update count for SQL: INSERT INTO GUEST (LAST_NAME, FIRST_NAME, EMAIL_ADDRESS, COUNTRY, ADDRESS, STATE, PHONE_NUMBER) VALUES('Hernandez', 'Heather', 'hhernandezr@hostgator.com', 'Indonesia', '74 Clove Drive', '', '5-(593)151-3362')
2024-09-27T09:49:31.870-05:00 DEBUG 1828 --- [           main] o.s.jdbc.datasource.init.ScriptUtils     : 1 returned as update count for SQL: INSERT INTO GUEST (LAST_NAME, FIRST_NAME, EMAIL_ADDRESS, COUNTRY, ADDRESS, STATE, PHONE_NUMBER) VALUES('Hicks', 'Sharon', 'shicks3@wsj.com', 'Indonesia', '0974 Calypso Junction', '', '3-(868)311-6209')
2024-09-27T09:49:31.870-05:00 DEBUG 1828 --- [           main] o.s.jdbc.datasource.init.ScriptUtils     : 1 returned as update count for SQL: INSERT INTO GUEST (LAST_NAME, FIRST_NAME, EMAIL_ADDRESS, COUNTRY, ADDRESS, STATE, PHONE_NUMBER) VALUES('Hicks', 'Lori', 'lhicks9@wordpress.org', 'China', '854 Lakewood Gardens Court', '', '9-(849)992-9828')
2024-09-27T09:49:31.870-05:00 DEBUG 1828 --- [           main] o.s.jdbc.datasource.init.ScriptUtils     : 1 returned as update count for SQL: INSERT INTO GUEST (LAST_NAME, FIRST_NAME, EMAIL_ADDRESS, COUNTRY, ADDRESS, STATE, PHONE_NUMBER) VALUES('Howard', 'Richard', 'rhoward1i@theatlantic.com', 'United States', '6 Welch Pass', 'CA', '5-(673)015-8549')
2024-09-27T09:49:31.870-05:00 DEBUG 1828 --- [           main] o.s.jdbc.datasource.init.ScriptUtils     : 1 returned as update count for SQL: INSERT INTO GUEST (LAST_NAME, FIRST_NAME, EMAIL_ADDRESS, COUNTRY, ADDRESS, STATE, PHONE_NUMBER) VALUES('Howell', 'Ronald', 'rhowell13@soup.io', 'Japan', '75904 Hoffman Way', '', '3-(124)276-4530')
2024-09-27T09:49:31.871-05:00 DEBUG 1828 --- [           main] o.s.jdbc.datasource.init.ScriptUtils     : 1 returned as update count for SQL: INSERT INTO GUEST (LAST_NAME, FIRST_NAME, EMAIL_ADDRESS, COUNTRY, ADDRESS, STATE, PHONE_NUMBER) VALUES('Hughes', 'Judy', 'jhughes25@4shared.com', 'United States', '03 Sullivan Circle', 'DE', '4-(702)002-3923')
2024-09-27T09:49:31.871-05:00 DEBUG 1828 --- [           main] o.s.jdbc.datasource.init.ScriptUtils     : 1 returned as update count for SQL: INSERT INTO GUEST (LAST_NAME, FIRST_NAME, EMAIL_ADDRESS, COUNTRY, ADDRESS, STATE, PHONE_NUMBER) VALUES('Hunter', 'Amy', 'ahuntere@intel.com', 'United States', '9781 Kennedy Avenue', 'WV', '0-(992)102-4834')
2024-09-27T09:49:31.871-05:00 DEBUG 1828 --- [           main] o.s.jdbc.datasource.init.ScriptUtils     : 1 returned as update count for SQL: INSERT INTO GUEST (LAST_NAME, FIRST_NAME, EMAIL_ADDRESS, COUNTRY, ADDRESS, STATE, PHONE_NUMBER) VALUES('Jackson', 'Kathryn', 'kjackson3@wikia.com', 'United States', '43603 Northwestern Plaza', 'MS', '9-(266)577-1031')
2024-09-27T09:49:31.871-05:00 DEBUG 1828 --- [           main] o.s.jdbc.datasource.init.ScriptUtils     : 1 returned as update count for SQL: INSERT INTO GUEST (LAST_NAME, FIRST_NAME, EMAIL_ADDRESS, COUNTRY, ADDRESS, STATE, PHONE_NUMBER) VALUES('Jenkins', 'Steven', 'sjenkins1e@a8.net', 'United States', '7396 Canary Center', 'CA', '3-(613)563-6513')
2024-09-27T09:49:31.871-05:00 DEBUG 1828 --- [           main] o.s.jdbc.datasource.init.ScriptUtils     : 1 returned as update count for SQL: INSERT INTO GUEST (LAST_NAME, FIRST_NAME, EMAIL_ADDRESS, COUNTRY, ADDRESS, STATE, PHONE_NUMBER) VALUES('Johnson', 'Kevin', 'kjohnson2h@unesco.org', 'Poland', '5 Haas Circle', '', '8-(553)359-6387')
2024-09-27T09:49:31.871-05:00 DEBUG 1828 --- [           main] o.s.jdbc.datasource.init.ScriptUtils     : 1 returned as update count for SQL: INSERT INTO GUEST (LAST_NAME, FIRST_NAME, EMAIL_ADDRESS, COUNTRY, ADDRESS, STATE, PHONE_NUMBER) VALUES('Johnston', 'Christina', 'cjohnston1m@nationalgeographic.com', 'Gabon', '05059 Fordem Lane', '', '7-(543)809-5071')
2024-09-27T09:49:31.872-05:00 DEBUG 1828 --- [           main] o.s.jdbc.datasource.init.ScriptUtils     : 1 returned as update count for SQL: INSERT INTO GUEST (LAST_NAME, FIRST_NAME, EMAIL_ADDRESS, COUNTRY, ADDRESS, STATE, PHONE_NUMBER) VALUES('Johnston', 'Ryan', 'rjohnston1s@ucla.edu', 'Russia', '4 Sunfield Avenue', '', '3-(807)624-4323')
2024-09-27T09:49:31.872-05:00 DEBUG 1828 --- [           main] o.s.jdbc.datasource.init.ScriptUtils     : 1 returned as update count for SQL: INSERT INTO GUEST (LAST_NAME, FIRST_NAME, EMAIL_ADDRESS, COUNTRY, ADDRESS, STATE, PHONE_NUMBER) VALUES('Jordan', 'Marie', 'mjordan1n@weather.com', 'United States', '5 Moulton Avenue', 'GA', '9-(380)848-6527')
2024-09-27T09:49:31.873-05:00 DEBUG 1828 --- [           main] o.s.jdbc.datasource.init.ScriptUtils     : 1 returned as update count for SQL: INSERT INTO GUEST (LAST_NAME, FIRST_NAME, EMAIL_ADDRESS, COUNTRY, ADDRESS, STATE, PHONE_NUMBER) VALUES('Kelley', 'Pamela', 'pkelley2c@hibu.com', 'United States', '97636 5th Pass', 'KS', '0-(546)670-0937')
2024-09-27T09:49:31.873-05:00 DEBUG 1828 --- [           main] o.s.jdbc.datasource.init.ScriptUtils     : 1 returned as update count for SQL: INSERT INTO GUEST (LAST_NAME, FIRST_NAME, EMAIL_ADDRESS, COUNTRY, ADDRESS, STATE, PHONE_NUMBER) VALUES('Kelly', 'Evelyn', 'ekelly2h@facebook.com', 'United States', '82091 Leroy Center', 'KY', '5-(319)309-1959')
2024-09-27T09:49:31.873-05:00 DEBUG 1828 --- [           main] o.s.jdbc.datasource.init.ScriptUtils     : 1 returned as update count for SQL: INSERT INTO GUEST (LAST_NAME, FIRST_NAME, EMAIL_ADDRESS, COUNTRY, ADDRESS, STATE, PHONE_NUMBER) VALUES('Kennedy', 'Dorothy', 'dkennedy23@unblog.fr', 'United States', '01 Park Meadow Place', 'TX', '0-(605)308-6131')
2024-09-27T09:49:31.873-05:00 DEBUG 1828 --- [           main] o.s.jdbc.datasource.init.ScriptUtils     : 1 returned as update count for SQL: INSERT INTO GUEST (LAST_NAME, FIRST_NAME, EMAIL_ADDRESS, COUNTRY, ADDRESS, STATE, PHONE_NUMBER) VALUES('King', 'Sean', 'skingl@geocities.jp', 'Indonesia', '6611 Spaight Street', '', '5-(463)415-7449')
2024-09-27T09:49:31.873-05:00 DEBUG 1828 --- [           main] o.s.jdbc.datasource.init.ScriptUtils     : 1 returned as update count for SQL: INSERT INTO GUEST (LAST_NAME, FIRST_NAME, EMAIL_ADDRESS, COUNTRY, ADDRESS, STATE, PHONE_NUMBER) VALUES('King', 'Kimberly', 'kking1r@naver.com', 'Nigeria', '7 Northfield Avenue', '', '4-(192)264-2329')
2024-09-27T09:49:31.873-05:00 DEBUG 1828 --- [           main] o.s.jdbc.datasource.init.ScriptUtils     : 1 returned as update count for SQL: INSERT INTO GUEST (LAST_NAME, FIRST_NAME, EMAIL_ADDRESS, COUNTRY, ADDRESS, STATE, PHONE_NUMBER) VALUES('King', 'Nicholas', 'nking2r@businessweek.com', 'Philippines', '3 Gulseth Drive', '', '4-(647)544-4105')
2024-09-27T09:49:31.874-05:00 DEBUG 1828 --- [           main] o.s.jdbc.datasource.init.ScriptUtils     : 1 returned as update count for SQL: INSERT INTO GUEST (LAST_NAME, FIRST_NAME, EMAIL_ADDRESS, COUNTRY, ADDRESS, STATE, PHONE_NUMBER) VALUES('Knight', 'Katherine', 'kknight1p@walmart.com', 'United States', '3 Surrey Circle', 'LA', '6-(906)910-4569')
2024-09-27T09:49:31.874-05:00 DEBUG 1828 --- [           main] o.s.jdbc.datasource.init.ScriptUtils     : 1 returned as update count for SQL: INSERT INTO GUEST (LAST_NAME, FIRST_NAME, EMAIL_ADDRESS, COUNTRY, ADDRESS, STATE, PHONE_NUMBER) VALUES('Larson', 'Martin', 'mlarson24@tripadvisor.com', 'United States', '32 Surrey Road', 'NC', '8-(568)965-0021')
2024-09-27T09:49:31.874-05:00 DEBUG 1828 --- [           main] o.s.jdbc.datasource.init.ScriptUtils     : 1 returned as update count for SQL: INSERT INTO GUEST (LAST_NAME, FIRST_NAME, EMAIL_ADDRESS, COUNTRY, ADDRESS, STATE, PHONE_NUMBER) VALUES('Lee', 'Louis', 'lleeh@yellowbook.com', 'United States', '80 Boyd Court', 'NJ', '3-(100)131-3147')
2024-09-27T09:49:31.874-05:00 DEBUG 1828 --- [           main] o.s.jdbc.datasource.init.ScriptUtils     : 1 returned as update count for SQL: INSERT INTO GUEST (LAST_NAME, FIRST_NAME, EMAIL_ADDRESS, COUNTRY, ADDRESS, STATE, PHONE_NUMBER) VALUES('Lewis', 'Ruby', 'rlewisv@answers.com', 'United States', '37 Saint Paul Place', 'IA', '1-(585)331-1972')
2024-09-27T09:49:31.874-05:00 DEBUG 1828 --- [           main] o.s.jdbc.datasource.init.ScriptUtils     : 1 returned as update count for SQL: INSERT INTO GUEST (LAST_NAME, FIRST_NAME, EMAIL_ADDRESS, COUNTRY, ADDRESS, STATE, PHONE_NUMBER) VALUES('Lewis', 'Jonathan', 'jlewis4@tuttocitta.it', 'Mauritania', '1771 Cascade Place', '', '2-(107)787-5478')
2024-09-27T09:49:31.874-05:00 DEBUG 1828 --- [           main] o.s.jdbc.datasource.init.ScriptUtils     : 1 returned as update count for SQL: INSERT INTO GUEST (LAST_NAME, FIRST_NAME, EMAIL_ADDRESS, COUNTRY, ADDRESS, STATE, PHONE_NUMBER) VALUES('Little', 'Eric', 'elittle18@cdc.gov', 'United States', '1008 6th Street', 'FL', '9-(855)524-1969')
2024-09-27T09:49:31.874-05:00 DEBUG 1828 --- [           main] o.s.jdbc.datasource.init.ScriptUtils     : 1 returned as update count for SQL: INSERT INTO GUEST (LAST_NAME, FIRST_NAME, EMAIL_ADDRESS, COUNTRY, ADDRESS, STATE, PHONE_NUMBER) VALUES('Little', 'Kathy', 'klittlec@slideshare.net', 'China', '033 Victoria Circle', '', '9-(104)402-8499')
2024-09-27T09:49:31.875-05:00 DEBUG 1828 --- [           main] o.s.jdbc.datasource.init.ScriptUtils     : 1 returned as update count for SQL: INSERT INTO GUEST (LAST_NAME, FIRST_NAME, EMAIL_ADDRESS, COUNTRY, ADDRESS, STATE, PHONE_NUMBER) VALUES('Martin', 'Frank', 'fmartin1a@ed.gov', 'United States', '21822 Talisman Drive', 'TX', '1-(296)887-1815')
2024-09-27T09:49:31.875-05:00 DEBUG 1828 --- [           main] o.s.jdbc.datasource.init.ScriptUtils     : 1 returned as update count for SQL: INSERT INTO GUEST (LAST_NAME, FIRST_NAME, EMAIL_ADDRESS, COUNTRY, ADDRESS, STATE, PHONE_NUMBER) VALUES('Martin', 'Roy', 'rmarting@delicious.com', 'Bolivia', '789 Scoville Plaza', '', '8-(330)043-5619')
2024-09-27T09:49:31.875-05:00 DEBUG 1828 --- [           main] o.s.jdbc.datasource.init.ScriptUtils     : 1 returned as update count for SQL: INSERT INTO GUEST (LAST_NAME, FIRST_NAME, EMAIL_ADDRESS, COUNTRY, ADDRESS, STATE, PHONE_NUMBER) VALUES('Martinez', 'Randy', 'rmartinez1q@adobe.com', 'United States', '9031 Clove Court', 'KS', '6-(835)245-0202')
2024-09-27T09:49:31.875-05:00 DEBUG 1828 --- [           main] o.s.jdbc.datasource.init.ScriptUtils     : 1 returned as update count for SQL: INSERT INTO GUEST (LAST_NAME, FIRST_NAME, EMAIL_ADDRESS, COUNTRY, ADDRESS, STATE, PHONE_NUMBER) VALUES('Mason', 'Janet', 'jmason1m@pbs.org', 'United States', '48485 Springs Lane', 'WA', '0-(404)244-1973')
2024-09-27T09:49:31.875-05:00 DEBUG 1828 --- [           main] o.s.jdbc.datasource.init.ScriptUtils     : 1 returned as update count for SQL: INSERT INTO GUEST (LAST_NAME, FIRST_NAME, EMAIL_ADDRESS, COUNTRY, ADDRESS, STATE, PHONE_NUMBER) VALUES('Mcdonald', 'Ann', 'amcdonaldu@drupal.org', 'United States', '94 Columbus Crossing', 'IN', '2-(019)467-7792')
2024-09-27T09:49:31.875-05:00 DEBUG 1828 --- [           main] o.s.jdbc.datasource.init.ScriptUtils     : 1 returned as update count for SQL: INSERT INTO GUEST (LAST_NAME, FIRST_NAME, EMAIL_ADDRESS, COUNTRY, ADDRESS, STATE, PHONE_NUMBER) VALUES('Mcdonald', 'Kathryn', 'kmcdonald5@mit.edu', 'Indonesia', '3486 Vidon Street', '', '3-(381)326-4723')
2024-09-27T09:49:31.875-05:00 DEBUG 1828 --- [           main] o.s.jdbc.datasource.init.ScriptUtils     : 1 returned as update count for SQL: INSERT INTO GUEST (LAST_NAME, FIRST_NAME, EMAIL_ADDRESS, COUNTRY, ADDRESS, STATE, PHONE_NUMBER) VALUES('Meyer', 'Lisa', 'lmeyer2k@ycombinator.com', 'Tuvalu', '6 Mallory Circle', '', '6-(321)779-8895')
2024-09-27T09:49:31.876-05:00 DEBUG 1828 --- [           main] o.s.jdbc.datasource.init.ScriptUtils     : 1 returned as update count for SQL: INSERT INTO GUEST (LAST_NAME, FIRST_NAME, EMAIL_ADDRESS, COUNTRY, ADDRESS, STATE, PHONE_NUMBER) VALUES('Miller', 'Pamela', 'pmiller2b@t-online.de', 'United States', '951 High Crossing Alley', 'TX', '1-(377)914-2151')
2024-09-27T09:49:31.876-05:00 DEBUG 1828 --- [           main] o.s.jdbc.datasource.init.ScriptUtils     : 1 returned as update count for SQL: INSERT INTO GUEST (LAST_NAME, FIRST_NAME, EMAIL_ADDRESS, COUNTRY, ADDRESS, STATE, PHONE_NUMBER) VALUES('Miller', 'Brandon', 'bmiller1u@prweb.com', 'Indonesia', '3992 Sugar Circle', '', '6-(106)294-1370')
2024-09-27T09:49:31.876-05:00 DEBUG 1828 --- [           main] o.s.jdbc.datasource.init.ScriptUtils     : 1 returned as update count for SQL: INSERT INTO GUEST (LAST_NAME, FIRST_NAME, EMAIL_ADDRESS, COUNTRY, ADDRESS, STATE, PHONE_NUMBER) VALUES('Miller', 'Julia', 'jmiller2d@zdnet.com', 'Argentina', '551 Bartelt Crossing', '', '0-(666)185-0852')
2024-09-27T09:49:31.876-05:00 DEBUG 1828 --- [           main] o.s.jdbc.datasource.init.ScriptUtils     : 1 returned as update count for SQL: INSERT INTO GUEST (LAST_NAME, FIRST_NAME, EMAIL_ADDRESS, COUNTRY, ADDRESS, STATE, PHONE_NUMBER) VALUES('Montgomery', 'Lois', 'lmontgomeryf@nba.com', 'United States', '8 Farwell Center', 'NC', '8-(375)554-1933')
2024-09-27T09:49:31.876-05:00 DEBUG 1828 --- [           main] o.s.jdbc.datasource.init.ScriptUtils     : 1 returned as update count for SQL: INSERT INTO GUEST (LAST_NAME, FIRST_NAME, EMAIL_ADDRESS, COUNTRY, ADDRESS, STATE, PHONE_NUMBER) VALUES('Morales', 'Jonathan', 'jmorales19@ed.gov', 'United States', '715 Muir Pass', 'TX', '7-(721)881-1745')
2024-09-27T09:49:31.876-05:00 DEBUG 1828 --- [           main] o.s.jdbc.datasource.init.ScriptUtils     : 1 returned as update count for SQL: INSERT INTO GUEST (LAST_NAME, FIRST_NAME, EMAIL_ADDRESS, COUNTRY, ADDRESS, STATE, PHONE_NUMBER) VALUES('Moreno', 'Ronald', 'rmorenoa@wp.com', 'Indonesia', '6832 Dakota Drive', '', '1-(452)732-4207')
2024-09-27T09:49:31.876-05:00 DEBUG 1828 --- [           main] o.s.jdbc.datasource.init.ScriptUtils     : 1 returned as update count for SQL: INSERT INTO GUEST (LAST_NAME, FIRST_NAME, EMAIL_ADDRESS, COUNTRY, ADDRESS, STATE, PHONE_NUMBER) VALUES('Moreno', 'Anne', 'amorenox@imgur.com', 'China', '72 Autumn Leaf Drive', '', '7-(297)043-6194')
2024-09-27T09:49:31.877-05:00 DEBUG 1828 --- [           main] o.s.jdbc.datasource.init.ScriptUtils     : 1 returned as update count for SQL: INSERT INTO GUEST (LAST_NAME, FIRST_NAME, EMAIL_ADDRESS, COUNTRY, ADDRESS, STATE, PHONE_NUMBER) VALUES('Moreno', 'Martha', 'mmoreno1a@skyrock.com', 'China', '41 Ridgeview Pass', '', '8-(179)386-6387')
2024-09-27T09:49:31.877-05:00 DEBUG 1828 --- [           main] o.s.jdbc.datasource.init.ScriptUtils     : 1 returned as update count for SQL: INSERT INTO GUEST (LAST_NAME, FIRST_NAME, EMAIL_ADDRESS, COUNTRY, ADDRESS, STATE, PHONE_NUMBER) VALUES('Moreno', 'Linda', 'lmoreno22@odnoklassniki.ru', 'Indonesia', '09 Mesta Street', '', '6-(716)643-5063')
2024-09-27T09:49:31.877-05:00 DEBUG 1828 --- [           main] o.s.jdbc.datasource.init.ScriptUtils     : 1 returned as update count for SQL: INSERT INTO GUEST (LAST_NAME, FIRST_NAME, EMAIL_ADDRESS, COUNTRY, ADDRESS, STATE, PHONE_NUMBER) VALUES('Morgan', 'Shawn', 'smorgany@a8.net', 'United States', '5351 Blaine Street', 'UT', '9-(614)327-3110')
2024-09-27T09:49:31.877-05:00 DEBUG 1828 --- [           main] o.s.jdbc.datasource.init.ScriptUtils     : 1 returned as update count for SQL: INSERT INTO GUEST (LAST_NAME, FIRST_NAME, EMAIL_ADDRESS, COUNTRY, ADDRESS, STATE, PHONE_NUMBER) VALUES('Morgan', 'Ruby', 'rmorgan1n@narod.ru', 'France', '13 Arapahoe Drive', 'B2', '4-(056)808-7190')
2024-09-27T09:49:31.877-05:00 DEBUG 1828 --- [           main] o.s.jdbc.datasource.init.ScriptUtils     : 1 returned as update count for SQL: INSERT INTO GUEST (LAST_NAME, FIRST_NAME, EMAIL_ADDRESS, COUNTRY, ADDRESS, STATE, PHONE_NUMBER) VALUES('Morris', 'Russell', 'rmorrist@yahoo.com', 'United States', '2 Dryden Street', 'CA', '8-(312)542-5335')
2024-09-27T09:49:31.877-05:00 DEBUG 1828 --- [           main] o.s.jdbc.datasource.init.ScriptUtils     : 1 returned as update count for SQL: INSERT INTO GUEST (LAST_NAME, FIRST_NAME, EMAIL_ADDRESS, COUNTRY, ADDRESS, STATE, PHONE_NUMBER) VALUES('Morris', 'Ernest', 'emorris17@linkedin.com', 'United States', '538 Lawn Hill', 'NY', '0-(722)159-2263')
2024-09-27T09:49:31.877-05:00 DEBUG 1828 --- [           main] o.s.jdbc.datasource.init.ScriptUtils     : 1 returned as update count for SQL: INSERT INTO GUEST (LAST_NAME, FIRST_NAME, EMAIL_ADDRESS, COUNTRY, ADDRESS, STATE, PHONE_NUMBER) VALUES('Morris', 'Frank', 'fmorris15@goo.ne.jp', 'Greece', '073 Moland Avenue', '', '3-(574)360-9298')
2024-09-27T09:49:31.878-05:00 DEBUG 1828 --- [           main] o.s.jdbc.datasource.init.ScriptUtils     : 1 returned as update count for SQL: INSERT INTO GUEST (LAST_NAME, FIRST_NAME, EMAIL_ADDRESS, COUNTRY, ADDRESS, STATE, PHONE_NUMBER) VALUES('Murphy', 'Sharon', 'smurphy1x@exblog.jp', 'United States', '030 Tomscot Trail', 'NC', '3-(392)774-3776')
2024-09-27T09:49:31.878-05:00 DEBUG 1828 --- [           main] o.s.jdbc.datasource.init.ScriptUtils     : 1 returned as update count for SQL: INSERT INTO GUEST (LAST_NAME, FIRST_NAME, EMAIL_ADDRESS, COUNTRY, ADDRESS, STATE, PHONE_NUMBER) VALUES('Murray', 'Angela', 'amurray1f@elegantthemes.com', 'United States', '11496 Bobwhite Junction', 'VA', '7-(311)742-6306')
2024-09-27T09:49:31.878-05:00 DEBUG 1828 --- [           main] o.s.jdbc.datasource.init.ScriptUtils     : 1 returned as update count for SQL: INSERT INTO GUEST (LAST_NAME, FIRST_NAME, EMAIL_ADDRESS, COUNTRY, ADDRESS, STATE, PHONE_NUMBER) VALUES('Murray', 'Tina', 'tmurray8@admin.ch', 'Brazil', '63 Arapahoe Avenue', '', '7-(922)695-1373')
2024-09-27T09:49:31.878-05:00 DEBUG 1828 --- [           main] o.s.jdbc.datasource.init.ScriptUtils     : 1 returned as update count for SQL: INSERT INTO GUEST (LAST_NAME, FIRST_NAME, EMAIL_ADDRESS, COUNTRY, ADDRESS, STATE, PHONE_NUMBER) VALUES('Murray', 'Judith', 'jmurray12@weather.com', 'China', '772 Eagle Crest Court', '', '5-(447)261-8375')
2024-09-27T09:49:31.878-05:00 DEBUG 1828 --- [           main] o.s.jdbc.datasource.init.ScriptUtils     : 1 returned as update count for SQL: INSERT INTO GUEST (LAST_NAME, FIRST_NAME, EMAIL_ADDRESS, COUNTRY, ADDRESS, STATE, PHONE_NUMBER) VALUES('Nguyen', 'Michelle', 'mnguyen9@home.pl', 'United States', '76 Vidon Crossing', 'LA', '3-(168)110-6625')
2024-09-27T09:49:31.878-05:00 DEBUG 1828 --- [           main] o.s.jdbc.datasource.init.ScriptUtils     : 1 returned as update count for SQL: INSERT INTO GUEST (LAST_NAME, FIRST_NAME, EMAIL_ADDRESS, COUNTRY, ADDRESS, STATE, PHONE_NUMBER) VALUES('Nichols', 'Sean', 'snichols1d@alexa.com', 'Indonesia', '48 Garrison Court', '', '9-(909)775-6033')
2024-09-27T09:49:31.883-05:00 DEBUG 1828 --- [           main] o.s.jdbc.datasource.init.ScriptUtils     : 1 returned as update count for SQL: INSERT INTO GUEST (LAST_NAME, FIRST_NAME, EMAIL_ADDRESS, COUNTRY, ADDRESS, STATE, PHONE_NUMBER) VALUES('Owens', 'Joyce', 'jowens1o@icq.com', 'United States', '0017 Fordem Hill', 'CA', '6-(213)022-2309')
2024-09-27T09:49:31.884-05:00 DEBUG 1828 --- [           main] o.s.jdbc.datasource.init.ScriptUtils     : 1 returned as update count for SQL: INSERT INTO GUEST (LAST_NAME, FIRST_NAME, EMAIL_ADDRESS, COUNTRY, ADDRESS, STATE, PHONE_NUMBER) VALUES('Owens', 'Alan', 'aowens16@domainmarket.com', 'Zimbabwe', '9 Tomscot Place', '', '3-(534)603-4932')
2024-09-27T09:49:31.884-05:00 DEBUG 1828 --- [           main] o.s.jdbc.datasource.init.ScriptUtils     : 1 returned as update count for SQL: INSERT INTO GUEST (LAST_NAME, FIRST_NAME, EMAIL_ADDRESS, COUNTRY, ADDRESS, STATE, PHONE_NUMBER) VALUES('Perez', 'Rebecca', 'rperezo@sbwire.com', 'United States', '67390 Manitowish Pass', 'TX', '7-(406)875-9890')
2024-09-27T09:49:31.884-05:00 DEBUG 1828 --- [           main] o.s.jdbc.datasource.init.ScriptUtils     : 1 returned as update count for SQL: INSERT INTO GUEST (LAST_NAME, FIRST_NAME, EMAIL_ADDRESS, COUNTRY, ADDRESS, STATE, PHONE_NUMBER) VALUES('Perez', 'Marilyn', 'mperez1g@epa.gov', 'United States', '191 East Lane', 'TN', '2-(678)829-2820')
2024-09-27T09:49:31.884-05:00 DEBUG 1828 --- [           main] o.s.jdbc.datasource.init.ScriptUtils     : 1 returned as update count for SQL: INSERT INTO GUEST (LAST_NAME, FIRST_NAME, EMAIL_ADDRESS, COUNTRY, ADDRESS, STATE, PHONE_NUMBER) VALUES('Perry', 'John', 'jperry1d@xinhuanet.com', 'United States', '02184 2nd Way', 'MD', '3-(362)867-6688')
2024-09-27T09:49:31.884-05:00 DEBUG 1828 --- [           main] o.s.jdbc.datasource.init.ScriptUtils     : 1 returned as update count for SQL: INSERT INTO GUEST (LAST_NAME, FIRST_NAME, EMAIL_ADDRESS, COUNTRY, ADDRESS, STATE, PHONE_NUMBER) VALUES('Perry', 'Sharon', 'sperryd@barnesandnoble.com', 'China', '9202 Clemons Avenue', '', '3-(895)126-1278')
2024-09-27T09:49:31.884-05:00 DEBUG 1828 --- [           main] o.s.jdbc.datasource.init.ScriptUtils     : 1 returned as update count for SQL: INSERT INTO GUEST (LAST_NAME, FIRST_NAME, EMAIL_ADDRESS, COUNTRY, ADDRESS, STATE, PHONE_NUMBER) VALUES('Pierce', 'Alice', 'apierce2r@umich.edu', 'United States', '6 Corben Trail', 'MI', '0-(467)177-3734')
2024-09-27T09:49:31.884-05:00 DEBUG 1828 --- [           main] o.s.jdbc.datasource.init.ScriptUtils     : 1 returned as update count for SQL: INSERT INTO GUEST (LAST_NAME, FIRST_NAME, EMAIL_ADDRESS, COUNTRY, ADDRESS, STATE, PHONE_NUMBER) VALUES('Pierce', 'Ernest', 'epierce1w@flavors.me', 'France', '99 Warner Drive', 'B2', '7-(918)938-0007')
2024-09-27T09:49:31.885-05:00 DEBUG 1828 --- [           main] o.s.jdbc.datasource.init.ScriptUtils     : 1 returned as update count for SQL: INSERT INTO GUEST (LAST_NAME, FIRST_NAME, EMAIL_ADDRESS, COUNTRY, ADDRESS, STATE, PHONE_NUMBER) VALUES('Pierce', 'Lois', 'lpierce2n@spotify.com', 'Argentina', '819 Holy Cross Drive', '', '4-(370)593-0211')
2024-09-27T09:49:31.885-05:00 DEBUG 1828 --- [           main] o.s.jdbc.datasource.init.ScriptUtils     : 1 returned as update count for SQL: INSERT INTO GUEST (LAST_NAME, FIRST_NAME, EMAIL_ADDRESS, COUNTRY, ADDRESS, STATE, PHONE_NUMBER) VALUES('Porter', 'Debra', 'dporter1x@sakura.ne.jp', 'Indonesia', '1 Haas Street', '', '8-(747)340-6398')
2024-09-27T09:49:31.885-05:00 DEBUG 1828 --- [           main] o.s.jdbc.datasource.init.ScriptUtils     : 1 returned as update count for SQL: INSERT INTO GUEST (LAST_NAME, FIRST_NAME, EMAIL_ADDRESS, COUNTRY, ADDRESS, STATE, PHONE_NUMBER) VALUES('Ramirez', 'Frank', 'framirez2k@goodreads.com', 'United States', '3 Rowland Parkway', 'NC', '0-(669)037-4790')
2024-09-27T09:49:31.885-05:00 DEBUG 1828 --- [           main] o.s.jdbc.datasource.init.ScriptUtils     : 1 returned as update count for SQL: INSERT INTO GUEST (LAST_NAME, FIRST_NAME, EMAIL_ADDRESS, COUNTRY, ADDRESS, STATE, PHONE_NUMBER) VALUES('Ray', 'Norma', 'nray1l@columbia.edu', 'United States', '8 Crescent Oaks Terrace', 'CA', '3-(007)729-3299')
2024-09-27T09:49:31.885-05:00 DEBUG 1828 --- [           main] o.s.jdbc.datasource.init.ScriptUtils     : 1 returned as update count for SQL: INSERT INTO GUEST (LAST_NAME, FIRST_NAME, EMAIL_ADDRESS, COUNTRY, ADDRESS, STATE, PHONE_NUMBER) VALUES('Reid', 'Katherine', 'kreid2@reverbnation.com', 'United States', '51 Stang Crossing', 'CA', '1-(816)180-4329')
2024-09-27T09:49:31.885-05:00 DEBUG 1828 --- [           main] o.s.jdbc.datasource.init.ScriptUtils     : 1 returned as update count for SQL: INSERT INTO GUEST (LAST_NAME, FIRST_NAME, EMAIL_ADDRESS, COUNTRY, ADDRESS, STATE, PHONE_NUMBER) VALUES('Reid', 'Phyllis', 'preids@amazon.co.uk', 'Peru', '46 Rusk Parkway', '', '8-(695)108-5308')
2024-09-27T09:49:31.885-05:00 DEBUG 1828 --- [           main] o.s.jdbc.datasource.init.ScriptUtils     : 1 returned as update count for SQL: INSERT INTO GUEST (LAST_NAME, FIRST_NAME, EMAIL_ADDRESS, COUNTRY, ADDRESS, STATE, PHONE_NUMBER) VALUES('Reid', 'Ashley', 'areid1p@taobao.com', 'United States', '88 Village Green Center', 'OH', '0-(960)491-5644')
2024-09-27T09:49:31.886-05:00 DEBUG 1828 --- [           main] o.s.jdbc.datasource.init.ScriptUtils     : 1 returned as update count for SQL: INSERT INTO GUEST (LAST_NAME, FIRST_NAME, EMAIL_ADDRESS, COUNTRY, ADDRESS, STATE, PHONE_NUMBER) VALUES('Reyes', 'Nicole', 'nreyes5@exblog.jp', 'United States', '67524 Nobel Way', 'AZ', '7-(420)898-9688')
2024-09-27T09:49:31.886-05:00 DEBUG 1828 --- [           main] o.s.jdbc.datasource.init.ScriptUtils     : 1 returned as update count for SQL: INSERT INTO GUEST (LAST_NAME, FIRST_NAME, EMAIL_ADDRESS, COUNTRY, ADDRESS, STATE, PHONE_NUMBER) VALUES('Reynolds', 'Gary', 'greynoldsz@state.gov', 'United States', '1 Prairieview Center', 'WA', '5-(337)284-9527')
2024-09-27T09:49:31.886-05:00 DEBUG 1828 --- [           main] o.s.jdbc.datasource.init.ScriptUtils     : 1 returned as update count for SQL: INSERT INTO GUEST (LAST_NAME, FIRST_NAME, EMAIL_ADDRESS, COUNTRY, ADDRESS, STATE, PHONE_NUMBER) VALUES('Richards', 'Jessica', 'jrichards21@issuu.com', 'United States', '924 John Wall Trail', 'ME', '8-(061)711-6311')
2024-09-27T09:49:31.886-05:00 DEBUG 1828 --- [           main] o.s.jdbc.datasource.init.ScriptUtils     : 1 returned as update count for SQL: INSERT INTO GUEST (LAST_NAME, FIRST_NAME, EMAIL_ADDRESS, COUNTRY, ADDRESS, STATE, PHONE_NUMBER) VALUES('Riley', 'Patricia', 'prileyd@topsy.com', 'United States', '459 3rd Avenue', 'GA', '8-(662)260-9720')
2024-09-27T09:49:31.886-05:00 DEBUG 1828 --- [           main] o.s.jdbc.datasource.init.ScriptUtils     : 1 returned as update count for SQL: INSERT INTO GUEST (LAST_NAME, FIRST_NAME, EMAIL_ADDRESS, COUNTRY, ADDRESS, STATE, PHONE_NUMBER) VALUES('Rivera', 'Cynthia', 'crivera1i@dagondesign.com', 'Central African Republic', '257 Raven Street', '', '2-(285)744-2177')
2024-09-27T09:49:31.886-05:00 DEBUG 1828 --- [           main] o.s.jdbc.datasource.init.ScriptUtils     : 1 returned as update count for SQL: INSERT INTO GUEST (LAST_NAME, FIRST_NAME, EMAIL_ADDRESS, COUNTRY, ADDRESS, STATE, PHONE_NUMBER) VALUES('Rodriguez', 'Christine', 'crodriguez1l@amazonaws.com', 'Mauritius', '78026 Everett Center', '', '8-(868)081-1984')
2024-09-27T09:49:31.886-05:00 DEBUG 1828 --- [           main] o.s.jdbc.datasource.init.ScriptUtils     : 1 returned as update count for SQL: INSERT INTO GUEST (LAST_NAME, FIRST_NAME, EMAIL_ADDRESS, COUNTRY, ADDRESS, STATE, PHONE_NUMBER) VALUES('Rodriguez', 'Kelly', 'krodriguez25@china.com.cn', 'Dominican Republic', '9 Beilfuss Plaza', '', '7-(441)055-8273')
2024-09-27T09:49:31.887-05:00 DEBUG 1828 --- [           main] o.s.jdbc.datasource.init.ScriptUtils     : 1 returned as update count for SQL: INSERT INTO GUEST (LAST_NAME, FIRST_NAME, EMAIL_ADDRESS, COUNTRY, ADDRESS, STATE, PHONE_NUMBER) VALUES('Rogers', 'Frank', 'frogers1w@statcounter.com', 'United States', '37717 Rutledge Park', 'PA', '8-(685)173-5668')
2024-09-27T09:49:31.887-05:00 DEBUG 1828 --- [           main] o.s.jdbc.datasource.init.ScriptUtils     : 1 returned as update count for SQL: INSERT INTO GUEST (LAST_NAME, FIRST_NAME, EMAIL_ADDRESS, COUNTRY, ADDRESS, STATE, PHONE_NUMBER) VALUES('Rogers', 'Janet', 'jrogers1o@ft.com', 'Argentina', '5 Muir Terrace', '', '5-(740)110-8659')
2024-09-27T09:49:31.887-05:00 DEBUG 1828 --- [           main] o.s.jdbc.datasource.init.ScriptUtils     : 1 returned as update count for SQL: INSERT INTO GUEST (LAST_NAME, FIRST_NAME, EMAIL_ADDRESS, COUNTRY, ADDRESS, STATE, PHONE_NUMBER) VALUES('Rose', 'Sarah', 'srose1@japanpost.jp', 'United States', '3147 3rd Place', 'CA', '9-(625)374-4080')
2024-09-27T09:49:31.887-05:00 DEBUG 1828 --- [           main] o.s.jdbc.datasource.init.ScriptUtils     : 1 returned as update count for SQL: INSERT INTO GUEST (LAST_NAME, FIRST_NAME, EMAIL_ADDRESS, COUNTRY, ADDRESS, STATE, PHONE_NUMBER) VALUES('Rose', 'Scott', 'srose2o@chron.com', 'United States', '7741 Dennis Crossing', 'IA', '2-(957)474-8286')
2024-09-27T09:49:31.888-05:00 DEBUG 1828 --- [           main] o.s.jdbc.datasource.init.ScriptUtils     : 1 returned as update count for SQL: INSERT INTO GUEST (LAST_NAME, FIRST_NAME, EMAIL_ADDRESS, COUNTRY, ADDRESS, STATE, PHONE_NUMBER) VALUES('Ruiz', 'Paula', 'pruiz10@de.vu', 'United States', '0 Stone Corner Drive', 'CA', '5-(733)929-8978')
2024-09-27T09:49:31.889-05:00 DEBUG 1828 --- [           main] o.s.jdbc.datasource.init.ScriptUtils     : 1 returned as update count for SQL: INSERT INTO GUEST (LAST_NAME, FIRST_NAME, EMAIL_ADDRESS, COUNTRY, ADDRESS, STATE, PHONE_NUMBER) VALUES('Russell', 'Jerry', 'jrussellh@mtv.com', 'Indonesia', '18 Redwing Center', '', '7-(835)874-3804')
2024-09-27T09:49:31.889-05:00 DEBUG 1828 --- [           main] o.s.jdbc.datasource.init.ScriptUtils     : 1 returned as update count for SQL: INSERT INTO GUEST (LAST_NAME, FIRST_NAME, EMAIL_ADDRESS, COUNTRY, ADDRESS, STATE, PHONE_NUMBER) VALUES('Ryan', 'Patrick', 'pryanq@bing.com', 'Portugal', '2456 Randy Junction', '13', '7-(908)548-4462')
2024-09-27T09:49:31.889-05:00 DEBUG 1828 --- [           main] o.s.jdbc.datasource.init.ScriptUtils     : 1 returned as update count for SQL: INSERT INTO GUEST (LAST_NAME, FIRST_NAME, EMAIL_ADDRESS, COUNTRY, ADDRESS, STATE, PHONE_NUMBER) VALUES('Sanchez', 'Shawn', 'ssanchezy@utexas.edu', 'Colombia', '3 Butternut Point', '', '6-(314)041-2239')
2024-09-27T09:49:31.889-05:00 DEBUG 1828 --- [           main] o.s.jdbc.datasource.init.ScriptUtils     : 1 returned as update count for SQL: INSERT INTO GUEST (LAST_NAME, FIRST_NAME, EMAIL_ADDRESS, COUNTRY, ADDRESS, STATE, PHONE_NUMBER) VALUES('Sanders', 'Patricia', 'psandersb@squarespace.com', 'United States', '9349 Morning Center', 'MO', '1-(201)273-2884')
2024-09-27T09:49:31.889-05:00 DEBUG 1828 --- [           main] o.s.jdbc.datasource.init.ScriptUtils     : 1 returned as update count for SQL: INSERT INTO GUEST (LAST_NAME, FIRST_NAME, EMAIL_ADDRESS, COUNTRY, ADDRESS, STATE, PHONE_NUMBER) VALUES('Sanders', 'Marie', 'msandersz@jiathis.com', 'Indonesia', '956 Texas Terrace', '', '6-(897)485-7971')
2024-09-27T09:49:31.890-05:00 DEBUG 1828 --- [           main] o.s.jdbc.datasource.init.ScriptUtils     : 1 returned as update count for SQL: INSERT INTO GUEST (LAST_NAME, FIRST_NAME, EMAIL_ADDRESS, COUNTRY, ADDRESS, STATE, PHONE_NUMBER) VALUES('Sanders', 'Frances', 'fsanders2j@ow.ly', 'China', '048 Mifflin Plaza', '', '5-(360)904-8808')
2024-09-27T09:49:31.890-05:00 DEBUG 1828 --- [           main] o.s.jdbc.datasource.init.ScriptUtils     : 1 returned as update count for SQL: INSERT INTO GUEST (LAST_NAME, FIRST_NAME, EMAIL_ADDRESS, COUNTRY, ADDRESS, STATE, PHONE_NUMBER) VALUES('Shaw', 'Carol', 'cshaw2e@marriott.com', 'United States', '650 Grover Alley', 'GA', '6-(867)939-2196')
2024-09-27T09:49:31.890-05:00 DEBUG 1828 --- [           main] o.s.jdbc.datasource.init.ScriptUtils     : 1 returned as update count for SQL: INSERT INTO GUEST (LAST_NAME, FIRST_NAME, EMAIL_ADDRESS, COUNTRY, ADDRESS, STATE, PHONE_NUMBER) VALUES('Simmons', 'James', 'jsimmons22@mysql.com', 'United States', '79 Hansons Circle', 'VA', '4-(084)741-2810')
2024-09-27T09:49:31.890-05:00 DEBUG 1828 --- [           main] o.s.jdbc.datasource.init.ScriptUtils     : 1 returned as update count for SQL: INSERT INTO GUEST (LAST_NAME, FIRST_NAME, EMAIL_ADDRESS, COUNTRY, ADDRESS, STATE, PHONE_NUMBER) VALUES('Snyder', 'Fred', 'fsnyder2n@samsung.com', 'United States', '5 8th Drive', 'CA', '4-(204)127-6115')
2024-09-27T09:49:31.890-05:00 DEBUG 1828 --- [           main] o.s.jdbc.datasource.init.ScriptUtils     : 1 returned as update count for SQL: INSERT INTO GUEST (LAST_NAME, FIRST_NAME, EMAIL_ADDRESS, COUNTRY, ADDRESS, STATE, PHONE_NUMBER) VALUES('Snyder', 'Benjamin', 'bsnyderv@cafepress.com', 'Poland', '8 Steensland Point', '', '3-(961)447-1196')
2024-09-27T09:49:31.890-05:00 DEBUG 1828 --- [           main] o.s.jdbc.datasource.init.ScriptUtils     : 1 returned as update count for SQL: INSERT INTO GUEST (LAST_NAME, FIRST_NAME, EMAIL_ADDRESS, COUNTRY, ADDRESS, STATE, PHONE_NUMBER) VALUES('Stephens', 'Joyce', 'jstephens20@zimbio.com', 'United States', '5 Toban Drive', 'MO', '9-(961)593-9442')
2024-09-27T09:49:31.890-05:00 DEBUG 1828 --- [           main] o.s.jdbc.datasource.init.ScriptUtils     : 1 returned as update count for SQL: INSERT INTO GUEST (LAST_NAME, FIRST_NAME, EMAIL_ADDRESS, COUNTRY, ADDRESS, STATE, PHONE_NUMBER) VALUES('Stephens', 'Barbara', 'bstephens1f@yellowbook.com', 'Cuba', '27 Fulton Plaza', '', '5-(765)751-8667')
2024-09-27T09:49:31.891-05:00 DEBUG 1828 --- [           main] o.s.jdbc.datasource.init.ScriptUtils     : 1 returned as update count for SQL: INSERT INTO GUEST (LAST_NAME, FIRST_NAME, EMAIL_ADDRESS, COUNTRY, ADDRESS, STATE, PHONE_NUMBER) VALUES('Stone', 'Kelly', 'kstonei@cdc.gov', 'United States', '26 Kropf Way', 'NY', '8-(139)634-6415')
2024-09-27T09:49:31.891-05:00 DEBUG 1828 --- [           main] o.s.jdbc.datasource.init.ScriptUtils     : 1 returned as update count for SQL: INSERT INTO GUEST (LAST_NAME, FIRST_NAME, EMAIL_ADDRESS, COUNTRY, ADDRESS, STATE, PHONE_NUMBER) VALUES('Torres', 'Angela', 'atorres8@uol.com.br', 'United States', '63232 Columbus Place', 'MA', '1-(439)654-3373')
2024-09-27T09:49:31.891-05:00 DEBUG 1828 --- [           main] o.s.jdbc.datasource.init.ScriptUtils     : 1 returned as update count for SQL: INSERT INTO GUEST (LAST_NAME, FIRST_NAME, EMAIL_ADDRESS, COUNTRY, ADDRESS, STATE, PHONE_NUMBER) VALUES('Tucker', 'Roy', 'rtuckerg@example.com', 'United States', '6707 Maple Parkway', 'OH', '3-(093)128-8690')
2024-09-27T09:49:31.891-05:00 DEBUG 1828 --- [           main] o.s.jdbc.datasource.init.ScriptUtils     : 1 returned as update count for SQL: INSERT INTO GUEST (LAST_NAME, FIRST_NAME, EMAIL_ADDRESS, COUNTRY, ADDRESS, STATE, PHONE_NUMBER) VALUES('Tucker', 'Joseph', 'jtucker15@disqus.com', 'United States', '17922 Quincy Pass', 'CA', '0-(990)513-0451')
[...]
	at org.junit.platform.engine.support.hierarchical.ThrowableCollector.execute(ThrowableCollector.java:73) ~[junit-platform-engine-1.10.3.jar:1.10.3]
	at org.junit.platform.engine.support.hierarchical.NodeTestTask.executeRecursively(NodeTestTask.java:138) ~[junit-platform-engine-1.10.3.jar:1.10.3]
	at org.junit.platform.engine.support.hierarchical.NodeTestTask.execute(NodeTestTask.java:95) ~[junit-platform-engine-1.10.3.jar:1.10.3]
	at org.junit.platform.engine.support.hierarchical.SameThreadHierarchicalTestExecutorService.submit(SameThreadHierarchicalTestExecutorService.java:35) ~[junit-platform-engine-1.10.3.jar:1.10.3]
	at org.junit.platform.engine.support.hierarchical.HierarchicalTestExecutor.execute(HierarchicalTestExecutor.java:57) ~[junit-platform-engine-1.10.3.jar:1.10.3]
	at org.junit.platform.engine.support.hierarchical.HierarchicalTestEngine.execute(HierarchicalTestEngine.java:54) ~[junit-platform-engine-1.10.3.jar:1.10.3]
	at org.junit.platform.launcher.core.EngineExecutionOrchestrator.execute(EngineExecutionOrchestrator.java:198) ~[junit-platform-launcher-1.10.3.jar:1.10.3]
	at org.junit.platform.launcher.core.EngineExecutionOrchestrator.execute(EngineExecutionOrchestrator.java:169) ~[junit-platform-launcher-1.10.3.jar:1.10.3]
	at org.junit.platform.launcher.core.EngineExecutionOrchestrator.execute(EngineExecutionOrchestrator.java:93) ~[junit-platform-launcher-1.10.3.jar:1.10.3]
	at org.junit.platform.launcher.core.EngineExecutionOrchestrator.lambda$execute$0(EngineExecutionOrchestrator.java:58) ~[junit-platform-launcher-1.10.3.jar:1.10.3]
	at org.junit.platform.launcher.core.EngineExecutionOrchestrator.withInterceptedStreams(EngineExecutionOrchestrator.java:141) ~[junit-platform-launcher-1.10.3.jar:1.10.3]
	at org.junit.platform.launcher.core.EngineExecutionOrchestrator.execute(EngineExecutionOrchestrator.java:57) ~[junit-platform-launcher-1.10.3.jar:1.10.3]
	at org.junit.platform.launcher.core.DefaultLauncher.execute(DefaultLauncher.java:103) ~[junit-platform-launcher-1.10.3.jar:1.10.3]
	at org.junit.platform.launcher.core.DefaultLauncher.execute(DefaultLauncher.java:85) ~[junit-platform-launcher-1.10.3.jar:1.10.3]
	at org.junit.platform.launcher.core.DelegatingLauncher.execute(DelegatingLauncher.java:47) ~[junit-platform-launcher-1.10.3.jar:1.10.3]
	at org.apache.maven.surefire.junitplatform.LazyLauncher.execute(LazyLauncher.java:56) ~[surefire-junit-platform-3.2.5.jar:3.2.5]
	at org.apache.maven.surefire.junitplatform.JUnitPlatformProvider.execute(JUnitPlatformProvider.java:184) ~[surefire-junit-platform-3.2.5.jar:3.2.5]
	at org.apache.maven.surefire.junitplatform.JUnitPlatformProvider.invokeAllTests(JUnitPlatformProvider.java:148) ~[surefire-junit-platform-3.2.5.jar:3.2.5]
	at org.apache.maven.surefire.junitplatform.JUnitPlatformProvider.invoke(JUnitPlatformProvider.java:122) ~[surefire-junit-platform-3.2.5.jar:3.2.5]
	at org.apache.maven.surefire.booter.ForkedBooter.runSuitesInProcess(ForkedBooter.java:385) ~[surefire-booter-3.2.5.jar:3.2.5]
	at org.apache.maven.surefire.booter.ForkedBooter.execute(ForkedBooter.java:162) ~[surefire-booter-3.2.5.jar:3.2.5]
	at org.apache.maven.surefire.booter.ForkedBooter.run(ForkedBooter.java:507) ~[surefire-booter-3.2.5.jar:3.2.5]
	at org.apache.maven.surefire.booter.ForkedBooter.main(ForkedBooter.java:495) ~[surefire-booter-3.2.5.jar:3.2.5]

2024-09-27T09:49:32.883-05:00  INFO 1828 --- [           main] j.LocalContainerEntityManagerFactoryBean : Closing JPA EntityManagerFactory for persistence unit 'default'
2024-09-27T09:49:32.884-05:00  INFO 1828 --- [           main] com.zaxxer.hikari.HikariDataSource       : HikariPool-1 - Shutdown initiated...
2024-09-27T09:49:32.885-05:00  INFO 1828 --- [           main] com.zaxxer.hikari.HikariDataSource       : HikariPool-1 - Shutdown completed.
2024-09-27T09:49:32.886-05:00  WARN 1828 --- [           main] o.s.test.context.TestContextManager      : Caught exception while allowing TestExecutionListener [org.springframework.test.context.web.ServletTestExecutionListener] to prepare test instance [com.nancynahra.lil.learning_spring.LearningSpringApplicationTests@7e8f97dd]

java.lang.IllegalStateException: Failed to load ApplicationContext for [WebMergedContextConfiguration@44b5b54 testClass = com.nancynahra.lil.learning_spring.LearningSpringApplicationTests, locations = [], classes = [com.nancynahra.lil.learning_spring.LearningSpringApplication], contextInitializerClasses = [], activeProfiles = [], propertySourceDescriptors = [], propertySourceProperties = ["org.springframework.boot.test.context.SpringBootTestContextBootstrapper=true"], contextCustomizers = [org.springframework.boot.test.context.filter.ExcludeFilterContextCustomizer@524f3b3a, org.springframework.boot.test.json.DuplicateJsonObjectContextCustomizerFactory$DuplicateJsonObjectContextCustomizer@77102b91, org.springframework.boot.test.mock.mockito.MockitoContextCustomizer@0, org.springframework.boot.test.web.client.TestRestTemplateContextCustomizer@1b84f475, org.springframework.boot.test.web.reactor.netty.DisableReactorResourceFactoryGlobalResourcesContextCustomizerFactory$DisableReactorResourceFactoryGlobalResourcesContextCustomizerCustomizer@19e4fcac, org.springframework.boot.test.autoconfigure.actuate.observability.ObservabilityContextCustomizerFactory$DisableObservabilityContextCustomizer@1f, org.springframework.boot.test.autoconfigure.properties.PropertyMappingContextCustomizer@0, org.springframework.boot.test.autoconfigure.web.servlet.WebDriverContextCustomizer@41709512, org.springframework.boot.test.context.SpringBootTestAnnotation@5677b501], resourceBasePath = "src/main/webapp", contextLoader = org.springframework.boot.test.context.SpringBootContextLoader, parent = null]
	at org.springframework.test.context.cache.DefaultCacheAwareContextLoaderDelegate.loadContext(DefaultCacheAwareContextLoaderDelegate.java:180) ~[spring-test-6.1.13.jar:6.1.13]
	at org.springframework.test.context.support.DefaultTestContext.getApplicationContext(DefaultTestContext.java:130) ~[spring-test-6.1.13.jar:6.1.13]
	at org.springframework.test.context.web.ServletTestExecutionListener.setUpRequestContextIfNecessary(ServletTestExecutionListener.java:191) ~[spring-test-6.1.13.jar:6.1.13]
	at org.springframework.test.context.web.ServletTestExecutionListener.prepareTestInstance(ServletTestExecutionListener.java:130) ~[spring-test-6.1.13.jar:6.1.13]
	at org.springframework.test.context.TestContextManager.prepareTestInstance(TestContextManager.java:260) ~[spring-test-6.1.13.jar:6.1.13]
	at org.springframework.test.context.junit.jupiter.SpringExtension.postProcessTestInstance(SpringExtension.java:163) ~[spring-test-6.1.13.jar:6.1.13]
	at org.junit.jupiter.engine.descriptor.ClassBasedTestDescriptor.lambda$invokeTestInstancePostProcessors$10(ClassBasedTestDescriptor.java:378) ~[junit-jupiter-engine-5.10.3.jar:5.10.3]
	at org.junit.jupiter.engine.descriptor.ClassBasedTestDescriptor.executeAndMaskThrowable(ClassBasedTestDescriptor.java:383) ~[junit-jupiter-engine-5.10.3.jar:5.10.3]
	at org.junit.jupiter.engine.descriptor.ClassBasedTestDescriptor.lambda$invokeTestInstancePostProcessors$11(ClassBasedTestDescriptor.java:378) ~[junit-jupiter-engine-5.10.3.jar:5.10.3]
	at java.base/java.util.stream.ReferencePipeline$3$1.accept(ReferencePipeline.java:197) ~[na:na]
	at java.base/java.util.stream.ReferencePipeline$2$1.accept(ReferencePipeline.java:179) ~[na:na]
	at java.base/java.util.ArrayList$ArrayListSpliterator.forEachRemaining(ArrayList.java:1708) ~[na:na]
	at java.base/java.util.stream.AbstractPipeline.copyInto(AbstractPipeline.java:509) ~[na:na]
	at java.base/java.util.stream.AbstractPipeline.wrapAndCopyInto(AbstractPipeline.java:499) ~[na:na]
	at java.base/java.util.stream.StreamSpliterators$WrappingSpliterator.forEachRemaining(StreamSpliterators.java:310) ~[na:na]
	at java.base/java.util.stream.Streams$ConcatSpliterator.forEachRemaining(Streams.java:735) ~[na:na]
	at java.base/java.util.stream.Streams$ConcatSpliterator.forEachRemaining(Streams.java:734) ~[na:na]
	at java.base/java.util.stream.ReferencePipeline$Head.forEach(ReferencePipeline.java:762) ~[na:na]
	at org.junit.jupiter.engine.descriptor.ClassBasedTestDescriptor.invokeTestInstancePostProcessors(ClassBasedTestDescriptor.java:377) ~[junit-jupiter-engine-5.10.3.jar:5.10.3]
	at org.junit.jupiter.engine.descriptor.ClassBasedTestDescriptor.lambda$instantiateAndPostProcessTestInstance$6(ClassBasedTestDescriptor.java:290) ~[junit-jupiter-engine-5.10.3.jar:5.10.3]
	at org.junit.platform.engine.support.hierarchical.ThrowableCollector.execute(ThrowableCollector.java:73) ~[junit-platform-engine-1.10.3.jar:1.10.3]
	at org.junit.jupiter.engine.descriptor.ClassBasedTestDescriptor.instantiateAndPostProcessTestInstance(ClassBasedTestDescriptor.java:289) ~[junit-jupiter-engine-5.10.3.jar:5.10.3]
	at org.junit.jupiter.engine.descriptor.ClassBasedTestDescriptor.lambda$testInstancesProvider$4(ClassBasedTestDescriptor.java:279) ~[junit-jupiter-engine-5.10.3.jar:5.10.3]
	at java.base/java.util.Optional.orElseGet(Optional.java:364) ~[na:na]
	at org.junit.jupiter.engine.descriptor.ClassBasedTestDescriptor.lambda$testInstancesProvider$5(ClassBasedTestDescriptor.java:278) ~[junit-jupiter-engine-5.10.3.jar:5.10.3]
	at org.junit.jupiter.engine.execution.TestInstancesProvider.getTestInstances(TestInstancesProvider.java:31) ~[junit-jupiter-engine-5.10.3.jar:5.10.3]
	at org.junit.jupiter.engine.descriptor.TestMethodTestDescriptor.lambda$prepare$0(TestMethodTestDescriptor.java:106) ~[junit-jupiter-engine-5.10.3.jar:5.10.3]
	at org.junit.platform.engine.support.hierarchical.ThrowableCollector.execute(ThrowableCollector.java:73) ~[junit-platform-engine-1.10.3.jar:1.10.3]
	at org.junit.jupiter.engine.descriptor.TestMethodTestDescriptor.prepare(TestMethodTestDescriptor.java:105) ~[junit-jupiter-engine-5.10.3.jar:5.10.3]
	at org.junit.jupiter.engine.descriptor.TestMethodTestDescriptor.prepare(TestMethodTestDescriptor.java:69) ~[junit-jupiter-engine-5.10.3.jar:5.10.3]
	at org.junit.platform.engine.support.hierarchical.NodeTestTask.lambda$prepare$2(NodeTestTask.java:123) ~[junit-platform-engine-1.10.3.jar:1.10.3]
	at org.junit.platform.engine.support.hierarchical.ThrowableCollector.execute(ThrowableCollector.java:73) ~[junit-platform-engine-1.10.3.jar:1.10.3]
	at org.junit.platform.engine.support.hierarchical.NodeTestTask.prepare(NodeTestTask.java:123) ~[junit-platform-engine-1.10.3.jar:1.10.3]
	at org.junit.platform.engine.support.hierarchical.NodeTestTask.execute(NodeTestTask.java:90) ~[junit-platform-engine-1.10.3.jar:1.10.3]
	at java.base/java.util.ArrayList.forEach(ArrayList.java:1596) ~[na:na]
	at org.junit.platform.engine.support.hierarchical.SameThreadHierarchicalTestExecutorService.invokeAll(SameThreadHierarchicalTestExecutorService.java:41) ~[junit-platform-engine-1.10.3.jar:1.10.3]
	at org.junit.platform.engine.support.hierarchical.NodeTestTask.lambda$executeRecursively$6(NodeTestTask.java:155) ~[junit-platform-engine-1.10.3.jar:1.10.3]
	at org.junit.platform.engine.support.hierarchical.ThrowableCollector.execute(ThrowableCollector.java:73) ~[junit-platform-engine-1.10.3.jar:1.10.3]
	at org.junit.platform.engine.support.hierarchical.NodeTestTask.lambda$executeRecursively$8(NodeTestTask.java:141) ~[junit-platform-engine-1.10.3.jar:1.10.3]
	at org.junit.platform.engine.support.hierarchical.Node.around(Node.java:137) ~[junit-platform-engine-1.10.3.jar:1.10.3]
	at org.junit.platform.engine.support.hierarchical.NodeTestTask.lambda$executeRecursively$9(NodeTestTask.java:139) ~[junit-platform-engine-1.10.3.jar:1.10.3]
	at org.junit.platform.engine.support.hierarchical.ThrowableCollector.execute(ThrowableCollector.java:73) ~[junit-platform-engine-1.10.3.jar:1.10.3]
	at org.junit.platform.engine.support.hierarchical.NodeTestTask.executeRecursively(NodeTestTask.java:138) ~[junit-platform-engine-1.10.3.jar:1.10.3]
	at org.junit.platform.engine.support.hierarchical.NodeTestTask.execute(NodeTestTask.java:95) ~[junit-platform-engine-1.10.3.jar:1.10.3]
	at java.base/java.util.ArrayList.forEach(ArrayList.java:1596) ~[na:na]
	at org.junit.platform.engine.support.hierarchical.SameThreadHierarchicalTestExecutorService.invokeAll(SameThreadHierarchicalTestExecutorService.java:41) ~[junit-platform-engine-1.10.3.jar:1.10.3]
	at org.junit.platform.engine.support.hierarchical.NodeTestTask.lambda$executeRecursively$6(NodeTestTask.java:155) ~[junit-platform-engine-1.10.3.jar:1.10.3]
	at org.junit.platform.engine.support.hierarchical.ThrowableCollector.execute(ThrowableCollector.java:73) ~[junit-platform-engine-1.10.3.jar:1.10.3]
	at org.junit.platform.engine.support.hierarchical.NodeTestTask.lambda$executeRecursively$8(NodeTestTask.java:141) ~[junit-platform-engine-1.10.3.jar:1.10.3]
	at org.junit.platform.engine.support.hierarchical.Node.around(Node.java:137) ~[junit-platform-engine-1.10.3.jar:1.10.3]
	at org.junit.platform.engine.support.hierarchical.NodeTestTask.lambda$executeRecursively$9(NodeTestTask.java:139) ~[junit-platform-engine-1.10.3.jar:1.10.3]
	at org.junit.platform.engine.support.hierarchical.ThrowableCollector.execute(ThrowableCollector.java:73) ~[junit-platform-engine-1.10.3.jar:1.10.3]
	at org.junit.platform.engine.support.hierarchical.NodeTestTask.executeRecursively(NodeTestTask.java:138) ~[junit-platform-engine-1.10.3.jar:1.10.3]
	at org.junit.platform.engine.support.hierarchical.NodeTestTask.execute(NodeTestTask.java:95) ~[junit-platform-engine-1.10.3.jar:1.10.3]
	at org.junit.platform.engine.support.hierarchical.SameThreadHierarchicalTestExecutorService.submit(SameThreadHierarchicalTestExecutorService.java:35) ~[junit-platform-engine-1.10.3.jar:1.10.3]
	at org.junit.platform.engine.support.hierarchical.HierarchicalTestExecutor.execute(HierarchicalTestExecutor.java:57) ~[junit-platform-engine-1.10.3.jar:1.10.3]
	at org.junit.platform.engine.support.hierarchical.HierarchicalTestEngine.execute(HierarchicalTestEngine.java:54) ~[junit-platform-engine-1.10.3.jar:1.10.3]
	at org.junit.platform.launcher.core.EngineExecutionOrchestrator.execute(EngineExecutionOrchestrator.java:198) ~[junit-platform-launcher-1.10.3.jar:1.10.3]
	at org.junit.platform.launcher.core.EngineExecutionOrchestrator.execute(EngineExecutionOrchestrator.java:169) ~[junit-platform-launcher-1.10.3.jar:1.10.3]
	at org.junit.platform.launcher.core.EngineExecutionOrchestrator.execute(EngineExecutionOrchestrator.java:93) ~[junit-platform-launcher-1.10.3.jar:1.10.3]
	at org.junit.platform.launcher.core.EngineExecutionOrchestrator.lambda$execute$0(EngineExecutionOrchestrator.java:58) ~[junit-platform-launcher-1.10.3.jar:1.10.3]
	at org.junit.platform.launcher.core.EngineExecutionOrchestrator.withInterceptedStreams(EngineExecutionOrchestrator.java:141) ~[junit-platform-launcher-1.10.3.jar:1.10.3]
	at org.junit.platform.launcher.core.EngineExecutionOrchestrator.execute(EngineExecutionOrchestrator.java:57) ~[junit-platform-launcher-1.10.3.jar:1.10.3]
	at org.junit.platform.launcher.core.DefaultLauncher.execute(DefaultLauncher.java:103) ~[junit-platform-launcher-1.10.3.jar:1.10.3]
	at org.junit.platform.launcher.core.DefaultLauncher.execute(DefaultLauncher.java:85) ~[junit-platform-launcher-1.10.3.jar:1.10.3]
	at org.junit.platform.launcher.core.DelegatingLauncher.execute(DelegatingLauncher.java:47) ~[junit-platform-launcher-1.10.3.jar:1.10.3]
	at org.apache.maven.surefire.junitplatform.LazyLauncher.execute(LazyLauncher.java:56) ~[surefire-junit-platform-3.2.5.jar:3.2.5]
	at org.apache.maven.surefire.junitplatform.JUnitPlatformProvider.execute(JUnitPlatformProvider.java:184) ~[surefire-junit-platform-3.2.5.jar:3.2.5]
	at org.apache.maven.surefire.junitplatform.JUnitPlatformProvider.invokeAllTests(JUnitPlatformProvider.java:148) ~[surefire-junit-platform-3.2.5.jar:3.2.5]
	at org.apache.maven.surefire.junitplatform.JUnitPlatformProvider.invoke(JUnitPlatformProvider.java:122) ~[surefire-junit-platform-3.2.5.jar:3.2.5]
	at org.apache.maven.surefire.booter.ForkedBooter.runSuitesInProcess(ForkedBooter.java:385) ~[surefire-booter-3.2.5.jar:3.2.5]
	at org.apache.maven.surefire.booter.ForkedBooter.execute(ForkedBooter.java:162) ~[surefire-booter-3.2.5.jar:3.2.5]
	at org.apache.maven.surefire.booter.ForkedBooter.run(ForkedBooter.java:507) ~[surefire-booter-3.2.5.jar:3.2.5]
	at org.apache.maven.surefire.booter.ForkedBooter.main(ForkedBooter.java:495) ~[surefire-booter-3.2.5.jar:3.2.5]
Caused by: java.lang.NullPointerException: Cannot invoke "com.nancynahra.lil.learning_spring.util.DateUtils.createDateFromDateString(String)" because "this.dateUtils" is null
	at com.nancynahra.lil.learning_spring.util.AppStartupEvent.onApplicationEvent(AppStartupEvent.java:24) ~[classes/:na]
	at com.nancynahra.lil.learning_spring.util.AppStartupEvent.onApplicationEvent(AppStartupEvent.java:14) ~[classes/:na]
	at org.springframework.context.event.SimpleApplicationEventMulticaster.doInvokeListener(SimpleApplicationEventMulticaster.java:185) ~[spring-context-6.1.13.jar:6.1.13]
	at org.springframework.context.event.SimpleApplicationEventMulticaster.invokeListener(SimpleApplicationEventMulticaster.java:178) ~[spring-context-6.1.13.jar:6.1.13]
	at org.springframework.context.event.SimpleApplicationEventMulticaster.multicastEvent(SimpleApplicationEventMulticaster.java:156) ~[spring-context-6.1.13.jar:6.1.13]
	at org.springframework.context.support.AbstractApplicationContext.publishEvent(AbstractApplicationContext.java:452) ~[spring-context-6.1.13.jar:6.1.13]
	at org.springframework.context.support.AbstractApplicationContext.publishEvent(AbstractApplicationContext.java:385) ~[spring-context-6.1.13.jar:6.1.13]
	at org.springframework.boot.context.event.EventPublishingRunListener.ready(EventPublishingRunListener.java:109) ~[spring-boot-3.3.4.jar:3.3.4]
	at org.springframework.boot.SpringApplicationRunListeners.lambda$ready$6(SpringApplicationRunListeners.java:80) ~[spring-boot-3.3.4.jar:3.3.4]
	at java.base/java.lang.Iterable.forEach(Iterable.java:75) ~[na:na]
	at org.springframework.boot.SpringApplicationRunListeners.doWithListeners(SpringApplicationRunListeners.java:118) ~[spring-boot-3.3.4.jar:3.3.4]
	at org.springframework.boot.SpringApplicationRunListeners.doWithListeners(SpringApplicationRunListeners.java:112) ~[spring-boot-3.3.4.jar:3.3.4]
	at org.springframework.boot.SpringApplicationRunListeners.ready(SpringApplicationRunListeners.java:80) ~[spring-boot-3.3.4.jar:3.3.4]
	at org.springframework.boot.SpringApplication.run(SpringApplication.java:349) ~[spring-boot-3.3.4.jar:3.3.4]
	at org.springframework.boot.test.context.SpringBootContextLoader.lambda$loadContext$3(SpringBootContextLoader.java:137) ~[spring-boot-test-3.3.4.jar:3.3.4]
	at org.springframework.util.function.ThrowingSupplier.get(ThrowingSupplier.java:58) ~[spring-core-6.1.13.jar:6.1.13]
	at org.springframework.util.function.ThrowingSupplier.get(ThrowingSupplier.java:46) ~[spring-core-6.1.13.jar:6.1.13]
	at org.springframework.boot.SpringApplication.withHook(SpringApplication.java:1463) ~[spring-boot-3.3.4.jar:3.3.4]
	at org.springframework.boot.test.context.SpringBootContextLoader$ContextLoaderHook.run(SpringBootContextLoader.java:553) ~[spring-boot-test-3.3.4.jar:3.3.4]
	at org.springframework.boot.test.context.SpringBootContextLoader.loadContext(SpringBootContextLoader.java:137) ~[spring-boot-test-3.3.4.jar:3.3.4]
	at org.springframework.boot.test.context.SpringBootContextLoader.loadContext(SpringBootContextLoader.java:108) ~[spring-boot-test-3.3.4.jar:3.3.4]
	at org.springframework.test.context.cache.DefaultCacheAwareContextLoaderDelegate.loadContextInternal(DefaultCacheAwareContextLoaderDelegate.java:225) ~[spring-test-6.1.13.jar:6.1.13]
	at org.springframework.test.context.cache.DefaultCacheAwareContextLoaderDelegate.loadContext(DefaultCacheAwareContextLoaderDelegate.java:152) ~[spring-test-6.1.13.jar:6.1.13]
	... 73 common frames omitted

]]></system-out>
  </testcase>
</testsuite>