<?xml version="1.0" encoding="UTF-8"?>
<testsuite xmlns:xsi="http://www.w3.org/2001/XMLSchema-instance" xsi:noNamespaceSchemaLocation="https://maven.apache.org/surefire/maven-surefire-plugin/xsd/surefire-test-report-3.0.xsd" version="3.0" name="com.nancynahra.lil.learning_spring.LearningSpringApplicationTests" time="2.197" tests="1" errors="0" skipped="0" failures="0">
  <properties>
[...]
</properties>
  <testcase name="contextLoads" classname="com.nancynahra.lil.learning_spring.LearningSpringApplicationTests" time="0.383">
    <system-out><![CDATA[16:48:57.887 [main] INFO org.springframework.test.context.support.AnnotationConfigContextLoaderUtils -- Could not detect default configuration classes for test class [com.nancynahra.lil.learning_spring.LearningSpringApplicationTests]: LearningSpringApplicationTests does not declare any static, non-private, non-final, nested classes annotated with @Configuration.
16:48:57.928 [main] INFO org.springframework.boot.test.context.SpringBootTestContextBootstrapper -- Found @SpringBootConfiguration com.nancynahra.lil.learning_spring.LearningSpringApplication for test class com.nancynahra.lil.learning_spring.LearningSpringApplicationTests

  .   ____          _            __ _ _
 /\\ / ___'_ __ _ _(_)_ __  __ _ \ \ \ \
( ( )\___ | '_ | '_| | '_ \/ _` | \ \ \ \
 \\/  ___)| |_)| | | | | || (_| |  ) ) ) )
  '  |____| .__|_| |_|_| |_\__, | / / / /
 =========|_|==============|___/=/_/_/_/

 :: Spring Boot ::                (v3.3.4)

2024-09-23T16:48:58.098-05:00  INFO 37795 --- [learning-spring] [           main] c.n.l.l.LearningSpringApplicationTests   : Starting LearningSpringApplicationTests using Java 21.0.4 with PID 37795 (started by nnahra in /Users/nnahra/code/learning-spring)
2024-09-23T16:48:58.099-05:00  INFO 37795 --- [learning-spring] [           main] c.n.l.l.LearningSpringApplicationTests   : No active profile set, falling back to 1 default profile: "default"
2024-09-23T16:48:58.341-05:00  INFO 37795 --- [learning-spring] [           main] .s.d.r.c.RepositoryConfigurationDelegate : Bootstrapping Spring Data JPA repositories in DEFAULT mode.
2024-09-23T16:48:58.367-05:00  INFO 37795 --- [learning-spring] [           main] .s.d.r.c.RepositoryConfigurationDelegate : Finished Spring Data repository scanning in 22 ms. Found 1 JPA repository interface.
2024-09-23T16:48:58.528-05:00  INFO 37795 --- [learning-spring] [           main] com.zaxxer.hikari.HikariDataSource       : HikariPool-1 - Starting...
2024-09-23T16:48:58.610-05:00  INFO 37795 --- [learning-spring] [           main] com.zaxxer.hikari.pool.HikariPool        : HikariPool-1 - Added connection conn0: url=jdbc:h2:mem:710ca15f-4571-4954-b9e4-11533a87521e user=SA
2024-09-23T16:48:58.612-05:00  INFO 37795 --- [learning-spring] [           main] com.zaxxer.hikari.HikariDataSource       : HikariPool-1 - Start completed.
2024-09-23T16:48:58.621-05:00 DEBUG 37795 --- [learning-spring] [           main] o.s.jdbc.datasource.init.ScriptUtils     : Executing SQL script from file [/Users/nnahra/code/learning-spring/target/classes/schema.sql]
2024-09-23T16:48:58.628-05:00 DEBUG 37795 --- [learning-spring] [           main] o.s.jdbc.datasource.init.ScriptUtils     : 0 returned as update count for SQL: CREATE TABLE ROOM( ROOM_ID BIGSERIAL PRIMARY KEY, NAME VARCHAR(16) NOT NULL, ROOM_NUMBER CHAR(2) NOT NULL UNIQUE, BED_INFO CHAR(2) NOT NULL )
2024-09-23T16:48:58.629-05:00 DEBUG 37795 --- [learning-spring] [           main] o.s.jdbc.datasource.init.ScriptUtils     : 0 returned as update count for SQL: CREATE TABLE GUEST( GUEST_ID BIGSERIAL PRIMARY KEY, FIRST_NAME VARCHAR(64), LAST_NAME VARCHAR(64), EMAIL_ADDRESS VARCHAR(64), ADDRESS VARCHAR(64), COUNTRY VARCHAR(32), STATE VARCHAR(12), PHONE_NUMBER VARCHAR(24) )
2024-09-23T16:48:58.629-05:00 DEBUG 37795 --- [learning-spring] [           main] o.s.jdbc.datasource.init.ScriptUtils     : 0 returned as update count for SQL: CREATE TABLE RESERVATION( RESERVATION_ID BIGSERIAL PRIMARY KEY, ROOM_ID BIGINT NOT NULL, GUEST_ID BIGINT NOT NULL, RES_DATE DATE )
2024-09-23T16:48:58.635-05:00 DEBUG 37795 --- [learning-spring] [           main] o.s.jdbc.datasource.init.ScriptUtils     : 0 returned as update count for SQL: ALTER TABLE RESERVATION ADD FOREIGN KEY (ROOM_ID) REFERENCES ROOM(ROOM_ID)
2024-09-23T16:48:58.635-05:00 DEBUG 37795 --- [learning-spring] [           main] o.s.jdbc.datasource.init.ScriptUtils     : 0 returned as update count for SQL: ALTER TABLE RESERVATION ADD FOREIGN KEY (GUEST_ID) REFERENCES GUEST(GUEST_ID)
2024-09-23T16:48:58.636-05:00 DEBUG 37795 --- [learning-spring] [           main] o.s.jdbc.datasource.init.ScriptUtils     : 0 returned as update count for SQL: CREATE INDEX IDX_RES_DATE_ ON RESERVATION(RES_DATE)
2024-09-23T16:48:58.637-05:00 DEBUG 37795 --- [learning-spring] [           main] o.s.jdbc.datasource.init.ScriptUtils     : Executed SQL script from file [/Users/nnahra/code/learning-spring/target/classes/schema.sql] in 15 ms.
2024-09-23T16:48:58.637-05:00 DEBUG 37795 --- [learning-spring] [           main] o.s.jdbc.datasource.init.ScriptUtils     : Executing SQL script from file [/Users/nnahra/code/learning-spring/target/classes/data.sql]
2024-09-23T16:48:58.644-05:00 DEBUG 37795 --- [learning-spring] [           main] o.s.jdbc.datasource.init.ScriptUtils     : 1 returned as update count for SQL: INSERT INTO ROOM (NAME, ROOM_NUMBER, BED_INFO) VALUES ('Piccadilly', 'P1', '1Q')
2024-09-23T16:48:58.645-05:00 DEBUG 37795 --- [learning-spring] [           main] o.s.jdbc.datasource.init.ScriptUtils     : 1 returned as update count for SQL: INSERT INTO ROOM (NAME, ROOM_NUMBER, BED_INFO) VALUES ('Piccadilly', 'P2', '1Q')
2024-09-23T16:48:58.645-05:00 DEBUG 37795 --- [learning-spring] [           main] o.s.jdbc.datasource.init.ScriptUtils     : 1 returned as update count for SQL: INSERT INTO ROOM (NAME, ROOM_NUMBER, BED_INFO) VALUES ('Piccadilly', 'P3', '1Q')
2024-09-23T16:48:58.645-05:00 DEBUG 37795 --- [learning-spring] [           main] o.s.jdbc.datasource.init.ScriptUtils     : 1 returned as update count for SQL: INSERT INTO ROOM (NAME, ROOM_NUMBER, BED_INFO) VALUES ('Piccadilly', 'P4', '2D')
2024-09-23T16:48:58.645-05:00 DEBUG 37795 --- [learning-spring] [           main] o.s.jdbc.datasource.init.ScriptUtils     : 1 returned as update count for SQL: INSERT INTO ROOM (NAME, ROOM_NUMBER, BED_INFO) VALUES ('Piccadilly', 'P5', '2D')
2024-09-23T16:48:58.646-05:00 DEBUG 37795 --- [learning-spring] [           main] o.s.jdbc.datasource.init.ScriptUtils     : 1 returned as update count for SQL: INSERT INTO ROOM (NAME, ROOM_NUMBER, BED_INFO) VALUES ('Piccadilly', 'P6', '2D')
2024-09-23T16:48:58.646-05:00 DEBUG 37795 --- [learning-spring] [           main] o.s.jdbc.datasource.init.ScriptUtils     : 1 returned as update count for SQL: INSERT INTO ROOM (NAME, ROOM_NUMBER, BED_INFO) VALUES ('Cambridge', 'C1', '1K')
2024-09-23T16:48:58.646-05:00 DEBUG 37795 --- [learning-spring] [           main] o.s.jdbc.datasource.init.ScriptUtils     : 1 returned as update count for SQL: INSERT INTO ROOM (NAME, ROOM_NUMBER, BED_INFO) VALUES ('Cambridge', 'C2', '1K')
2024-09-23T16:48:58.647-05:00 DEBUG 37795 --- [learning-spring] [           main] o.s.jdbc.datasource.init.ScriptUtils     : 1 returned as update count for SQL: INSERT INTO ROOM (NAME, ROOM_NUMBER, BED_INFO) VALUES ('Cambridge', 'C3', '1K')
2024-09-23T16:48:58.647-05:00 DEBUG 37795 --- [learning-spring] [           main] o.s.jdbc.datasource.init.ScriptUtils     : 1 returned as update count for SQL: INSERT INTO ROOM (NAME, ROOM_NUMBER, BED_INFO) VALUES ('Westminster', 'W1', '1K')
2024-09-23T16:48:58.647-05:00 DEBUG 37795 --- [learning-spring] [           main] o.s.jdbc.datasource.init.ScriptUtils     : 1 returned as update count for SQL: INSERT INTO ROOM (NAME, ROOM_NUMBER, BED_INFO) VALUES ('Westminster', 'W2', '1K')
2024-09-23T16:48:58.647-05:00 DEBUG 37795 --- [learning-spring] [           main] o.s.jdbc.datasource.init.ScriptUtils     : 1 returned as update count for SQL: INSERT INTO ROOM (NAME, ROOM_NUMBER, BED_INFO) VALUES ('Westminster', 'W3', '1K')
2024-09-23T16:48:58.647-05:00 DEBUG 37795 --- [learning-spring] [           main] o.s.jdbc.datasource.init.ScriptUtils     : 1 returned as update count for SQL: INSERT INTO ROOM (NAME, ROOM_NUMBER, BED_INFO) VALUES ('Westminster', 'W4', '1K')
2024-09-23T16:48:58.648-05:00 DEBUG 37795 --- [learning-spring] [           main] o.s.jdbc.datasource.init.ScriptUtils     : 1 returned as update count for SQL: INSERT INTO ROOM (NAME, ROOM_NUMBER, BED_INFO) VALUES ('Westminster', 'W5', '2D')
2024-09-23T16:48:58.648-05:00 DEBUG 37795 --- [learning-spring] [           main] o.s.jdbc.datasource.init.ScriptUtils     : 1 returned as update count for SQL: INSERT INTO ROOM (NAME, ROOM_NUMBER, BED_INFO) VALUES ('Westminster', 'W6', '2D')
2024-09-23T16:48:58.648-05:00 DEBUG 37795 --- [learning-spring] [           main] o.s.jdbc.datasource.init.ScriptUtils     : 1 returned as update count for SQL: INSERT INTO ROOM (NAME, ROOM_NUMBER, BED_INFO) VALUES ('Westminster', 'W7', '2D')
2024-09-23T16:48:58.648-05:00 DEBUG 37795 --- [learning-spring] [           main] o.s.jdbc.datasource.init.ScriptUtils     : 1 returned as update count for SQL: INSERT INTO ROOM (NAME, ROOM_NUMBER, BED_INFO) VALUES ('Oxford', 'O1', '1K')
2024-09-23T16:48:58.649-05:00 DEBUG 37795 --- [learning-spring] [           main] o.s.jdbc.datasource.init.ScriptUtils     : 1 returned as update count for SQL: INSERT INTO ROOM (NAME, ROOM_NUMBER, BED_INFO) VALUES ('Oxford', 'O2', '1K')
2024-09-23T16:48:58.649-05:00 DEBUG 37795 --- [learning-spring] [           main] o.s.jdbc.datasource.init.ScriptUtils     : 1 returned as update count for SQL: INSERT INTO ROOM (NAME, ROOM_NUMBER, BED_INFO) VALUES ('Oxford', 'O3', '1Q')
2024-09-23T16:48:58.649-05:00 DEBUG 37795 --- [learning-spring] [           main] o.s.jdbc.datasource.init.ScriptUtils     : 1 returned as update count for SQL: INSERT INTO ROOM (NAME, ROOM_NUMBER, BED_INFO) VALUES ('Oxford', 'O4', '1Q')
2024-09-23T16:48:58.649-05:00 DEBUG 37795 --- [learning-spring] [           main] o.s.jdbc.datasource.init.ScriptUtils     : 1 returned as update count for SQL: INSERT INTO ROOM (NAME, ROOM_NUMBER, BED_INFO) VALUES ('Oxford', 'O5', '1Q')
2024-09-23T16:48:58.650-05:00 DEBUG 37795 --- [learning-spring] [           main] o.s.jdbc.datasource.init.ScriptUtils     : 1 returned as update count for SQL: INSERT INTO ROOM (NAME, ROOM_NUMBER, BED_INFO) VALUES ('Victoria', 'V1', '1K')
2024-09-23T16:48:58.650-05:00 DEBUG 37795 --- [learning-spring] [           main] o.s.jdbc.datasource.init.ScriptUtils     : 1 returned as update count for SQL: INSERT INTO ROOM (NAME, ROOM_NUMBER, BED_INFO) VALUES ('Victoria', 'V2', '2D')
2024-09-23T16:48:58.650-05:00 DEBUG 37795 --- [learning-spring] [           main] o.s.jdbc.datasource.init.ScriptUtils     : 1 returned as update count for SQL: INSERT INTO ROOM (NAME, ROOM_NUMBER, BED_INFO) VALUES ('Victoria', 'V3', '2D')
2024-09-23T16:48:58.650-05:00 DEBUG 37795 --- [learning-spring] [           main] o.s.jdbc.datasource.init.ScriptUtils     : 1 returned as update count for SQL: INSERT INTO ROOM (NAME, ROOM_NUMBER, BED_INFO) VALUES ('Manchester', 'M1', '1K')
2024-09-23T16:48:58.651-05:00 DEBUG 37795 --- [learning-spring] [           main] o.s.jdbc.datasource.init.ScriptUtils     : 1 returned as update count for SQL: INSERT INTO ROOM (NAME, ROOM_NUMBER, BED_INFO) VALUES ('Manchester', 'M2', '1K')
2024-09-23T16:48:58.651-05:00 DEBUG 37795 --- [learning-spring] [           main] o.s.jdbc.datasource.init.ScriptUtils     : 1 returned as update count for SQL: INSERT INTO ROOM (NAME, ROOM_NUMBER, BED_INFO) VALUES ('Manchester', 'M3', '1K')
2024-09-23T16:48:58.651-05:00 DEBUG 37795 --- [learning-spring] [           main] o.s.jdbc.datasource.init.ScriptUtils     : 1 returned as update count for SQL: INSERT INTO ROOM (NAME, ROOM_NUMBER, BED_INFO) VALUES ('Manchester', 'M4', '1K')
2024-09-23T16:48:58.651-05:00 DEBUG 37795 --- [learning-spring] [           main] o.s.jdbc.datasource.init.ScriptUtils     : 1 returned as update count for SQL: INSERT INTO GUEST (LAST_NAME, FIRST_NAME, EMAIL_ADDRESS, COUNTRY, ADDRESS, STATE, PHONE_NUMBER) VALUES('Adams', 'Roy', 'radams1v@xinhuanet.com', 'United States', '2872 Marquette Street', 'NY', '1-(235)314-9823')
2024-09-23T16:48:58.652-05:00 DEBUG 37795 --- [learning-spring] [           main] o.s.jdbc.datasource.init.ScriptUtils     : 1 returned as update count for SQL: INSERT INTO GUEST (LAST_NAME, FIRST_NAME, EMAIL_ADDRESS, COUNTRY, ADDRESS, STATE, PHONE_NUMBER) VALUES('Adams', 'Martin', 'madams2b@msu.edu', 'China', '4 Mandrake Plaza', '', '9-(401)660-9813')
2024-09-23T16:48:58.652-05:00 DEBUG 37795 --- [learning-spring] [           main] o.s.jdbc.datasource.init.ScriptUtils     : 1 returned as update count for SQL: INSERT INTO GUEST (LAST_NAME, FIRST_NAME, EMAIL_ADDRESS, COUNTRY, ADDRESS, STATE, PHONE_NUMBER) VALUES('Alvarez', 'Roger', 'ralvarezk@blogs.com', 'United States', '3 Green Plaza', 'FL', '6-(980)036-6105')
2024-09-23T16:48:58.652-05:00 DEBUG 37795 --- [learning-spring] [           main] o.s.jdbc.datasource.init.ScriptUtils     : 1 returned as update count for SQL: INSERT INTO GUEST (LAST_NAME, FIRST_NAME, EMAIL_ADDRESS, COUNTRY, ADDRESS, STATE, PHONE_NUMBER) VALUES('Alvarez', 'Anne', 'aalvarez1y@mlb.com', 'United States', '6 Glendale Parkway', 'FL', '7-(967)349-7237')
2024-09-23T16:48:58.652-05:00 DEBUG 37795 --- [learning-spring] [           main] o.s.jdbc.datasource.init.ScriptUtils     : 1 returned as update count for SQL: INSERT INTO GUEST (LAST_NAME, FIRST_NAME, EMAIL_ADDRESS, COUNTRY, ADDRESS, STATE, PHONE_NUMBER) VALUES('Alvarez', 'Ann', 'aalvarez20@jalbum.net', 'Afghanistan', '851 Nelson Circle', '', '7-(418)731-2327')
2024-09-23T16:48:58.652-05:00 DEBUG 37795 --- [learning-spring] [           main] o.s.jdbc.datasource.init.ScriptUtils     : 1 returned as update count for SQL: INSERT INTO GUEST (LAST_NAME, FIRST_NAME, EMAIL_ADDRESS, COUNTRY, ADDRESS, STATE, PHONE_NUMBER) VALUES('Anderson', 'Betty', 'banderson14@digg.com', 'United States', '3538 Scofield Drive', 'TX', '1-(291)830-0405')
2024-09-23T16:48:58.653-05:00 DEBUG 37795 --- [learning-spring] [           main] o.s.jdbc.datasource.init.ScriptUtils     : 1 returned as update count for SQL: INSERT INTO GUEST (LAST_NAME, FIRST_NAME, EMAIL_ADDRESS, COUNTRY, ADDRESS, STATE, PHONE_NUMBER) VALUES('Anderson', 'Laura', 'landerson24@icio.us', 'United States', '805 Paget Court', 'NY', '3-(587)240-6409')
2024-09-23T16:48:58.653-05:00 DEBUG 37795 --- [learning-spring] [           main] o.s.jdbc.datasource.init.ScriptUtils     : 1 returned as update count for SQL: INSERT INTO GUEST (LAST_NAME, FIRST_NAME, EMAIL_ADDRESS, COUNTRY, ADDRESS, STATE, PHONE_NUMBER) VALUES('Armstrong', 'Christopher', 'carmstrong2p@cyberchimps.com', 'United States', '4514 Independence Point', 'TX', '3-(411)160-3757')
2024-09-23T16:48:58.653-05:00 DEBUG 37795 --- [learning-spring] [           main] o.s.jdbc.datasource.init.ScriptUtils     : 1 returned as update count for SQL: INSERT INTO GUEST (LAST_NAME, FIRST_NAME, EMAIL_ADDRESS, COUNTRY, ADDRESS, STATE, PHONE_NUMBER) VALUES('Bell', 'David', 'dbell2l@wp.com', 'United States', '5205 Vera Junction', 'CA', '8-(035)412-4547')
2024-09-23T16:48:58.653-05:00 DEBUG 37795 --- [learning-spring] [           main] o.s.jdbc.datasource.init.ScriptUtils     : 1 returned as update count for SQL: INSERT INTO GUEST (LAST_NAME, FIRST_NAME, EMAIL_ADDRESS, COUNTRY, ADDRESS, STATE, PHONE_NUMBER) VALUES('Berry', 'Paula', 'pberry1z@admin.ch', 'China', '5095 International Drive', '', '6-(195)796-7745')
2024-09-23T16:48:58.653-05:00 DEBUG 37795 --- [learning-spring] [           main] o.s.jdbc.datasource.init.ScriptUtils     : 1 returned as update count for SQL: INSERT INTO GUEST (LAST_NAME, FIRST_NAME, EMAIL_ADDRESS, COUNTRY, ADDRESS, STATE, PHONE_NUMBER) VALUES('Bishop', 'Dennis', 'dbishopo@xinhuanet.com', 'Armenia', '11442 East Circle', '', '4-(871)489-3543')
2024-09-23T16:48:58.654-05:00 DEBUG 37795 --- [learning-spring] [           main] o.s.jdbc.datasource.init.ScriptUtils     : 1 returned as update count for SQL: INSERT INTO GUEST (LAST_NAME, FIRST_NAME, EMAIL_ADDRESS, COUNTRY, ADDRESS, STATE, PHONE_NUMBER) VALUES('Bishop', 'Carolyn', 'cbishopw@1688.com', 'Ukraine', '23273 Emmet Road', '', '5-(795)729-5690')
2024-09-23T16:48:58.654-05:00 DEBUG 37795 --- [learning-spring] [           main] o.s.jdbc.datasource.init.ScriptUtils     : 1 returned as update count for SQL: INSERT INTO GUEST (LAST_NAME, FIRST_NAME, EMAIL_ADDRESS, COUNTRY, ADDRESS, STATE, PHONE_NUMBER) VALUES('Black', 'Harold', 'hblack2p@clickbank.net', 'Indonesia', '7715 Havey Center', '', '0-(378)142-3343')
2024-09-23T16:48:58.654-05:00 DEBUG 37795 --- [learning-spring] [           main] o.s.jdbc.datasource.init.ScriptUtils     : 1 returned as update count for SQL: INSERT INTO GUEST (LAST_NAME, FIRST_NAME, EMAIL_ADDRESS, COUNTRY, ADDRESS, STATE, PHONE_NUMBER) VALUES('Bowman', 'Jerry', 'jbowman1j@fotki.com', 'Indonesia', '49381 Northridge Point', '', '9-(389)678-8585')
2024-09-23T16:48:58.654-05:00 DEBUG 37795 --- [learning-spring] [           main] o.s.jdbc.datasource.init.ScriptUtils     : 1 returned as update count for SQL: INSERT INTO GUEST (LAST_NAME, FIRST_NAME, EMAIL_ADDRESS, COUNTRY, ADDRESS, STATE, PHONE_NUMBER) VALUES('Bradley', 'Keith', 'kbradley1c@techcrunch.com', 'United States', '21 Sauthoff Point', 'OH', '5-(780)609-5353')
2024-09-23T16:48:58.655-05:00 DEBUG 37795 --- [learning-spring] [           main] o.s.jdbc.datasource.init.ScriptUtils     : 1 returned as update count for SQL: INSERT INTO GUEST (LAST_NAME, FIRST_NAME, EMAIL_ADDRESS, COUNTRY, ADDRESS, STATE, PHONE_NUMBER) VALUES('Brooks', 'Samuel', 'sbrooks4@google.co.uk', 'United States', '9857 Hollow Ridge Park', 'PA', '5-(517)250-0437')
2024-09-23T16:48:58.655-05:00 DEBUG 37795 --- [learning-spring] [           main] o.s.jdbc.datasource.init.ScriptUtils     : 1 returned as update count for SQL: INSERT INTO GUEST (LAST_NAME, FIRST_NAME, EMAIL_ADDRESS, COUNTRY, ADDRESS, STATE, PHONE_NUMBER) VALUES('Bryant', 'Donald', 'dbryant1@cdbaby.com', 'South Korea', '8 Crescent Oaks Circle', '', '5-(629)251-0019')
2024-09-23T16:48:58.655-05:00 DEBUG 37795 --- [learning-spring] [           main] o.s.jdbc.datasource.init.ScriptUtils     : 1 returned as update count for SQL: INSERT INTO GUEST (LAST_NAME, FIRST_NAME, EMAIL_ADDRESS, COUNTRY, ADDRESS, STATE, PHONE_NUMBER) VALUES('Burke', 'Tammy', 'tburke2a@theglobeandmail.com', 'Russia', '7298 Bluejay Road', '', '8-(710)063-1619')
2024-09-23T16:48:58.655-05:00 DEBUG 37795 --- [learning-spring] [           main] o.s.jdbc.datasource.init.ScriptUtils     : 1 returned as update count for SQL: INSERT INTO GUEST (LAST_NAME, FIRST_NAME, EMAIL_ADDRESS, COUNTRY, ADDRESS, STATE, PHONE_NUMBER) VALUES('Burns', 'Joe', 'jburns18@mail.ru', 'Russia', '2795 Lighthouse Bay Place', '', '3-(465)132-7455')
2024-09-23T16:48:58.655-05:00 DEBUG 37795 --- [learning-spring] [           main] o.s.jdbc.datasource.init.ScriptUtils     : 1 returned as update count for SQL: INSERT INTO GUEST (LAST_NAME, FIRST_NAME, EMAIL_ADDRESS, COUNTRY, ADDRESS, STATE, PHONE_NUMBER) VALUES('Campbell', 'Jessica', 'jcampbell2i@cpanel.net', 'United States', '7963 Ohio Alley', 'OR', '0-(150)386-2177')
2024-09-23T16:48:58.656-05:00 DEBUG 37795 --- [learning-spring] [           main] o.s.jdbc.datasource.init.ScriptUtils     : 1 returned as update count for SQL: INSERT INTO GUEST (LAST_NAME, FIRST_NAME, EMAIL_ADDRESS, COUNTRY, ADDRESS, STATE, PHONE_NUMBER) VALUES('Campbell', 'Christopher', 'ccampbell2i@amazon.de', 'Russia', '6 Walton Court', '', '5-(275)117-4811')
2024-09-23T16:48:58.656-05:00 DEBUG 37795 --- [learning-spring] [           main] o.s.jdbc.datasource.init.ScriptUtils     : 1 returned as update count for SQL: INSERT INTO GUEST (LAST_NAME, FIRST_NAME, EMAIL_ADDRESS, COUNTRY, ADDRESS, STATE, PHONE_NUMBER) VALUES('Carpenter', 'Pamela', 'pcarpenterj@china.com.cn', 'United States', '661 Karstens Road', 'HI', '6-(268)816-2465')
2024-09-23T16:48:58.656-05:00 DEBUG 37795 --- [learning-spring] [           main] o.s.jdbc.datasource.init.ScriptUtils     : 1 returned as update count for SQL: INSERT INTO GUEST (LAST_NAME, FIRST_NAME, EMAIL_ADDRESS, COUNTRY, ADDRESS, STATE, PHONE_NUMBER) VALUES('Carpenter', 'Paul', 'pcarpenter28@dropbox.com', 'Philippines', '33614 Cambridge Road', '', '3-(561)990-7094')
2024-09-23T16:48:58.656-05:00 DEBUG 37795 --- [learning-spring] [           main] o.s.jdbc.datasource.init.ScriptUtils     : 1 returned as update count for SQL: INSERT INTO GUEST (LAST_NAME, FIRST_NAME, EMAIL_ADDRESS, COUNTRY, ADDRESS, STATE, PHONE_NUMBER) VALUES('Carter', 'Tammy', 'tcarter1j@washington.edu', 'United States', '3 Leroy Crossing', 'TN', '7-(489)865-7002')
2024-09-23T16:48:58.656-05:00 DEBUG 37795 --- [learning-spring] [           main] o.s.jdbc.datasource.init.ScriptUtils     : 1 returned as update count for SQL: INSERT INTO GUEST (LAST_NAME, FIRST_NAME, EMAIL_ADDRESS, COUNTRY, ADDRESS, STATE, PHONE_NUMBER) VALUES('Carter', 'Paul', 'pcarter1z@cnet.com', 'United States', '3 Green Plaza', 'CA', '3-(854)158-1783')
2024-09-23T16:48:58.657-05:00 DEBUG 37795 --- [learning-spring] [           main] o.s.jdbc.datasource.init.ScriptUtils     : 1 returned as update count for SQL: INSERT INTO GUEST (LAST_NAME, FIRST_NAME, EMAIL_ADDRESS, COUNTRY, ADDRESS, STATE, PHONE_NUMBER) VALUES('Chapman', 'Justin', 'jchapmans@aol.com', 'United States', '2127 David Lane', 'WV', '1-(910)152-0295')
2024-09-23T16:48:58.657-05:00 DEBUG 37795 --- [learning-spring] [           main] o.s.jdbc.datasource.init.ScriptUtils     : 1 returned as update count for SQL: INSERT INTO GUEST (LAST_NAME, FIRST_NAME, EMAIL_ADDRESS, COUNTRY, ADDRESS, STATE, PHONE_NUMBER) VALUES('Chapman', 'Margaret', 'mchapmanb@hud.gov', 'Canada', '953 Reindahl Parkway', '', '1-(010)495-9996')
2024-09-23T16:48:58.657-05:00 DEBUG 37795 --- [learning-spring] [           main] o.s.jdbc.datasource.init.ScriptUtils     : 1 returned as update count for SQL: INSERT INTO GUEST (LAST_NAME, FIRST_NAME, EMAIL_ADDRESS, COUNTRY, ADDRESS, STATE, PHONE_NUMBER) VALUES('Clark', 'Bonnie', 'bclark6@bing.com', 'United States', '4 Porter Avenue', 'CO', '9-(524)812-6248')
2024-09-23T16:48:58.657-05:00 DEBUG 37795 --- [learning-spring] [           main] o.s.jdbc.datasource.init.ScriptUtils     : 1 returned as update count for SQL: INSERT INTO GUEST (LAST_NAME, FIRST_NAME, EMAIL_ADDRESS, COUNTRY, ADDRESS, STATE, PHONE_NUMBER) VALUES('Clark', 'Andrea', 'aclark2j@sphinn.com', 'United States', '02 Haas Park', 'MI', '1-(123)323-9494')
2024-09-23T16:48:58.657-05:00 DEBUG 37795 --- [learning-spring] [           main] o.s.jdbc.datasource.init.ScriptUtils     : 1 returned as update count for SQL: INSERT INTO GUEST (LAST_NAME, FIRST_NAME, EMAIL_ADDRESS, COUNTRY, ADDRESS, STATE, PHONE_NUMBER) VALUES('Coleman', 'Shirley', 'scoleman26@bizjournals.com', 'United States', '4903 Commercial Drive', 'AL', '7-(798)598-1459')
2024-09-23T16:48:58.657-05:00 DEBUG 37795 --- [learning-spring] [           main] o.s.jdbc.datasource.init.ScriptUtils     : 1 returned as update count for SQL: INSERT INTO GUEST (LAST_NAME, FIRST_NAME, EMAIL_ADDRESS, COUNTRY, ADDRESS, STATE, PHONE_NUMBER) VALUES('Coleman', 'Angela', 'acoleman6@gmpg.org', 'Russia', '1208 Menomonie Terrace', '', '9-(959)063-5551')
2024-09-23T16:48:58.658-05:00 DEBUG 37795 --- [learning-spring] [           main] o.s.jdbc.datasource.init.ScriptUtils     : 1 returned as update count for SQL: INSERT INTO GUEST (LAST_NAME, FIRST_NAME, EMAIL_ADDRESS, COUNTRY, ADDRESS, STATE, PHONE_NUMBER) VALUES('Cox', 'Harold', 'hcox23@dyndns.org', 'France', '08 Butterfield Place', 'B5', '6-(983)957-3202')
2024-09-23T16:48:58.658-05:00 DEBUG 37795 --- [learning-spring] [           main] o.s.jdbc.datasource.init.ScriptUtils     : 1 returned as update count for SQL: INSERT INTO GUEST (LAST_NAME, FIRST_NAME, EMAIL_ADDRESS, COUNTRY, ADDRESS, STATE, PHONE_NUMBER) VALUES('Cruz', 'Alan', 'acruzj@marketwatch.com', 'China', '023 Laurel Terrace', '', '1-(003)990-0308')
2024-09-23T16:48:58.658-05:00 DEBUG 37795 --- [learning-spring] [           main] o.s.jdbc.datasource.init.ScriptUtils     : 1 returned as update count for SQL: INSERT INTO GUEST (LAST_NAME, FIRST_NAME, EMAIL_ADDRESS, COUNTRY, ADDRESS, STATE, PHONE_NUMBER) VALUES('Cunningham', 'Anna', 'acunningham2@yale.edu', 'China', '1 Steensland Lane', '', '7-(769)474-5961')
2024-09-23T16:48:58.658-05:00 DEBUG 37795 --- [learning-spring] [           main] o.s.jdbc.datasource.init.ScriptUtils     : 1 returned as update count for SQL: INSERT INTO GUEST (LAST_NAME, FIRST_NAME, EMAIL_ADDRESS, COUNTRY, ADDRESS, STATE, PHONE_NUMBER) VALUES('Daniels', 'Robin', 'rdaniels2d@weebly.com', 'United States', '9728 Paget Court', 'AR', '7-(116)447-5902')
2024-09-23T16:48:58.659-05:00 DEBUG 37795 --- [learning-spring] [           main] o.s.jdbc.datasource.init.ScriptUtils     : 1 returned as update count for SQL: INSERT INTO GUEST (LAST_NAME, FIRST_NAME, EMAIL_ADDRESS, COUNTRY, ADDRESS, STATE, PHONE_NUMBER) VALUES('Daniels', 'Phillip', 'pdaniels1y@hexun.com', 'Kazakhstan', '5 Blue Bill Park Trail', '', '4-(029)713-9304')
2024-09-23T16:48:58.659-05:00 DEBUG 37795 --- [learning-spring] [           main] o.s.jdbc.datasource.init.ScriptUtils     : 1 returned as update count for SQL: INSERT INTO GUEST (LAST_NAME, FIRST_NAME, EMAIL_ADDRESS, COUNTRY, ADDRESS, STATE, PHONE_NUMBER) VALUES('Davis', 'Thomas', 'tdavis1h@globo.com', 'United States', '6332 Fuller Pass', 'TX', '5-(778)054-9695')
2024-09-23T16:48:58.659-05:00 DEBUG 37795 --- [learning-spring] [           main] o.s.jdbc.datasource.init.ScriptUtils     : 1 returned as update count for SQL: INSERT INTO GUEST (LAST_NAME, FIRST_NAME, EMAIL_ADDRESS, COUNTRY, ADDRESS, STATE, PHONE_NUMBER) VALUES('Dean', 'Joe', 'jdeanp@vinaora.com', 'United States', '8 Darwin Crossing', 'AZ', '9-(625)975-9705')
2024-09-23T16:48:58.659-05:00 DEBUG 37795 --- [learning-spring] [           main] o.s.jdbc.datasource.init.ScriptUtils     : 1 returned as update count for SQL: INSERT INTO GUEST (LAST_NAME, FIRST_NAME, EMAIL_ADDRESS, COUNTRY, ADDRESS, STATE, PHONE_NUMBER) VALUES('Dean', 'Sara', 'sdean1t@unc.edu', 'Mexico', '9 South Crossing', 'GUA', '7-(206)725-7117')
2024-09-23T16:48:58.659-05:00 DEBUG 37795 --- [learning-spring] [           main] o.s.jdbc.datasource.init.ScriptUtils     : 1 returned as update count for SQL: INSERT INTO GUEST (LAST_NAME, FIRST_NAME, EMAIL_ADDRESS, COUNTRY, ADDRESS, STATE, PHONE_NUMBER) VALUES('Dixon', 'Patricia', 'pdixon2m@biglobe.ne.jp', 'United States', '49 Moose Way', 'DC', '1-(159)384-4102')
2024-09-23T16:48:58.659-05:00 DEBUG 37795 --- [learning-spring] [           main] o.s.jdbc.datasource.init.ScriptUtils     : 1 returned as update count for SQL: INSERT INTO GUEST (LAST_NAME, FIRST_NAME, EMAIL_ADDRESS, COUNTRY, ADDRESS, STATE, PHONE_NUMBER) VALUES('Dixon', 'Cynthia', 'cdixon1e@vimeo.com', 'China', '52645 Dorton Pass', '', '6-(422)372-7084')
2024-09-23T16:48:58.660-05:00 DEBUG 37795 --- [learning-spring] [           main] o.s.jdbc.datasource.init.ScriptUtils     : 1 returned as update count for SQL: INSERT INTO GUEST (LAST_NAME, FIRST_NAME, EMAIL_ADDRESS, COUNTRY, ADDRESS, STATE, PHONE_NUMBER) VALUES('Dixon', 'Todd', 'tdixon2o@ed.gov', 'China', '82172 Lukken Alley', '', '0-(290)722-9657')
2024-09-23T16:48:58.660-05:00 DEBUG 37795 --- [learning-spring] [           main] o.s.jdbc.datasource.init.ScriptUtils     : 1 returned as update count for SQL: INSERT INTO GUEST (LAST_NAME, FIRST_NAME, EMAIL_ADDRESS, COUNTRY, ADDRESS, STATE, PHONE_NUMBER) VALUES('Elliott', 'David', 'delliottn@wsj.com', 'Russia', '6478 Doe Crossing Court', '', '4-(687)980-5138')
2024-09-23T16:48:58.660-05:00 DEBUG 37795 --- [learning-spring] [           main] o.s.jdbc.datasource.init.ScriptUtils     : 1 returned as update count for SQL: INSERT INTO GUEST (LAST_NAME, FIRST_NAME, EMAIL_ADDRESS, COUNTRY, ADDRESS, STATE, PHONE_NUMBER) VALUES('Elliott', 'Gregory', 'gelliott2f@exblog.jp', 'Indonesia', '01298 Raven Alley', '', '2-(826)961-5278')
2024-09-23T16:48:58.660-05:00 DEBUG 37795 --- [learning-spring] [           main] o.s.jdbc.datasource.init.ScriptUtils     : 1 returned as update count for SQL: INSERT INTO GUEST (LAST_NAME, FIRST_NAME, EMAIL_ADDRESS, COUNTRY, ADDRESS, STATE, PHONE_NUMBER) VALUES('Ellis', 'James', 'jellisa@wordpress.com', 'United States', '8108 Upham Avenue', 'CA', '9-(104)768-0365')
2024-09-23T16:48:58.660-05:00 DEBUG 37795 --- [learning-spring] [           main] o.s.jdbc.datasource.init.ScriptUtils     : 1 returned as update count for SQL: INSERT INTO GUEST (LAST_NAME, FIRST_NAME, EMAIL_ADDRESS, COUNTRY, ADDRESS, STATE, PHONE_NUMBER) VALUES('Ferguson', 'Russell', 'rferguson1b@uol.com.br', 'United States', '9143 Hudson Terrace', 'OH', '7-(498)208-8970')
2024-09-23T16:48:58.660-05:00 DEBUG 37795 --- [learning-spring] [           main] o.s.jdbc.datasource.init.ScriptUtils     : 1 returned as update count for SQL: INSERT INTO GUEST (LAST_NAME, FIRST_NAME, EMAIL_ADDRESS, COUNTRY, ADDRESS, STATE, PHONE_NUMBER) VALUES('Ferguson', 'Mark', 'mferguson2m@columbia.edu', 'Poland', '6 Fisk Drive', '', '7-(920)445-0162')
2024-09-23T16:48:58.661-05:00 DEBUG 37795 --- [learning-spring] [           main] o.s.jdbc.datasource.init.ScriptUtils     : 1 returned as update count for SQL: INSERT INTO GUEST (LAST_NAME, FIRST_NAME, EMAIL_ADDRESS, COUNTRY, ADDRESS, STATE, PHONE_NUMBER) VALUES('Fields', 'Lori', 'lfieldsq@smh.com.au', 'United States', '76485 Roth Alley', 'WA', '2-(229)182-4243')
2024-09-23T16:48:58.662-05:00 DEBUG 37795 --- [learning-spring] [           main] o.s.jdbc.datasource.init.ScriptUtils     : 1 returned as update count for SQL: INSERT INTO GUEST (LAST_NAME, FIRST_NAME, EMAIL_ADDRESS, COUNTRY, ADDRESS, STATE, PHONE_NUMBER) VALUES('Fisher', 'Thomas', 'tfisher26@sina.com.cn', 'Uzbekistan', '8 Haas Avenue', '', '1-(842)637-0935')
2024-09-23T16:48:58.662-05:00 DEBUG 37795 --- [learning-spring] [           main] o.s.jdbc.datasource.init.ScriptUtils     : 1 returned as update count for SQL: INSERT INTO GUEST (LAST_NAME, FIRST_NAME, EMAIL_ADDRESS, COUNTRY, ADDRESS, STATE, PHONE_NUMBER) VALUES('Ford', 'Matthew', 'mfordi@ucoz.com', 'Syria', '63 East Place', '', '5-(508)161-9676')
2024-09-23T16:48:58.662-05:00 DEBUG 37795 --- [learning-spring] [           main] o.s.jdbc.datasource.init.ScriptUtils     : 1 returned as update count for SQL: INSERT INTO GUEST (LAST_NAME, FIRST_NAME, EMAIL_ADDRESS, COUNTRY, ADDRESS, STATE, PHONE_NUMBER) VALUES('Fowler', 'Clarence', 'cfowler1t@unicef.org', 'United States', '890 Nevada Road', 'CT', '5-(922)750-2234')
2024-09-23T16:48:58.662-05:00 DEBUG 37795 --- [learning-spring] [           main] o.s.jdbc.datasource.init.ScriptUtils     : 1 returned as update count for SQL: INSERT INTO GUEST (LAST_NAME, FIRST_NAME, EMAIL_ADDRESS, COUNTRY, ADDRESS, STATE, PHONE_NUMBER) VALUES('Fowler', 'Steve', 'sfowler2f@ed.gov', 'United States', '243 Ohio Plaza', 'AL', '8-(435)340-9290')
2024-09-23T16:48:58.663-05:00 DEBUG 37795 --- [learning-spring] [           main] o.s.jdbc.datasource.init.ScriptUtils     : 1 returned as update count for SQL: INSERT INTO GUEST (LAST_NAME, FIRST_NAME, EMAIL_ADDRESS, COUNTRY, ADDRESS, STATE, PHONE_NUMBER) VALUES('Fox', 'Craig', 'cfox1v@sakura.ne.jp', 'Philippines', '576 Novick Alley', '', '3-(453)987-1524')
2024-09-23T16:48:58.663-05:00 DEBUG 37795 --- [learning-spring] [           main] o.s.jdbc.datasource.init.ScriptUtils     : 1 returned as update count for SQL: INSERT INTO GUEST (LAST_NAME, FIRST_NAME, EMAIL_ADDRESS, COUNTRY, ADDRESS, STATE, PHONE_NUMBER) VALUES('Freeman', 'Kimberly', 'kfreemank@cmu.edu', 'Australia', '46613 Buena Vista Pass', 'NSW', '0-(289)984-9766')
2024-09-23T16:48:58.663-05:00 DEBUG 37795 --- [learning-spring] [           main] o.s.jdbc.datasource.init.ScriptUtils     : 1 returned as update count for SQL: INSERT INTO GUEST (LAST_NAME, FIRST_NAME, EMAIL_ADDRESS, COUNTRY, ADDRESS, STATE, PHONE_NUMBER) VALUES('Freeman', 'Johnny', 'jfreeman1g@aboutads.info', 'China', '719 Trailsway Street', '', '6-(658)139-7764')
2024-09-23T16:48:58.663-05:00 DEBUG 37795 --- [learning-spring] [           main] o.s.jdbc.datasource.init.ScriptUtils     : 1 returned as update count for SQL: INSERT INTO GUEST (LAST_NAME, FIRST_NAME, EMAIL_ADDRESS, COUNTRY, ADDRESS, STATE, PHONE_NUMBER) VALUES('Garza', 'Carl', 'cgarzal@friendfeed.com', 'United States', '92 Scott Court', 'DC', '2-(818)774-1651')
2024-09-23T16:48:58.663-05:00 DEBUG 37795 --- [learning-spring] [           main] o.s.jdbc.datasource.init.ScriptUtils     : 1 returned as update count for SQL: INSERT INTO GUEST (LAST_NAME, FIRST_NAME, EMAIL_ADDRESS, COUNTRY, ADDRESS, STATE, PHONE_NUMBER) VALUES('Garza', 'Martha', 'mgarza29@fastcompany.com', 'Philippines', '64 Farwell Circle', '', '9-(455)359-2298')
2024-09-23T16:48:58.663-05:00 DEBUG 37795 --- [learning-spring] [           main] o.s.jdbc.datasource.init.ScriptUtils     : 1 returned as update count for SQL: INSERT INTO GUEST (LAST_NAME, FIRST_NAME, EMAIL_ADDRESS, COUNTRY, ADDRESS, STATE, PHONE_NUMBER) VALUES('George', 'Angela', 'ageorgew@slashdot.org', 'United States', '1 Corben Street', 'MD', '5-(864)699-8310')
2024-09-23T16:48:58.664-05:00 DEBUG 37795 --- [learning-spring] [           main] o.s.jdbc.datasource.init.ScriptUtils     : 1 returned as update count for SQL: INSERT INTO GUEST (LAST_NAME, FIRST_NAME, EMAIL_ADDRESS, COUNTRY, ADDRESS, STATE, PHONE_NUMBER) VALUES('George', 'Linda', 'lgeorge27@mtv.com', 'United States', '5793 Northport Center', 'MI', '7-(899)692-4554')
2024-09-23T16:48:58.664-05:00 DEBUG 37795 --- [learning-spring] [           main] o.s.jdbc.datasource.init.ScriptUtils     : 1 returned as update count for SQL: INSERT INTO GUEST (LAST_NAME, FIRST_NAME, EMAIL_ADDRESS, COUNTRY, ADDRESS, STATE, PHONE_NUMBER) VALUES('Gilbert', 'Rose', 'rgilbert1c@java.com', 'Indonesia', '32441 Oriole Junction', '', '9-(771)659-3359')
2024-09-23T16:48:58.664-05:00 DEBUG 37795 --- [learning-spring] [           main] o.s.jdbc.datasource.init.ScriptUtils     : 1 returned as update count for SQL: INSERT INTO GUEST (LAST_NAME, FIRST_NAME, EMAIL_ADDRESS, COUNTRY, ADDRESS, STATE, PHONE_NUMBER) VALUES('Gomez', 'Jacqueline', 'jgomeze@miitbeian.gov.cn', 'France', '794 Armistice Crossing', 'A7', '9-(345)143-4371')
2024-09-23T16:48:58.664-05:00 DEBUG 37795 --- [learning-spring] [           main] o.s.jdbc.datasource.init.ScriptUtils     : 1 returned as update count for SQL: INSERT INTO GUEST (LAST_NAME, FIRST_NAME, EMAIL_ADDRESS, COUNTRY, ADDRESS, STATE, PHONE_NUMBER) VALUES('Gordon', 'Antonio', 'agordon28@weather.com', 'United States', '8 Maywood Parkway', 'CA', '5-(724)135-8826')
2024-09-23T16:48:58.664-05:00 DEBUG 37795 --- [learning-spring] [           main] o.s.jdbc.datasource.init.ScriptUtils     : 1 returned as update count for SQL: INSERT INTO GUEST (LAST_NAME, FIRST_NAME, EMAIL_ADDRESS, COUNTRY, ADDRESS, STATE, PHONE_NUMBER) VALUES('Grant', 'Raymond', 'rgrant11@amazonaws.com', 'China', '248 Scott Trail', '', '0-(001)715-0415')
2024-09-23T16:48:58.665-05:00 DEBUG 37795 --- [learning-spring] [           main] o.s.jdbc.datasource.init.ScriptUtils     : 1 returned as update count for SQL: INSERT INTO GUEST (LAST_NAME, FIRST_NAME, EMAIL_ADDRESS, COUNTRY, ADDRESS, STATE, PHONE_NUMBER) VALUES('Grant', 'Janet', 'jgrant2c@nbcnews.com', 'Philippines', '07 Schurz Circle', '', '3-(757)166-1573')
2024-09-23T16:48:58.665-05:00 DEBUG 37795 --- [learning-spring] [           main] o.s.jdbc.datasource.init.ScriptUtils     : 1 returned as update count for SQL: INSERT INTO GUEST (LAST_NAME, FIRST_NAME, EMAIL_ADDRESS, COUNTRY, ADDRESS, STATE, PHONE_NUMBER) VALUES('Gray', 'Steven', 'sgray17@over-blog.com', 'Sweden', '4 5th Street', 'AB', '8-(004)861-6730')
2024-09-23T16:48:58.665-05:00 DEBUG 37795 --- [learning-spring] [           main] o.s.jdbc.datasource.init.ScriptUtils     : 1 returned as update count for SQL: INSERT INTO GUEST (LAST_NAME, FIRST_NAME, EMAIL_ADDRESS, COUNTRY, ADDRESS, STATE, PHONE_NUMBER) VALUES('Hamilton', 'William', 'whamilton2a@biglobe.ne.jp', 'United States', '23 Ronald Regan Drive', 'MO', '7-(178)515-6650')
2024-09-23T16:48:58.665-05:00 DEBUG 37795 --- [learning-spring] [           main] o.s.jdbc.datasource.init.ScriptUtils     : 1 returned as update count for SQL: INSERT INTO GUEST (LAST_NAME, FIRST_NAME, EMAIL_ADDRESS, COUNTRY, ADDRESS, STATE, PHONE_NUMBER) VALUES('Hamilton', 'Ernest', 'ehamilton0@51.la', 'Poland', '3 Bay Park', '', '1-(402)667-5979')
2024-09-23T16:48:58.665-05:00 DEBUG 37795 --- [learning-spring] [           main] o.s.jdbc.datasource.init.ScriptUtils     : 1 returned as update count for SQL: INSERT INTO GUEST (LAST_NAME, FIRST_NAME, EMAIL_ADDRESS, COUNTRY, ADDRESS, STATE, PHONE_NUMBER) VALUES('Hansen', 'Jane', 'jhansen0@xrea.com', 'United States', '8 Beilfuss Place', 'SC', '8-(468)743-8087')
2024-09-23T16:48:58.665-05:00 DEBUG 37795 --- [learning-spring] [           main] o.s.jdbc.datasource.init.ScriptUtils     : 1 returned as update count for SQL: INSERT INTO GUEST (LAST_NAME, FIRST_NAME, EMAIL_ADDRESS, COUNTRY, ADDRESS, STATE, PHONE_NUMBER) VALUES('Hansen', 'Annie', 'ahansen7@furl.net', 'United States', '728 Fisk Plaza', 'MD', '3-(527)508-7158')
2024-09-23T16:48:58.666-05:00 DEBUG 37795 --- [learning-spring] [           main] o.s.jdbc.datasource.init.ScriptUtils     : 1 returned as update count for SQL: INSERT INTO GUEST (LAST_NAME, FIRST_NAME, EMAIL_ADDRESS, COUNTRY, ADDRESS, STATE, PHONE_NUMBER) VALUES('Hanson', 'Carolyn', 'chanson1r@netlog.com', 'United States', '5066 Dottie Junction', 'NY', '8-(597)931-5162')
2024-09-23T16:48:58.666-05:00 DEBUG 37795 --- [learning-spring] [           main] o.s.jdbc.datasource.init.ScriptUtils     : 1 returned as update count for SQL: INSERT INTO GUEST (LAST_NAME, FIRST_NAME, EMAIL_ADDRESS, COUNTRY, ADDRESS, STATE, PHONE_NUMBER) VALUES('Hanson', 'Christopher', 'chansonp@ftc.gov', 'Indonesia', '50 Claremont Crossing', '', '5-(759)595-6039')
2024-09-23T16:48:58.666-05:00 DEBUG 37795 --- [learning-spring] [           main] o.s.jdbc.datasource.init.ScriptUtils     : 1 returned as update count for SQL: INSERT INTO GUEST (LAST_NAME, FIRST_NAME, EMAIL_ADDRESS, COUNTRY, ADDRESS, STATE, PHONE_NUMBER) VALUES('Harris', 'Michael', 'mharris2g@printfriendly.com', 'United States', '43 Veith Parkway', 'CT', '2-(345)753-2214')
2024-09-23T16:48:58.666-05:00 DEBUG 37795 --- [learning-spring] [           main] o.s.jdbc.datasource.init.ScriptUtils     : 1 returned as update count for SQL: INSERT INTO GUEST (LAST_NAME, FIRST_NAME, EMAIL_ADDRESS, COUNTRY, ADDRESS, STATE, PHONE_NUMBER) VALUES('Harrison', 'Stephanie', 'sharrison21@devhub.com', 'Poland', '709 Pepper Wood Avenue', '', '1-(280)302-4944')
2024-09-23T16:48:58.666-05:00 DEBUG 37795 --- [learning-spring] [           main] o.s.jdbc.datasource.init.ScriptUtils     : 1 returned as update count for SQL: INSERT INTO GUEST (LAST_NAME, FIRST_NAME, EMAIL_ADDRESS, COUNTRY, ADDRESS, STATE, PHONE_NUMBER) VALUES('Harvey', 'Anne', 'aharvey2g@sfgate.com', 'China', '4 American Place', '', '9-(535)847-7555')
2024-09-23T16:48:58.666-05:00 DEBUG 37795 --- [learning-spring] [           main] o.s.jdbc.datasource.init.ScriptUtils     : 1 returned as update count for SQL: INSERT INTO GUEST (LAST_NAME, FIRST_NAME, EMAIL_ADDRESS, COUNTRY, ADDRESS, STATE, PHONE_NUMBER) VALUES('Hayes', 'Barbara', 'bhayes2q@jiathis.com', 'United States', '6 Scofield Circle', 'TX', '0-(173)195-7190')
2024-09-23T16:48:58.666-05:00 DEBUG 37795 --- [learning-spring] [           main] o.s.jdbc.datasource.init.ScriptUtils     : 1 returned as update count for SQL: INSERT INTO GUEST (LAST_NAME, FIRST_NAME, EMAIL_ADDRESS, COUNTRY, ADDRESS, STATE, PHONE_NUMBER) VALUES('Hayes', 'Nicole', 'nhayes10@qq.com', 'China', '98830 Schlimgen Park', '', '7-(755)477-0983')
2024-09-23T16:48:58.667-05:00 DEBUG 37795 --- [learning-spring] [           main] o.s.jdbc.datasource.init.ScriptUtils     : 1 returned as update count for SQL: INSERT INTO GUEST (LAST_NAME, FIRST_NAME, EMAIL_ADDRESS, COUNTRY, ADDRESS, STATE, PHONE_NUMBER) VALUES('Hayes', 'Emily', 'ehayes1h@ox.ac.uk', 'Indonesia', '784 Susan Street', '', '8-(944)943-0482')
2024-09-23T16:48:58.667-05:00 DEBUG 37795 --- [learning-spring] [           main] o.s.jdbc.datasource.init.ScriptUtils     : 1 returned as update count for SQL: INSERT INTO GUEST (LAST_NAME, FIRST_NAME, EMAIL_ADDRESS, COUNTRY, ADDRESS, STATE, PHONE_NUMBER) VALUES('Henderson', 'Martin', 'mhenderson16@wsj.com', 'United States', '7306 Buhler Plaza', 'TX', '6-(058)886-9240')
2024-09-23T16:48:58.667-05:00 DEBUG 37795 --- [learning-spring] [           main] o.s.jdbc.datasource.init.ScriptUtils     : 1 returned as update count for SQL: INSERT INTO GUEST (LAST_NAME, FIRST_NAME, EMAIL_ADDRESS, COUNTRY, ADDRESS, STATE, PHONE_NUMBER) VALUES('Hernandez', 'Billy', 'bhernandezx@sphinn.com', 'United States', '994 Kennedy Street', 'PA', '2-(728)757-6883')
2024-09-23T16:48:58.667-05:00 DEBUG 37795 --- [learning-spring] [           main] o.s.jdbc.datasource.init.ScriptUtils     : 1 returned as update count for SQL: INSERT INTO GUEST (LAST_NAME, FIRST_NAME, EMAIL_ADDRESS, COUNTRY, ADDRESS, STATE, PHONE_NUMBER) VALUES('Hernandez', 'Heather', 'hhernandezr@hostgator.com', 'Indonesia', '74 Clove Drive', '', '5-(593)151-3362')
2024-09-23T16:48:58.668-05:00 DEBUG 37795 --- [learning-spring] [           main] o.s.jdbc.datasource.init.ScriptUtils     : 1 returned as update count for SQL: INSERT INTO GUEST (LAST_NAME, FIRST_NAME, EMAIL_ADDRESS, COUNTRY, ADDRESS, STATE, PHONE_NUMBER) VALUES('Hicks', 'Sharon', 'shicks3@wsj.com', 'Indonesia', '0974 Calypso Junction', '', '3-(868)311-6209')
2024-09-23T16:48:58.668-05:00 DEBUG 37795 --- [learning-spring] [           main] o.s.jdbc.datasource.init.ScriptUtils     : 1 returned as update count for SQL: INSERT INTO GUEST (LAST_NAME, FIRST_NAME, EMAIL_ADDRESS, COUNTRY, ADDRESS, STATE, PHONE_NUMBER) VALUES('Hicks', 'Lori', 'lhicks9@wordpress.org', 'China', '854 Lakewood Gardens Court', '', '9-(849)992-9828')
2024-09-23T16:48:58.668-05:00 DEBUG 37795 --- [learning-spring] [           main] o.s.jdbc.datasource.init.ScriptUtils     : 1 returned as update count for SQL: INSERT INTO GUEST (LAST_NAME, FIRST_NAME, EMAIL_ADDRESS, COUNTRY, ADDRESS, STATE, PHONE_NUMBER) VALUES('Howard', 'Richard', 'rhoward1i@theatlantic.com', 'United States', '6 Welch Pass', 'CA', '5-(673)015-8549')
2024-09-23T16:48:58.668-05:00 DEBUG 37795 --- [learning-spring] [           main] o.s.jdbc.datasource.init.ScriptUtils     : 1 returned as update count for SQL: INSERT INTO GUEST (LAST_NAME, FIRST_NAME, EMAIL_ADDRESS, COUNTRY, ADDRESS, STATE, PHONE_NUMBER) VALUES('Howell', 'Ronald', 'rhowell13@soup.io', 'Japan', '75904 Hoffman Way', '', '3-(124)276-4530')
2024-09-23T16:48:58.668-05:00 DEBUG 37795 --- [learning-spring] [           main] o.s.jdbc.datasource.init.ScriptUtils     : 1 returned as update count for SQL: INSERT INTO GUEST (LAST_NAME, FIRST_NAME, EMAIL_ADDRESS, COUNTRY, ADDRESS, STATE, PHONE_NUMBER) VALUES('Hughes', 'Judy', 'jhughes25@4shared.com', 'United States', '03 Sullivan Circle', 'DE', '4-(702)002-3923')
2024-09-23T16:48:58.668-05:00 DEBUG 37795 --- [learning-spring] [           main] o.s.jdbc.datasource.init.ScriptUtils     : 1 returned as update count for SQL: INSERT INTO GUEST (LAST_NAME, FIRST_NAME, EMAIL_ADDRESS, COUNTRY, ADDRESS, STATE, PHONE_NUMBER) VALUES('Hunter', 'Amy', 'ahuntere@intel.com', 'United States', '9781 Kennedy Avenue', 'WV', '0-(992)102-4834')
2024-09-23T16:48:58.668-05:00 DEBUG 37795 --- [learning-spring] [           main] o.s.jdbc.datasource.init.ScriptUtils     : 1 returned as update count for SQL: INSERT INTO GUEST (LAST_NAME, FIRST_NAME, EMAIL_ADDRESS, COUNTRY, ADDRESS, STATE, PHONE_NUMBER) VALUES('Jackson', 'Kathryn', 'kjackson3@wikia.com', 'United States', '43603 Northwestern Plaza', 'MS', '9-(266)577-1031')
2024-09-23T16:48:58.669-05:00 DEBUG 37795 --- [learning-spring] [           main] o.s.jdbc.datasource.init.ScriptUtils     : 1 returned as update count for SQL: INSERT INTO GUEST (LAST_NAME, FIRST_NAME, EMAIL_ADDRESS, COUNTRY, ADDRESS, STATE, PHONE_NUMBER) VALUES('Jenkins', 'Steven', 'sjenkins1e@a8.net', 'United States', '7396 Canary Center', 'CA', '3-(613)563-6513')
2024-09-23T16:48:58.669-05:00 DEBUG 37795 --- [learning-spring] [           main] o.s.jdbc.datasource.init.ScriptUtils     : 1 returned as update count for SQL: INSERT INTO GUEST (LAST_NAME, FIRST_NAME, EMAIL_ADDRESS, COUNTRY, ADDRESS, STATE, PHONE_NUMBER) VALUES('Johnson', 'Kevin', 'kjohnson2h@unesco.org', 'Poland', '5 Haas Circle', '', '8-(553)359-6387')
2024-09-23T16:48:58.669-05:00 DEBUG 37795 --- [learning-spring] [           main] o.s.jdbc.datasource.init.ScriptUtils     : 1 returned as update count for SQL: INSERT INTO GUEST (LAST_NAME, FIRST_NAME, EMAIL_ADDRESS, COUNTRY, ADDRESS, STATE, PHONE_NUMBER) VALUES('Johnston', 'Christina', 'cjohnston1m@nationalgeographic.com', 'Gabon', '05059 Fordem Lane', '', '7-(543)809-5071')
2024-09-23T16:48:58.669-05:00 DEBUG 37795 --- [learning-spring] [           main] o.s.jdbc.datasource.init.ScriptUtils     : 1 returned as update count for SQL: INSERT INTO GUEST (LAST_NAME, FIRST_NAME, EMAIL_ADDRESS, COUNTRY, ADDRESS, STATE, PHONE_NUMBER) VALUES('Johnston', 'Ryan', 'rjohnston1s@ucla.edu', 'Russia', '4 Sunfield Avenue', '', '3-(807)624-4323')
2024-09-23T16:48:58.669-05:00 DEBUG 37795 --- [learning-spring] [           main] o.s.jdbc.datasource.init.ScriptUtils     : 1 returned as update count for SQL: INSERT INTO GUEST (LAST_NAME, FIRST_NAME, EMAIL_ADDRESS, COUNTRY, ADDRESS, STATE, PHONE_NUMBER) VALUES('Jordan', 'Marie', 'mjordan1n@weather.com', 'United States', '5 Moulton Avenue', 'GA', '9-(380)848-6527')
2024-09-23T16:48:58.669-05:00 DEBUG 37795 --- [learning-spring] [           main] o.s.jdbc.datasource.init.ScriptUtils     : 1 returned as update count for SQL: INSERT INTO GUEST (LAST_NAME, FIRST_NAME, EMAIL_ADDRESS, COUNTRY, ADDRESS, STATE, PHONE_NUMBER) VALUES('Kelley', 'Pamela', 'pkelley2c@hibu.com', 'United States', '97636 5th Pass', 'KS', '0-(546)670-0937')
2024-09-23T16:48:58.669-05:00 DEBUG 37795 --- [learning-spring] [           main] o.s.jdbc.datasource.init.ScriptUtils     : 1 returned as update count for SQL: INSERT INTO GUEST (LAST_NAME, FIRST_NAME, EMAIL_ADDRESS, COUNTRY, ADDRESS, STATE, PHONE_NUMBER) VALUES('Kelly', 'Evelyn', 'ekelly2h@facebook.com', 'United States', '82091 Leroy Center', 'KY', '5-(319)309-1959')
2024-09-23T16:48:58.670-05:00 DEBUG 37795 --- [learning-spring] [           main] o.s.jdbc.datasource.init.ScriptUtils     : 1 returned as update count for SQL: INSERT INTO GUEST (LAST_NAME, FIRST_NAME, EMAIL_ADDRESS, COUNTRY, ADDRESS, STATE, PHONE_NUMBER) VALUES('Kennedy', 'Dorothy', 'dkennedy23@unblog.fr', 'United States', '01 Park Meadow Place', 'TX', '0-(605)308-6131')
2024-09-23T16:48:58.670-05:00 DEBUG 37795 --- [learning-spring] [           main] o.s.jdbc.datasource.init.ScriptUtils     : 1 returned as update count for SQL: INSERT INTO GUEST (LAST_NAME, FIRST_NAME, EMAIL_ADDRESS, COUNTRY, ADDRESS, STATE, PHONE_NUMBER) VALUES('King', 'Sean', 'skingl@geocities.jp', 'Indonesia', '6611 Spaight Street', '', '5-(463)415-7449')
2024-09-23T16:48:58.672-05:00 DEBUG 37795 --- [learning-spring] [           main] o.s.jdbc.datasource.init.ScriptUtils     : 1 returned as update count for SQL: INSERT INTO GUEST (LAST_NAME, FIRST_NAME, EMAIL_ADDRESS, COUNTRY, ADDRESS, STATE, PHONE_NUMBER) VALUES('King', 'Kimberly', 'kking1r@naver.com', 'Nigeria', '7 Northfield Avenue', '', '4-(192)264-2329')
2024-09-23T16:48:58.673-05:00 DEBUG 37795 --- [learning-spring] [           main] o.s.jdbc.datasource.init.ScriptUtils     : 1 returned as update count for SQL: INSERT INTO GUEST (LAST_NAME, FIRST_NAME, EMAIL_ADDRESS, COUNTRY, ADDRESS, STATE, PHONE_NUMBER) VALUES('King', 'Nicholas', 'nking2r@businessweek.com', 'Philippines', '3 Gulseth Drive', '', '4-(647)544-4105')
2024-09-23T16:48:58.673-05:00 DEBUG 37795 --- [learning-spring] [           main] o.s.jdbc.datasource.init.ScriptUtils     : 1 returned as update count for SQL: INSERT INTO GUEST (LAST_NAME, FIRST_NAME, EMAIL_ADDRESS, COUNTRY, ADDRESS, STATE, PHONE_NUMBER) VALUES('Knight', 'Katherine', 'kknight1p@walmart.com', 'United States', '3 Surrey Circle', 'LA', '6-(906)910-4569')
2024-09-23T16:48:58.673-05:00 DEBUG 37795 --- [learning-spring] [           main] o.s.jdbc.datasource.init.ScriptUtils     : 1 returned as update count for SQL: INSERT INTO GUEST (LAST_NAME, FIRST_NAME, EMAIL_ADDRESS, COUNTRY, ADDRESS, STATE, PHONE_NUMBER) VALUES('Larson', 'Martin', 'mlarson24@tripadvisor.com', 'United States', '32 Surrey Road', 'NC', '8-(568)965-0021')
2024-09-23T16:48:58.673-05:00 DEBUG 37795 --- [learning-spring] [           main] o.s.jdbc.datasource.init.ScriptUtils     : 1 returned as update count for SQL: INSERT INTO GUEST (LAST_NAME, FIRST_NAME, EMAIL_ADDRESS, COUNTRY, ADDRESS, STATE, PHONE_NUMBER) VALUES('Lee', 'Louis', 'lleeh@yellowbook.com', 'United States', '80 Boyd Court', 'NJ', '3-(100)131-3147')
2024-09-23T16:48:58.673-05:00 DEBUG 37795 --- [learning-spring] [           main] o.s.jdbc.datasource.init.ScriptUtils     : 1 returned as update count for SQL: INSERT INTO GUEST (LAST_NAME, FIRST_NAME, EMAIL_ADDRESS, COUNTRY, ADDRESS, STATE, PHONE_NUMBER) VALUES('Lewis', 'Ruby', 'rlewisv@answers.com', 'United States', '37 Saint Paul Place', 'IA', '1-(585)331-1972')
2024-09-23T16:48:58.674-05:00 DEBUG 37795 --- [learning-spring] [           main] o.s.jdbc.datasource.init.ScriptUtils     : 1 returned as update count for SQL: INSERT INTO GUEST (LAST_NAME, FIRST_NAME, EMAIL_ADDRESS, COUNTRY, ADDRESS, STATE, PHONE_NUMBER) VALUES('Lewis', 'Jonathan', 'jlewis4@tuttocitta.it', 'Mauritania', '1771 Cascade Place', '', '2-(107)787-5478')
2024-09-23T16:48:58.674-05:00 DEBUG 37795 --- [learning-spring] [           main] o.s.jdbc.datasource.init.ScriptUtils     : 1 returned as update count for SQL: INSERT INTO GUEST (LAST_NAME, FIRST_NAME, EMAIL_ADDRESS, COUNTRY, ADDRESS, STATE, PHONE_NUMBER) VALUES('Little', 'Eric', 'elittle18@cdc.gov', 'United States', '1008 6th Street', 'FL', '9-(855)524-1969')
2024-09-23T16:48:58.674-05:00 DEBUG 37795 --- [learning-spring] [           main] o.s.jdbc.datasource.init.ScriptUtils     : 1 returned as update count for SQL: INSERT INTO GUEST (LAST_NAME, FIRST_NAME, EMAIL_ADDRESS, COUNTRY, ADDRESS, STATE, PHONE_NUMBER) VALUES('Little', 'Kathy', 'klittlec@slideshare.net', 'China', '033 Victoria Circle', '', '9-(104)402-8499')
2024-09-23T16:48:58.674-05:00 DEBUG 37795 --- [learning-spring] [           main] o.s.jdbc.datasource.init.ScriptUtils     : 1 returned as update count for SQL: INSERT INTO GUEST (LAST_NAME, FIRST_NAME, EMAIL_ADDRESS, COUNTRY, ADDRESS, STATE, PHONE_NUMBER) VALUES('Martin', 'Frank', 'fmartin1a@ed.gov', 'United States', '21822 Talisman Drive', 'TX', '1-(296)887-1815')
2024-09-23T16:48:58.674-05:00 DEBUG 37795 --- [learning-spring] [           main] o.s.jdbc.datasource.init.ScriptUtils     : 1 returned as update count for SQL: INSERT INTO GUEST (LAST_NAME, FIRST_NAME, EMAIL_ADDRESS, COUNTRY, ADDRESS, STATE, PHONE_NUMBER) VALUES('Martin', 'Roy', 'rmarting@delicious.com', 'Bolivia', '789 Scoville Plaza', '', '8-(330)043-5619')
2024-09-23T16:48:58.674-05:00 DEBUG 37795 --- [learning-spring] [           main] o.s.jdbc.datasource.init.ScriptUtils     : 1 returned as update count for SQL: INSERT INTO GUEST (LAST_NAME, FIRST_NAME, EMAIL_ADDRESS, COUNTRY, ADDRESS, STATE, PHONE_NUMBER) VALUES('Martinez', 'Randy', 'rmartinez1q@adobe.com', 'United States', '9031 Clove Court', 'KS', '6-(835)245-0202')
2024-09-23T16:48:58.674-05:00 DEBUG 37795 --- [learning-spring] [           main] o.s.jdbc.datasource.init.ScriptUtils     : 1 returned as update count for SQL: INSERT INTO GUEST (LAST_NAME, FIRST_NAME, EMAIL_ADDRESS, COUNTRY, ADDRESS, STATE, PHONE_NUMBER) VALUES('Mason', 'Janet', 'jmason1m@pbs.org', 'United States', '48485 Springs Lane', 'WA', '0-(404)244-1973')
2024-09-23T16:48:58.675-05:00 DEBUG 37795 --- [learning-spring] [           main] o.s.jdbc.datasource.init.ScriptUtils     : 1 returned as update count for SQL: INSERT INTO GUEST (LAST_NAME, FIRST_NAME, EMAIL_ADDRESS, COUNTRY, ADDRESS, STATE, PHONE_NUMBER) VALUES('Mcdonald', 'Ann', 'amcdonaldu@drupal.org', 'United States', '94 Columbus Crossing', 'IN', '2-(019)467-7792')
2024-09-23T16:48:58.675-05:00 DEBUG 37795 --- [learning-spring] [           main] o.s.jdbc.datasource.init.ScriptUtils     : 1 returned as update count for SQL: INSERT INTO GUEST (LAST_NAME, FIRST_NAME, EMAIL_ADDRESS, COUNTRY, ADDRESS, STATE, PHONE_NUMBER) VALUES('Mcdonald', 'Kathryn', 'kmcdonald5@mit.edu', 'Indonesia', '3486 Vidon Street', '', '3-(381)326-4723')
2024-09-23T16:48:58.675-05:00 DEBUG 37795 --- [learning-spring] [           main] o.s.jdbc.datasource.init.ScriptUtils     : 1 returned as update count for SQL: INSERT INTO GUEST (LAST_NAME, FIRST_NAME, EMAIL_ADDRESS, COUNTRY, ADDRESS, STATE, PHONE_NUMBER) VALUES('Meyer', 'Lisa', 'lmeyer2k@ycombinator.com', 'Tuvalu', '6 Mallory Circle', '', '6-(321)779-8895')
2024-09-23T16:48:58.675-05:00 DEBUG 37795 --- [learning-spring] [           main] o.s.jdbc.datasource.init.ScriptUtils     : 1 returned as update count for SQL: INSERT INTO GUEST (LAST_NAME, FIRST_NAME, EMAIL_ADDRESS, COUNTRY, ADDRESS, STATE, PHONE_NUMBER) VALUES('Miller', 'Pamela', 'pmiller2b@t-online.de', 'United States', '951 High Crossing Alley', 'TX', '1-(377)914-2151')
2024-09-23T16:48:58.675-05:00 DEBUG 37795 --- [learning-spring] [           main] o.s.jdbc.datasource.init.ScriptUtils     : 1 returned as update count for SQL: INSERT INTO GUEST (LAST_NAME, FIRST_NAME, EMAIL_ADDRESS, COUNTRY, ADDRESS, STATE, PHONE_NUMBER) VALUES('Miller', 'Brandon', 'bmiller1u@prweb.com', 'Indonesia', '3992 Sugar Circle', '', '6-(106)294-1370')
2024-09-23T16:48:58.676-05:00 DEBUG 37795 --- [learning-spring] [           main] o.s.jdbc.datasource.init.ScriptUtils     : 1 returned as update count for SQL: INSERT INTO GUEST (LAST_NAME, FIRST_NAME, EMAIL_ADDRESS, COUNTRY, ADDRESS, STATE, PHONE_NUMBER) VALUES('Miller', 'Julia', 'jmiller2d@zdnet.com', 'Argentina', '551 Bartelt Crossing', '', '0-(666)185-0852')
2024-09-23T16:48:58.676-05:00 DEBUG 37795 --- [learning-spring] [           main] o.s.jdbc.datasource.init.ScriptUtils     : 1 returned as update count for SQL: INSERT INTO GUEST (LAST_NAME, FIRST_NAME, EMAIL_ADDRESS, COUNTRY, ADDRESS, STATE, PHONE_NUMBER) VALUES('Montgomery', 'Lois', 'lmontgomeryf@nba.com', 'United States', '8 Farwell Center', 'NC', '8-(375)554-1933')
2024-09-23T16:48:58.676-05:00 DEBUG 37795 --- [learning-spring] [           main] o.s.jdbc.datasource.init.ScriptUtils     : 1 returned as update count for SQL: INSERT INTO GUEST (LAST_NAME, FIRST_NAME, EMAIL_ADDRESS, COUNTRY, ADDRESS, STATE, PHONE_NUMBER) VALUES('Morales', 'Jonathan', 'jmorales19@ed.gov', 'United States', '715 Muir Pass', 'TX', '7-(721)881-1745')
2024-09-23T16:48:58.676-05:00 DEBUG 37795 --- [learning-spring] [           main] o.s.jdbc.datasource.init.ScriptUtils     : 1 returned as update count for SQL: INSERT INTO GUEST (LAST_NAME, FIRST_NAME, EMAIL_ADDRESS, COUNTRY, ADDRESS, STATE, PHONE_NUMBER) VALUES('Moreno', 'Ronald', 'rmorenoa@wp.com', 'Indonesia', '6832 Dakota Drive', '', '1-(452)732-4207')
2024-09-23T16:48:58.676-05:00 DEBUG 37795 --- [learning-spring] [           main] o.s.jdbc.datasource.init.ScriptUtils     : 1 returned as update count for SQL: INSERT INTO GUEST (LAST_NAME, FIRST_NAME, EMAIL_ADDRESS, COUNTRY, ADDRESS, STATE, PHONE_NUMBER) VALUES('Moreno', 'Anne', 'amorenox@imgur.com', 'China', '72 Autumn Leaf Drive', '', '7-(297)043-6194')
2024-09-23T16:48:58.676-05:00 DEBUG 37795 --- [learning-spring] [           main] o.s.jdbc.datasource.init.ScriptUtils     : 1 returned as update count for SQL: INSERT INTO GUEST (LAST_NAME, FIRST_NAME, EMAIL_ADDRESS, COUNTRY, ADDRESS, STATE, PHONE_NUMBER) VALUES('Moreno', 'Martha', 'mmoreno1a@skyrock.com', 'China', '41 Ridgeview Pass', '', '8-(179)386-6387')
2024-09-23T16:48:58.676-05:00 DEBUG 37795 --- [learning-spring] [           main] o.s.jdbc.datasource.init.ScriptUtils     : 1 returned as update count for SQL: INSERT INTO GUEST (LAST_NAME, FIRST_NAME, EMAIL_ADDRESS, COUNTRY, ADDRESS, STATE, PHONE_NUMBER) VALUES('Moreno', 'Linda', 'lmoreno22@odnoklassniki.ru', 'Indonesia', '09 Mesta Street', '', '6-(716)643-5063')
2024-09-23T16:48:58.677-05:00 DEBUG 37795 --- [learning-spring] [           main] o.s.jdbc.datasource.init.ScriptUtils     : 1 returned as update count for SQL: INSERT INTO GUEST (LAST_NAME, FIRST_NAME, EMAIL_ADDRESS, COUNTRY, ADDRESS, STATE, PHONE_NUMBER) VALUES('Morgan', 'Shawn', 'smorgany@a8.net', 'United States', '5351 Blaine Street', 'UT', '9-(614)327-3110')
2024-09-23T16:48:58.677-05:00 DEBUG 37795 --- [learning-spring] [           main] o.s.jdbc.datasource.init.ScriptUtils     : 1 returned as update count for SQL: INSERT INTO GUEST (LAST_NAME, FIRST_NAME, EMAIL_ADDRESS, COUNTRY, ADDRESS, STATE, PHONE_NUMBER) VALUES('Morgan', 'Ruby', 'rmorgan1n@narod.ru', 'France', '13 Arapahoe Drive', 'B2', '4-(056)808-7190')
2024-09-23T16:48:58.677-05:00 DEBUG 37795 --- [learning-spring] [           main] o.s.jdbc.datasource.init.ScriptUtils     : 1 returned as update count for SQL: INSERT INTO GUEST (LAST_NAME, FIRST_NAME, EMAIL_ADDRESS, COUNTRY, ADDRESS, STATE, PHONE_NUMBER) VALUES('Morris', 'Russell', 'rmorrist@yahoo.com', 'United States', '2 Dryden Street', 'CA', '8-(312)542-5335')
2024-09-23T16:48:58.677-05:00 DEBUG 37795 --- [learning-spring] [           main] o.s.jdbc.datasource.init.ScriptUtils     : 1 returned as update count for SQL: INSERT INTO GUEST (LAST_NAME, FIRST_NAME, EMAIL_ADDRESS, COUNTRY, ADDRESS, STATE, PHONE_NUMBER) VALUES('Morris', 'Ernest', 'emorris17@linkedin.com', 'United States', '538 Lawn Hill', 'NY', '0-(722)159-2263')
2024-09-23T16:48:58.677-05:00 DEBUG 37795 --- [learning-spring] [           main] o.s.jdbc.datasource.init.ScriptUtils     : 1 returned as update count for SQL: INSERT INTO GUEST (LAST_NAME, FIRST_NAME, EMAIL_ADDRESS, COUNTRY, ADDRESS, STATE, PHONE_NUMBER) VALUES('Morris', 'Frank', 'fmorris15@goo.ne.jp', 'Greece', '073 Moland Avenue', '', '3-(574)360-9298')
2024-09-23T16:48:58.677-05:00 DEBUG 37795 --- [learning-spring] [           main] o.s.jdbc.datasource.init.ScriptUtils     : 1 returned as update count for SQL: INSERT INTO GUEST (LAST_NAME, FIRST_NAME, EMAIL_ADDRESS, COUNTRY, ADDRESS, STATE, PHONE_NUMBER) VALUES('Murphy', 'Sharon', 'smurphy1x@exblog.jp', 'United States', '030 Tomscot Trail', 'NC', '3-(392)774-3776')
2024-09-23T16:48:58.678-05:00 DEBUG 37795 --- [learning-spring] [           main] o.s.jdbc.datasource.init.ScriptUtils     : 1 returned as update count for SQL: INSERT INTO GUEST (LAST_NAME, FIRST_NAME, EMAIL_ADDRESS, COUNTRY, ADDRESS, STATE, PHONE_NUMBER) VALUES('Murray', 'Angela', 'amurray1f@elegantthemes.com', 'United States', '11496 Bobwhite Junction', 'VA', '7-(311)742-6306')
2024-09-23T16:48:58.678-05:00 DEBUG 37795 --- [learning-spring] [           main] o.s.jdbc.datasource.init.ScriptUtils     : 1 returned as update count for SQL: INSERT INTO GUEST (LAST_NAME, FIRST_NAME, EMAIL_ADDRESS, COUNTRY, ADDRESS, STATE, PHONE_NUMBER) VALUES('Murray', 'Tina', 'tmurray8@admin.ch', 'Brazil', '63 Arapahoe Avenue', '', '7-(922)695-1373')
2024-09-23T16:48:58.678-05:00 DEBUG 37795 --- [learning-spring] [           main] o.s.jdbc.datasource.init.ScriptUtils     : 1 returned as update count for SQL: INSERT INTO GUEST (LAST_NAME, FIRST_NAME, EMAIL_ADDRESS, COUNTRY, ADDRESS, STATE, PHONE_NUMBER) VALUES('Murray', 'Judith', 'jmurray12@weather.com', 'China', '772 Eagle Crest Court', '', '5-(447)261-8375')
2024-09-23T16:48:58.678-05:00 DEBUG 37795 --- [learning-spring] [           main] o.s.jdbc.datasource.init.ScriptUtils     : 1 returned as update count for SQL: INSERT INTO GUEST (LAST_NAME, FIRST_NAME, EMAIL_ADDRESS, COUNTRY, ADDRESS, STATE, PHONE_NUMBER) VALUES('Nguyen', 'Michelle', 'mnguyen9@home.pl', 'United States', '76 Vidon Crossing', 'LA', '3-(168)110-6625')
2024-09-23T16:48:58.678-05:00 DEBUG 37795 --- [learning-spring] [           main] o.s.jdbc.datasource.init.ScriptUtils     : 1 returned as update count for SQL: INSERT INTO GUEST (LAST_NAME, FIRST_NAME, EMAIL_ADDRESS, COUNTRY, ADDRESS, STATE, PHONE_NUMBER) VALUES('Nichols', 'Sean', 'snichols1d@alexa.com', 'Indonesia', '48 Garrison Court', '', '9-(909)775-6033')
2024-09-23T16:48:58.679-05:00 DEBUG 37795 --- [learning-spring] [           main] o.s.jdbc.datasource.init.ScriptUtils     : 1 returned as update count for SQL: INSERT INTO GUEST (LAST_NAME, FIRST_NAME, EMAIL_ADDRESS, COUNTRY, ADDRESS, STATE, PHONE_NUMBER) VALUES('Owens', 'Joyce', 'jowens1o@icq.com', 'United States', '0017 Fordem Hill', 'CA', '6-(213)022-2309')
2024-09-23T16:48:58.679-05:00 DEBUG 37795 --- [learning-spring] [           main] o.s.jdbc.datasource.init.ScriptUtils     : 1 returned as update count for SQL: INSERT INTO GUEST (LAST_NAME, FIRST_NAME, EMAIL_ADDRESS, COUNTRY, ADDRESS, STATE, PHONE_NUMBER) VALUES('Owens', 'Alan', 'aowens16@domainmarket.com', 'Zimbabwe', '9 Tomscot Place', '', '3-(534)603-4932')
2024-09-23T16:48:58.679-05:00 DEBUG 37795 --- [learning-spring] [           main] o.s.jdbc.datasource.init.ScriptUtils     : 1 returned as update count for SQL: INSERT INTO GUEST (LAST_NAME, FIRST_NAME, EMAIL_ADDRESS, COUNTRY, ADDRESS, STATE, PHONE_NUMBER) VALUES('Perez', 'Rebecca', 'rperezo@sbwire.com', 'United States', '67390 Manitowish Pass', 'TX', '7-(406)875-9890')
2024-09-23T16:48:58.679-05:00 DEBUG 37795 --- [learning-spring] [           main] o.s.jdbc.datasource.init.ScriptUtils     : 1 returned as update count for SQL: INSERT INTO GUEST (LAST_NAME, FIRST_NAME, EMAIL_ADDRESS, COUNTRY, ADDRESS, STATE, PHONE_NUMBER) VALUES('Perez', 'Marilyn', 'mperez1g@epa.gov', 'United States', '191 East Lane', 'TN', '2-(678)829-2820')
2024-09-23T16:48:58.680-05:00 DEBUG 37795 --- [learning-spring] [           main] o.s.jdbc.datasource.init.ScriptUtils     : 1 returned as update count for SQL: INSERT INTO GUEST (LAST_NAME, FIRST_NAME, EMAIL_ADDRESS, COUNTRY, ADDRESS, STATE, PHONE_NUMBER) VALUES('Perry', 'John', 'jperry1d@xinhuanet.com', 'United States', '02184 2nd Way', 'MD', '3-(362)867-6688')
2024-09-23T16:48:58.680-05:00 DEBUG 37795 --- [learning-spring] [           main] o.s.jdbc.datasource.init.ScriptUtils     : 1 returned as update count for SQL: INSERT INTO GUEST (LAST_NAME, FIRST_NAME, EMAIL_ADDRESS, COUNTRY, ADDRESS, STATE, PHONE_NUMBER) VALUES('Perry', 'Sharon', 'sperryd@barnesandnoble.com', 'China', '9202 Clemons Avenue', '', '3-(895)126-1278')
2024-09-23T16:48:58.680-05:00 DEBUG 37795 --- [learning-spring] [           main] o.s.jdbc.datasource.init.ScriptUtils     : 1 returned as update count for SQL: INSERT INTO GUEST (LAST_NAME, FIRST_NAME, EMAIL_ADDRESS, COUNTRY, ADDRESS, STATE, PHONE_NUMBER) VALUES('Pierce', 'Alice', 'apierce2r@umich.edu', 'United States', '6 Corben Trail', 'MI', '0-(467)177-3734')
2024-09-23T16:48:58.680-05:00 DEBUG 37795 --- [learning-spring] [           main] o.s.jdbc.datasource.init.ScriptUtils     : 1 returned as update count for SQL: INSERT INTO GUEST (LAST_NAME, FIRST_NAME, EMAIL_ADDRESS, COUNTRY, ADDRESS, STATE, PHONE_NUMBER) VALUES('Pierce', 'Ernest', 'epierce1w@flavors.me', 'France', '99 Warner Drive', 'B2', '7-(918)938-0007')
2024-09-23T16:48:58.680-05:00 DEBUG 37795 --- [learning-spring] [           main] o.s.jdbc.datasource.init.ScriptUtils     : 1 returned as update count for SQL: INSERT INTO GUEST (LAST_NAME, FIRST_NAME, EMAIL_ADDRESS, COUNTRY, ADDRESS, STATE, PHONE_NUMBER) VALUES('Pierce', 'Lois', 'lpierce2n@spotify.com', 'Argentina', '819 Holy Cross Drive', '', '4-(370)593-0211')
2024-09-23T16:48:58.681-05:00 DEBUG 37795 --- [learning-spring] [           main] o.s.jdbc.datasource.init.ScriptUtils     : 1 returned as update count for SQL: INSERT INTO GUEST (LAST_NAME, FIRST_NAME, EMAIL_ADDRESS, COUNTRY, ADDRESS, STATE, PHONE_NUMBER) VALUES('Porter', 'Debra', 'dporter1x@sakura.ne.jp', 'Indonesia', '1 Haas Street', '', '8-(747)340-6398')
2024-09-23T16:48:58.681-05:00 DEBUG 37795 --- [learning-spring] [           main] o.s.jdbc.datasource.init.ScriptUtils     : 1 returned as update count for SQL: INSERT INTO GUEST (LAST_NAME, FIRST_NAME, EMAIL_ADDRESS, COUNTRY, ADDRESS, STATE, PHONE_NUMBER) VALUES('Ramirez', 'Frank', 'framirez2k@goodreads.com', 'United States', '3 Rowland Parkway', 'NC', '0-(669)037-4790')
2024-09-23T16:48:58.681-05:00 DEBUG 37795 --- [learning-spring] [           main] o.s.jdbc.datasource.init.ScriptUtils     : 1 returned as update count for SQL: INSERT INTO GUEST (LAST_NAME, FIRST_NAME, EMAIL_ADDRESS, COUNTRY, ADDRESS, STATE, PHONE_NUMBER) VALUES('Ray', 'Norma', 'nray1l@columbia.edu', 'United States', '8 Crescent Oaks Terrace', 'CA', '3-(007)729-3299')
2024-09-23T16:48:58.681-05:00 DEBUG 37795 --- [learning-spring] [           main] o.s.jdbc.datasource.init.ScriptUtils     : 1 returned as update count for SQL: INSERT INTO GUEST (LAST_NAME, FIRST_NAME, EMAIL_ADDRESS, COUNTRY, ADDRESS, STATE, PHONE_NUMBER) VALUES('Reid', 'Katherine', 'kreid2@reverbnation.com', 'United States', '51 Stang Crossing', 'CA', '1-(816)180-4329')
2024-09-23T16:48:58.681-05:00 DEBUG 37795 --- [learning-spring] [           main] o.s.jdbc.datasource.init.ScriptUtils     : 1 returned as update count for SQL: INSERT INTO GUEST (LAST_NAME, FIRST_NAME, EMAIL_ADDRESS, COUNTRY, ADDRESS, STATE, PHONE_NUMBER) VALUES('Reid', 'Phyllis', 'preids@amazon.co.uk', 'Peru', '46 Rusk Parkway', '', '8-(695)108-5308')
2024-09-23T16:48:58.681-05:00 DEBUG 37795 --- [learning-spring] [           main] o.s.jdbc.datasource.init.ScriptUtils     : 1 returned as update count for SQL: INSERT INTO GUEST (LAST_NAME, FIRST_NAME, EMAIL_ADDRESS, COUNTRY, ADDRESS, STATE, PHONE_NUMBER) VALUES('Reid', 'Ashley', 'areid1p@taobao.com', 'United States', '88 Village Green Center', 'OH', '0-(960)491-5644')
2024-09-23T16:48:58.681-05:00 DEBUG 37795 --- [learning-spring] [           main] o.s.jdbc.datasource.init.ScriptUtils     : 1 returned as update count for SQL: INSERT INTO GUEST (LAST_NAME, FIRST_NAME, EMAIL_ADDRESS, COUNTRY, ADDRESS, STATE, PHONE_NUMBER) VALUES('Reyes', 'Nicole', 'nreyes5@exblog.jp', 'United States', '67524 Nobel Way', 'AZ', '7-(420)898-9688')
2024-09-23T16:48:58.682-05:00 DEBUG 37795 --- [learning-spring] [           main] o.s.jdbc.datasource.init.ScriptUtils     : 1 returned as update count for SQL: INSERT INTO GUEST (LAST_NAME, FIRST_NAME, EMAIL_ADDRESS, COUNTRY, ADDRESS, STATE, PHONE_NUMBER) VALUES('Reynolds', 'Gary', 'greynoldsz@state.gov', 'United States', '1 Prairieview Center', 'WA', '5-(337)284-9527')
2024-09-23T16:48:58.682-05:00 DEBUG 37795 --- [learning-spring] [           main] o.s.jdbc.datasource.init.ScriptUtils     : 1 returned as update count for SQL: INSERT INTO GUEST (LAST_NAME, FIRST_NAME, EMAIL_ADDRESS, COUNTRY, ADDRESS, STATE, PHONE_NUMBER) VALUES('Richards', 'Jessica', 'jrichards21@issuu.com', 'United States', '924 John Wall Trail', 'ME', '8-(061)711-6311')
2024-09-23T16:48:58.682-05:00 DEBUG 37795 --- [learning-spring] [           main] o.s.jdbc.datasource.init.ScriptUtils     : 1 returned as update count for SQL: INSERT INTO GUEST (LAST_NAME, FIRST_NAME, EMAIL_ADDRESS, COUNTRY, ADDRESS, STATE, PHONE_NUMBER) VALUES('Riley', 'Patricia', 'prileyd@topsy.com', 'United States', '459 3rd Avenue', 'GA', '8-(662)260-9720')
2024-09-23T16:48:58.682-05:00 DEBUG 37795 --- [learning-spring] [           main] o.s.jdbc.datasource.init.ScriptUtils     : 1 returned as update count for SQL: INSERT INTO GUEST (LAST_NAME, FIRST_NAME, EMAIL_ADDRESS, COUNTRY, ADDRESS, STATE, PHONE_NUMBER) VALUES('Rivera', 'Cynthia', 'crivera1i@dagondesign.com', 'Central African Republic', '257 Raven Street', '', '2-(285)744-2177')
2024-09-23T16:48:58.682-05:00 DEBUG 37795 --- [learning-spring] [           main] o.s.jdbc.datasource.init.ScriptUtils     : 1 returned as update count for SQL: INSERT INTO GUEST (LAST_NAME, FIRST_NAME, EMAIL_ADDRESS, COUNTRY, ADDRESS, STATE, PHONE_NUMBER) VALUES('Rodriguez', 'Christine', 'crodriguez1l@amazonaws.com', 'Mauritius', '78026 Everett Center', '', '8-(868)081-1984')
2024-09-23T16:48:58.682-05:00 DEBUG 37795 --- [learning-spring] [           main] o.s.jdbc.datasource.init.ScriptUtils     : 1 returned as update count for SQL: INSERT INTO GUEST (LAST_NAME, FIRST_NAME, EMAIL_ADDRESS, COUNTRY, ADDRESS, STATE, PHONE_NUMBER) VALUES('Rodriguez', 'Kelly', 'krodriguez25@china.com.cn', 'Dominican Republic', '9 Beilfuss Plaza', '', '7-(441)055-8273')
2024-09-23T16:48:58.682-05:00 DEBUG 37795 --- [learning-spring] [           main] o.s.jdbc.datasource.init.ScriptUtils     : 1 returned as update count for SQL: INSERT INTO GUEST (LAST_NAME, FIRST_NAME, EMAIL_ADDRESS, COUNTRY, ADDRESS, STATE, PHONE_NUMBER) VALUES('Rogers', 'Frank', 'frogers1w@statcounter.com', 'United States', '37717 Rutledge Park', 'PA', '8-(685)173-5668')
2024-09-23T16:48:58.682-05:00 DEBUG 37795 --- [learning-spring] [           main] o.s.jdbc.datasource.init.ScriptUtils     : 1 returned as update count for SQL: INSERT INTO GUEST (LAST_NAME, FIRST_NAME, EMAIL_ADDRESS, COUNTRY, ADDRESS, STATE, PHONE_NUMBER) VALUES('Rogers', 'Janet', 'jrogers1o@ft.com', 'Argentina', '5 Muir Terrace', '', '5-(740)110-8659')
2024-09-23T16:48:58.683-05:00 DEBUG 37795 --- [learning-spring] [           main] o.s.jdbc.datasource.init.ScriptUtils     : 1 returned as update count for SQL: INSERT INTO GUEST (LAST_NAME, FIRST_NAME, EMAIL_ADDRESS, COUNTRY, ADDRESS, STATE, PHONE_NUMBER) VALUES('Rose', 'Sarah', 'srose1@japanpost.jp', 'United States', '3147 3rd Place', 'CA', '9-(625)374-4080')
2024-09-23T16:48:58.683-05:00 DEBUG 37795 --- [learning-spring] [           main] o.s.jdbc.datasource.init.ScriptUtils     : 1 returned as update count for SQL: INSERT INTO GUEST (LAST_NAME, FIRST_NAME, EMAIL_ADDRESS, COUNTRY, ADDRESS, STATE, PHONE_NUMBER) VALUES('Rose', 'Scott', 'srose2o@chron.com', 'United States', '7741 Dennis Crossing', 'IA', '2-(957)474-8286')
2024-09-23T16:48:58.683-05:00 DEBUG 37795 --- [learning-spring] [           main] o.s.jdbc.datasource.init.ScriptUtils     : 1 returned as update count for SQL: INSERT INTO GUEST (LAST_NAME, FIRST_NAME, EMAIL_ADDRESS, COUNTRY, ADDRESS, STATE, PHONE_NUMBER) VALUES('Ruiz', 'Paula', 'pruiz10@de.vu', 'United States', '0 Stone Corner Drive', 'CA', '5-(733)929-8978')
2024-09-23T16:48:58.683-05:00 DEBUG 37795 --- [learning-spring] [           main] o.s.jdbc.datasource.init.ScriptUtils     : 1 returned as update count for SQL: INSERT INTO GUEST (LAST_NAME, FIRST_NAME, EMAIL_ADDRESS, COUNTRY, ADDRESS, STATE, PHONE_NUMBER) VALUES('Russell', 'Jerry', 'jrussellh@mtv.com', 'Indonesia', '18 Redwing Center', '', '7-(835)874-3804')
2024-09-23T16:48:58.683-05:00 DEBUG 37795 --- [learning-spring] [           main] o.s.jdbc.datasource.init.ScriptUtils     : 1 returned as update count for SQL: INSERT INTO GUEST (LAST_NAME, FIRST_NAME, EMAIL_ADDRESS, COUNTRY, ADDRESS, STATE, PHONE_NUMBER) VALUES('Ryan', 'Patrick', 'pryanq@bing.com', 'Portugal', '2456 Randy Junction', '13', '7-(908)548-4462')
2024-09-23T16:48:58.683-05:00 DEBUG 37795 --- [learning-spring] [           main] o.s.jdbc.datasource.init.ScriptUtils     : 1 returned as update count for SQL: INSERT INTO GUEST (LAST_NAME, FIRST_NAME, EMAIL_ADDRESS, COUNTRY, ADDRESS, STATE, PHONE_NUMBER) VALUES('Sanchez', 'Shawn', 'ssanchezy@utexas.edu', 'Colombia', '3 Butternut Point', '', '6-(314)041-2239')
2024-09-23T16:48:58.684-05:00 DEBUG 37795 --- [learning-spring] [           main] o.s.jdbc.datasource.init.ScriptUtils     : 1 returned as update count for SQL: INSERT INTO GUEST (LAST_NAME, FIRST_NAME, EMAIL_ADDRESS, COUNTRY, ADDRESS, STATE, PHONE_NUMBER) VALUES('Sanders', 'Patricia', 'psandersb@squarespace.com', 'United States', '9349 Morning Center', 'MO', '1-(201)273-2884')
2024-09-23T16:48:58.684-05:00 DEBUG 37795 --- [learning-spring] [           main] o.s.jdbc.datasource.init.ScriptUtils     : 1 returned as update count for SQL: INSERT INTO GUEST (LAST_NAME, FIRST_NAME, EMAIL_ADDRESS, COUNTRY, ADDRESS, STATE, PHONE_NUMBER) VALUES('Sanders', 'Marie', 'msandersz@jiathis.com', 'Indonesia', '956 Texas Terrace', '', '6-(897)485-7971')
2024-09-23T16:48:58.684-05:00 DEBUG 37795 --- [learning-spring] [           main] o.s.jdbc.datasource.init.ScriptUtils     : 1 returned as update count for SQL: INSERT INTO GUEST (LAST_NAME, FIRST_NAME, EMAIL_ADDRESS, COUNTRY, ADDRESS, STATE, PHONE_NUMBER) VALUES('Sanders', 'Frances', 'fsanders2j@ow.ly', 'China', '048 Mifflin Plaza', '', '5-(360)904-8808')
2024-09-23T16:48:58.684-05:00 DEBUG 37795 --- [learning-spring] [           main] o.s.jdbc.datasource.init.ScriptUtils     : 1 returned as update count for SQL: INSERT INTO GUEST (LAST_NAME, FIRST_NAME, EMAIL_ADDRESS, COUNTRY, ADDRESS, STATE, PHONE_NUMBER) VALUES('Shaw', 'Carol', 'cshaw2e@marriott.com', 'United States', '650 Grover Alley', 'GA', '6-(867)939-2196')
2024-09-23T16:48:58.684-05:00 DEBUG 37795 --- [learning-spring] [           main] o.s.jdbc.datasource.init.ScriptUtils     : 1 returned as update count for SQL: INSERT INTO GUEST (LAST_NAME, FIRST_NAME, EMAIL_ADDRESS, COUNTRY, ADDRESS, STATE, PHONE_NUMBER) VALUES('Simmons', 'James', 'jsimmons22@mysql.com', 'United States', '79 Hansons Circle', 'VA', '4-(084)741-2810')
2024-09-23T16:48:58.684-05:00 DEBUG 37795 --- [learning-spring] [           main] o.s.jdbc.datasource.init.ScriptUtils     : 1 returned as update count for SQL: INSERT INTO GUEST (LAST_NAME, FIRST_NAME, EMAIL_ADDRESS, COUNTRY, ADDRESS, STATE, PHONE_NUMBER) VALUES('Snyder', 'Fred', 'fsnyder2n@samsung.com', 'United States', '5 8th Drive', 'CA', '4-(204)127-6115')
2024-09-23T16:48:58.684-05:00 DEBUG 37795 --- [learning-spring] [           main] o.s.jdbc.datasource.init.ScriptUtils     : 1 returned as update count for SQL: INSERT INTO GUEST (LAST_NAME, FIRST_NAME, EMAIL_ADDRESS, COUNTRY, ADDRESS, STATE, PHONE_NUMBER) VALUES('Snyder', 'Benjamin', 'bsnyderv@cafepress.com', 'Poland', '8 Steensland Point', '', '3-(961)447-1196')
2024-09-23T16:48:58.684-05:00 DEBUG 37795 --- [learning-spring] [           main] o.s.jdbc.datasource.init.ScriptUtils     : 1 returned as update count for SQL: INSERT INTO GUEST (LAST_NAME, FIRST_NAME, EMAIL_ADDRESS, COUNTRY, ADDRESS, STATE, PHONE_NUMBER) VALUES('Stephens', 'Joyce', 'jstephens20@zimbio.com', 'United States', '5 Toban Drive', 'MO', '9-(961)593-9442')
2024-09-23T16:48:58.684-05:00 DEBUG 37795 --- [learning-spring] [           main] o.s.jdbc.datasource.init.ScriptUtils     : 1 returned as update count for SQL: INSERT INTO GUEST (LAST_NAME, FIRST_NAME, EMAIL_ADDRESS, COUNTRY, ADDRESS, STATE, PHONE_NUMBER) VALUES('Stephens', 'Barbara', 'bstephens1f@yellowbook.com', 'Cuba', '27 Fulton Plaza', '', '5-(765)751-8667')
2024-09-23T16:48:58.685-05:00 DEBUG 37795 --- [learning-spring] [           main] o.s.jdbc.datasource.init.ScriptUtils     : 1 returned as update count for SQL: INSERT INTO GUEST (LAST_NAME, FIRST_NAME, EMAIL_ADDRESS, COUNTRY, ADDRESS, STATE, PHONE_NUMBER) VALUES('Stone', 'Kelly', 'kstonei@cdc.gov', 'United States', '26 Kropf Way', 'NY', '8-(139)634-6415')
2024-09-23T16:48:58.685-05:00 DEBUG 37795 --- [learning-spring] [           main] o.s.jdbc.datasource.init.ScriptUtils     : 1 returned as update count for SQL: INSERT INTO GUEST (LAST_NAME, FIRST_NAME, EMAIL_ADDRESS, COUNTRY, ADDRESS, STATE, PHONE_NUMBER) VALUES('Torres', 'Angela', 'atorres8@uol.com.br', 'United States', '63232 Columbus Place', 'MA', '1-(439)654-3373')
2024-09-23T16:48:58.685-05:00 DEBUG 37795 --- [learning-spring] [           main] o.s.jdbc.datasource.init.ScriptUtils     : 1 returned as update count for SQL: INSERT INTO GUEST (LAST_NAME, FIRST_NAME, EMAIL_ADDRESS, COUNTRY, ADDRESS, STATE, PHONE_NUMBER) VALUES('Tucker', 'Roy', 'rtuckerg@example.com', 'United States', '6707 Maple Parkway', 'OH', '3-(093)128-8690')
2024-09-23T16:48:58.696-05:00 DEBUG 37795 --- [learning-spring] [           main] o.s.jdbc.datasource.init.ScriptUtils     : 1 returned as update count for SQL: INSERT INTO GUEST (LAST_NAME, FIRST_NAME, EMAIL_ADDRESS, COUNTRY, ADDRESS, STATE, PHONE_NUMBER) VALUES('Tucker', 'Joseph', 'jtucker15@disqus.com', 'United States', '17922 Quincy Pass', 'CA', '0-(990)513-0451')
2024-09-23T16:48:58.696-05:00 DEBUG 37795 --- [learning-spring] [           main] o.s.jdbc.datasource.init.ScriptUtils     : 1 returned as update count for SQL: INSERT INTO GUEST (LAST_NAME, FIRST_NAME, EMAIL_ADDRESS, COUNTRY, ADDRESS, STATE, PHONE_NUMBER) VALUES('Tucker', 'Dorothy', 'dtucker14@ehow.com', 'France', '3593 Atwood Circle', 'B5', '9-(243)144-3879')
2024-09-23T16:48:58.696-05:00 DEBUG 37795 --- [learning-spring] [           main] o.s.jdbc.datasource.init.ScriptUtils     : 1 returned as update count for SQL: INSERT INTO GUEST (LAST_NAME, FIRST_NAME, EMAIL_ADDRESS, COUNTRY, ADDRESS, STATE, PHONE_NUMBER) VALUES('Turner', 'Rebecca', 'rturner27@google.co.uk', 'China', '89156 Atwood Junction', '', '4-(853)728-1963')
2024-09-23T16:48:58.696-05:00 DEBUG 37795 --- [learning-spring] [           main] o.s.jdbc.datasource.init.ScriptUtils     : 1 returned as update count for SQL: INSERT INTO GUEST (LAST_NAME, FIRST_NAME, EMAIL_ADDRESS, COUNTRY, ADDRESS, STATE, PHONE_NUMBER) VALUES('Wagner', 'Brian', 'bwagner13@quantcast.com', 'United States', '3833 Pierstorff Point', 'MD', '5-(595)231-2208')
2024-09-23T16:48:58.696-05:00 DEBUG 37795 --- [learning-spring] [           main] o.s.jdbc.datasource.init.ScriptUtils     : 1 returned as update count for SQL: INSERT INTO GUEST (LAST_NAME, FIRST_NAME, EMAIL_ADDRESS, COUNTRY, ADDRESS, STATE, PHONE_NUMBER) VALUES('Walker', 'Kenneth', 'kwalker29@aboutads.info', 'United States', '9 Superior Crossing', 'WA', '0-(953)489-2738')
2024-09-23T16:48:58.696-05:00 DEBUG 37795 --- [learning-spring] [           main] o.s.jdbc.datasource.init.ScriptUtils     : 1 returned as update count for SQL: INSERT INTO GUEST (LAST_NAME, FIRST_NAME, EMAIL_ADDRESS, COUNTRY, ADDRESS, STATE, PHONE_NUMBER) VALUES('Wallace', 'Debra', 'dwallacer@nps.gov', 'United States', '23 Ohio Terrace', 'CT', '0-(483)351-8933')
2024-09-23T16:48:58.697-05:00 DEBUG 37795 --- [learning-spring] [           main] o.s.jdbc.datasource.init.ScriptUtils     : 1 returned as update count for SQL: INSERT INTO GUEST (LAST_NAME, FIRST_NAME, EMAIL_ADDRESS, COUNTRY, ADDRESS, STATE, PHONE_NUMBER) VALUES('Ward', 'Raymond', 'rwardm@nationalgeographic.com', 'United States', '47656 Old Shore Street', 'NC', '3-(715)261-7860')
2024-09-23T16:48:58.697-05:00 DEBUG 37795 --- [learning-spring] [           main] o.s.jdbc.datasource.init.ScriptUtils     : 1 returned as update count for SQL: INSERT INTO GUEST (LAST_NAME, FIRST_NAME, EMAIL_ADDRESS, COUNTRY, ADDRESS, STATE, PHONE_NUMBER) VALUES('Warren', 'Henry', 'hwarren19@apache.org', 'Philippines', '12 Kennedy Plaza', '', '4-(180)111-6593')
2024-09-23T16:48:58.697-05:00 DEBUG 37795 --- [learning-spring] [           main] o.s.jdbc.datasource.init.ScriptUtils     : 1 returned as update count for SQL: INSERT INTO GUEST (LAST_NAME, FIRST_NAME, EMAIL_ADDRESS, COUNTRY, ADDRESS, STATE, PHONE_NUMBER) VALUES('Washington', 'Henry', 'hwashington2q@mail.ru', 'Indonesia', '80 Autumn Leaf Street', '', '6-(962)303-1876')
2024-09-23T16:48:58.697-05:00 DEBUG 37795 --- [learning-spring] [           main] o.s.jdbc.datasource.init.ScriptUtils     : 1 returned as update count for SQL: INSERT INTO GUEST (LAST_NAME, FIRST_NAME, EMAIL_ADDRESS, COUNTRY, ADDRESS, STATE, PHONE_NUMBER) VALUES('Watkins', 'Adam', 'awatkinst@timesonline.co.uk', 'Egypt', '4 Susan Street', '', '7-(977)440-3683')
2024-09-23T16:48:58.697-05:00 DEBUG 37795 --- [learning-spring] [           main] o.s.jdbc.datasource.init.ScriptUtils     : 1 returned as update count for SQL: INSERT INTO GUEST (LAST_NAME, FIRST_NAME, EMAIL_ADDRESS, COUNTRY, ADDRESS, STATE, PHONE_NUMBER) VALUES('Watkins', 'Nicholas', 'nwatkins1b@va.gov', 'China', '74962 Steensland Avenue', '', '1-(946)323-6647')
2024-09-23T16:48:58.697-05:00 DEBUG 37795 --- [learning-spring] [           main] o.s.jdbc.datasource.init.ScriptUtils     : 1 returned as update count for SQL: INSERT INTO GUEST (LAST_NAME, FIRST_NAME, EMAIL_ADDRESS, COUNTRY, ADDRESS, STATE, PHONE_NUMBER) VALUES('Watson', 'Timothy', 'twatson1k@shinystat.com', 'United States', '184 Lukken Hill', 'NE', '1-(046)935-7571')
2024-09-23T16:48:58.697-05:00 DEBUG 37795 --- [learning-spring] [           main] o.s.jdbc.datasource.init.ScriptUtils     : 1 returned as update count for SQL: INSERT INTO GUEST (LAST_NAME, FIRST_NAME, EMAIL_ADDRESS, COUNTRY, ADDRESS, STATE, PHONE_NUMBER) VALUES('Webb', 'Louis', 'lwebb2e@blogspot.com', 'Indonesia', '1958 Granby Avenue', '', '0-(713)613-4968')
2024-09-23T16:48:58.698-05:00 DEBUG 37795 --- [learning-spring] [           main] o.s.jdbc.datasource.init.ScriptUtils     : 1 returned as update count for SQL: INSERT INTO GUEST (LAST_NAME, FIRST_NAME, EMAIL_ADDRESS, COUNTRY, ADDRESS, STATE, PHONE_NUMBER) VALUES('Webb', 'Charles', 'cwebb2l@twitter.com', 'Latvia', '5012 Eggendart Pass', '', '2-(444)641-6850')
2024-09-23T16:48:58.698-05:00 DEBUG 37795 --- [learning-spring] [           main] o.s.jdbc.datasource.init.ScriptUtils     : 1 returned as update count for SQL: INSERT INTO GUEST (LAST_NAME, FIRST_NAME, EMAIL_ADDRESS, COUNTRY, ADDRESS, STATE, PHONE_NUMBER) VALUES('Welch', 'Tina', 'twelch1u@yahoo.co.jp', 'United States', '4 Bashford Terrace', 'MN', '1-(518)288-4237')
2024-09-23T16:48:58.698-05:00 DEBUG 37795 --- [learning-spring] [           main] o.s.jdbc.datasource.init.ScriptUtils     : 1 returned as update count for SQL: INSERT INTO GUEST (LAST_NAME, FIRST_NAME, EMAIL_ADDRESS, COUNTRY, ADDRESS, STATE, PHONE_NUMBER) VALUES('Welch', 'Rose', 'rwelchu@gnu.org', 'Serbia', '56176 Burning Wood Lane', '', '9-(271)628-1625')
2024-09-23T16:48:58.698-05:00 DEBUG 37795 --- [learning-spring] [           main] o.s.jdbc.datasource.init.ScriptUtils     : 1 returned as update count for SQL: INSERT INTO GUEST (LAST_NAME, FIRST_NAME, EMAIL_ADDRESS, COUNTRY, ADDRESS, STATE, PHONE_NUMBER) VALUES('Wheeler', 'Paula', 'pwheeler1s@mac.com', 'United States', '39639 Leroy Avenue', 'OH', '4-(874)769-0414')
2024-09-23T16:48:58.698-05:00 DEBUG 37795 --- [learning-spring] [           main] o.s.jdbc.datasource.init.ScriptUtils     : 1 returned as update count for SQL: INSERT INTO GUEST (LAST_NAME, FIRST_NAME, EMAIL_ADDRESS, COUNTRY, ADDRESS, STATE, PHONE_NUMBER) VALUES('Williams', 'Shawn', 'swilliamsc@joomla.org', 'United States', '60 Sugar Plaza', 'MI', '4-(867)695-7864')
2024-09-23T16:48:58.698-05:00 DEBUG 37795 --- [learning-spring] [           main] o.s.jdbc.datasource.init.ScriptUtils     : 1 returned as update count for SQL: INSERT INTO GUEST (LAST_NAME, FIRST_NAME, EMAIL_ADDRESS, COUNTRY, ADDRESS, STATE, PHONE_NUMBER) VALUES('Williams', 'Harold', 'hwilliamsm@dion.ne.jp', 'Russia', '6728 Colorado Street', '', '5-(250)547-3562')
2024-09-23T16:48:58.699-05:00 DEBUG 37795 --- [learning-spring] [           main] o.s.jdbc.datasource.init.ScriptUtils     : 1 returned as update count for SQL: INSERT INTO GUEST (LAST_NAME, FIRST_NAME, EMAIL_ADDRESS, COUNTRY, ADDRESS, STATE, PHONE_NUMBER) VALUES('Willis', 'Paul', 'pwillis12@e-recht24.de', 'United States', '0177 Everett Junction', 'DC', '7-(560)524-0255')
2024-09-23T16:48:58.699-05:00 DEBUG 37795 --- [learning-spring] [           main] o.s.jdbc.datasource.init.ScriptUtils     : 1 returned as update count for SQL: INSERT INTO GUEST (LAST_NAME, FIRST_NAME, EMAIL_ADDRESS, COUNTRY, ADDRESS, STATE, PHONE_NUMBER) VALUES('Wood', 'Jose', 'jwoodn@mtv.com', 'United States', '59447 Ludington Parkway', 'NY', '3-(322)044-6672')
2024-09-23T16:48:58.699-05:00 DEBUG 37795 --- [learning-spring] [           main] o.s.jdbc.datasource.init.ScriptUtils     : 1 returned as update count for SQL: INSERT INTO GUEST (LAST_NAME, FIRST_NAME, EMAIL_ADDRESS, COUNTRY, ADDRESS, STATE, PHONE_NUMBER) VALUES('Wood', 'Janet', 'jwood1k@goodreads.com', 'Ireland', '445 Harper Parkway', '', '0-(943)656-4847')
2024-09-23T16:48:58.699-05:00 DEBUG 37795 --- [learning-spring] [           main] o.s.jdbc.datasource.init.ScriptUtils     : 1 returned as update count for SQL: INSERT INTO GUEST (LAST_NAME, FIRST_NAME, EMAIL_ADDRESS, COUNTRY, ADDRESS, STATE, PHONE_NUMBER) VALUES('Wright', 'Victor', 'vwright7@baidu.com', 'Ukraine', '542 Mandrake Center', '', '0-(279)357-3386')
2024-09-23T16:48:58.699-05:00 DEBUG 37795 --- [learning-spring] [           main] o.s.jdbc.datasource.init.ScriptUtils     : 1 returned as update count for SQL: INSERT INTO GUEST (LAST_NAME, FIRST_NAME, EMAIL_ADDRESS, COUNTRY, ADDRESS, STATE, PHONE_NUMBER) VALUES('Wright', 'Kimberly', 'kwrightf@tinyurl.com', 'Brazil', '9893 Summit Plaza', '', '3-(288)433-6668')
2024-09-23T16:48:58.699-05:00 DEBUG 37795 --- [learning-spring] [           main] o.s.jdbc.datasource.init.ScriptUtils     : 1 returned as update count for SQL: INSERT INTO GUEST (LAST_NAME, FIRST_NAME, EMAIL_ADDRESS, COUNTRY, ADDRESS, STATE, PHONE_NUMBER) VALUES('Wright', 'Joan', 'jwright1q@phoca.cz', 'Moldova', '55 Dawn Parkway', '', '7-(830)749-3794')
2024-09-23T16:48:58.699-05:00 DEBUG 37795 --- [learning-spring] [           main] o.s.jdbc.datasource.init.ScriptUtils     : 1 returned as update count for SQL: INSERT INTO GUEST (LAST_NAME, FIRST_NAME, EMAIL_ADDRESS, COUNTRY, ADDRESS, STATE, PHONE_NUMBER) VALUES('Young', 'Judith', 'jyoung11@goodreads.com', 'United States', '2 Sachtjen Parkway', 'WV', '9-(659)879-6466')
2024-09-23T16:48:58.701-05:00 DEBUG 37795 --- [learning-spring] [           main] o.s.jdbc.datasource.init.ScriptUtils     : 1 returned as update count for SQL: INSERT INTO RESERVATION (ROOM_ID, GUEST_ID, RES_DATE) VALUES ((SELECT ROOM_ID FROM ROOM WHERE ROOM_NUMBER = 'C2'), (SELECT GUEST_ID FROM GUEST WHERE LAST_NAME = 'Young'), '2022-01-01')
2024-09-23T16:48:58.701-05:00 DEBUG 37795 --- [learning-spring] [           main] o.s.jdbc.datasource.init.ScriptUtils     : Executed SQL script from file [/Users/nnahra/code/learning-spring/target/classes/data.sql] in 64 ms.
2024-09-23T16:48:58.740-05:00  INFO 37795 --- [learning-spring] [           main] o.hibernate.jpa.internal.util.LogHelper  : HHH000204: Processing PersistenceUnitInfo [name: default]
2024-09-23T16:48:58.763-05:00  INFO 37795 --- [learning-spring] [           main] org.hibernate.Version                    : HHH000412: Hibernate ORM core version 6.5.3.Final
2024-09-23T16:48:58.776-05:00  INFO 37795 --- [learning-spring] [           main] o.h.c.internal.RegionFactoryInitiator    : HHH000026: Second-level cache disabled
2024-09-23T16:48:58.910-05:00  INFO 37795 --- [learning-spring] [           main] o.s.o.j.p.SpringPersistenceUnitInfo      : No LoadTimeWeaver setup: ignoring JPA class transformer
2024-09-23T16:48:59.284-05:00  INFO 37795 --- [learning-spring] [           main] o.h.e.t.j.p.i.JtaPlatformInitiator       : HHH000489: No JTA platform available (set 'hibernate.transaction.jta.platform' to enable JTA platform integration)
2024-09-23T16:48:59.285-05:00  INFO 37795 --- [learning-spring] [           main] j.LocalContainerEntityManagerFactoryBean : Initialized JPA EntityManagerFactory for persistence unit 'default'
2024-09-23T16:48:59.353-05:00  WARN 37795 --- [learning-spring] [           main] JpaBaseConfiguration$JpaWebConfiguration : spring.jpa.open-in-view is enabled by default. Therefore, database queries may be performed during view rendering. Explicitly configure spring.jpa.open-in-view to disable this warning
2024-09-23T16:48:59.366-05:00  INFO 37795 --- [learning-spring] [           main] o.s.b.a.w.s.WelcomePageHandlerMapping    : Adding welcome page: class path resource [static/index.html]
2024-09-23T16:48:59.613-05:00  INFO 37795 --- [learning-spring] [           main] c.n.l.l.LearningSpringApplicationTests   : Started LearningSpringApplicationTests in 1.631 seconds (process running for 2.089)
]]></system-out>
    <system-err><![CDATA[WARNING: A Java agent has been loaded dynamically (/Users/nnahra/.m2/repository/net/bytebuddy/byte-buddy-agent/1.14.19/byte-buddy-agent-1.14.19.jar)
WARNING: If a serviceability tool is in use, please run with -XX:+EnableDynamicAgentLoading to hide this warning
WARNING: If a serviceability tool is not in use, please run with -Djdk.instrument.traceUsage for more information
WARNING: Dynamic loading of agents will be disallowed by default in a future release
]]></system-err>
  </testcase>
</testsuite>